make: Entering directory `/home/travis/build/acplt/rte/build/acplt.build/base/ov/source/libml'
gcc -m64 -Wall -O2 -DML_SYSTEM_UNIX -DDBG_TO_STDERR=0 -fPIC  -I. -c ml_malloc.c
gcc -m64 -Wall -O2 -DML_SYSTEM_UNIX -DDBG_TO_STDERR=0 -fPIC  -I. -c ml_free.c
gcc -m64 -Wall -O2 -DML_SYSTEM_UNIX -DDBG_TO_STDERR=0 -fPIC  -I. -c ml_realloc.c
ar crv libml.a ml_malloc.o ml_free.o ml_realloc.o
a - ml_malloc.o
a - ml_free.o
a - ml_realloc.o
ranlib libml.a
make: Leaving directory `/home/travis/build/acplt/rte/build/acplt.build/base/ov/source/libml'
make: Entering directory `/home/travis/build/acplt/rte/build/acplt.build/base/plt/build/linux'
g++ -I. -I../../include  -fno-implicit-templates -DPLT_SYSTEM_LINUX=1 -O2 -Wall -DNDEBUG -c -o alloc.o ../../src/alloc.cpp
g++ -I. -I../../include  -fno-implicit-templates -DPLT_SYSTEM_LINUX=1 -O2 -Wall -DNDEBUG -c -o array.o ../../src/array.cpp
g++ -I. -I../../include  -fno-implicit-templates -DPLT_SYSTEM_LINUX=1 -O2 -Wall -DNDEBUG -c -o container.o ../../src/container.cpp
g++ -I. -I../../include  -fno-implicit-templates -DPLT_SYSTEM_LINUX=1 -O2 -Wall -DNDEBUG -c -o debug.o ../../src/debug.cpp
g++ -I. -I../../include  -fno-implicit-templates -DPLT_SYSTEM_LINUX=1 -O2 -Wall -DNDEBUG -c -o handle.o ../../src/handle.cpp
g++ -I. -I../../include  -fno-implicit-templates -DPLT_SYSTEM_LINUX=1 -O2 -Wall -DNDEBUG -c -o hashtable.o ../../src/hashtable.cpp
g++ -I. -I../../include  -fno-implicit-templates -DPLT_SYSTEM_LINUX=1 -O2 -Wall -DNDEBUG -c -o list.o ../../src/list.cpp
g++ -I. -I../../include  -fno-implicit-templates -DPLT_SYSTEM_LINUX=1 -O2 -Wall -DNDEBUG -c -o log.o ../../src/log.cpp
../../src/log.cpp: In member function ‘void PltSyslog::log(int, const char*)’:
../../src/log.cpp:224:25: warning: format not a string literal and no format arguments [-Wformat-security]
g++ -I. -I../../include  -fno-implicit-templates -DPLT_SYSTEM_LINUX=1 -O2 -Wall -DNDEBUG -c -o logstream.o ../../src/logstream.cpp
g++ -I. -I../../include  -fno-implicit-templates -DPLT_SYSTEM_LINUX=1 -O2 -Wall -DNDEBUG -c -o priorityqueue.o ../../src/priorityqueue.cpp
g++ -I. -I../../include  -fno-implicit-templates -DPLT_SYSTEM_LINUX=1 -O2 -Wall -DNDEBUG -c -o rtti.o ../../src/rtti.cpp
g++ -I. -I../../include  -fno-implicit-templates -DPLT_SYSTEM_LINUX=1 -O2 -Wall -DNDEBUG -c -o string.o ../../src/string.cpp
g++ -I. -I../../include  -fno-implicit-templates -DPLT_SYSTEM_LINUX=1 -O2 -Wall -DNDEBUG -c -o time.o ../../src/time.cpp
ar r libplt.a alloc.o array.o container.o debug.o handle.o hashtable.o list.o log.o logstream.o priorityqueue.o rtti.o string.o time.o
ar: creating libplt.a
ranlib libplt.a
strip --strip-debug libplt.a
make: Leaving directory `/home/travis/build/acplt/rte/build/acplt.build/base/plt/build/linux'
make: Entering directory `/home/travis/build/acplt/rte/build/acplt.build/base/ks/build/linux'
g++ -I . -I../../include -I../../../plt/include -fno-implicit-templates -DPLT_SYSTEM_LINUX=1 -O2 -Wall -DNDEBUG -DPLT_USE_BUFFERED_STREAMS=1 -c -o array.o ../../src/array.cpp
g++ -I . -I../../include -I../../../plt/include -fno-implicit-templates -DPLT_SYSTEM_LINUX=1 -O2 -Wall -DNDEBUG -DPLT_USE_BUFFERED_STREAMS=1 -c -o conversions.o ../../src/conversions.cpp
g++ -I . -I../../include -I../../../plt/include -fno-implicit-templates -DPLT_SYSTEM_LINUX=1 -O2 -Wall -DNDEBUG -DPLT_USE_BUFFERED_STREAMS=1 -c -o path.o ../../src/path.cpp
g++ -I . -I../../include -I../../../plt/include -fno-implicit-templates -DPLT_SYSTEM_LINUX=1 -O2 -Wall -DNDEBUG -DPLT_USE_BUFFERED_STREAMS=1 -c -o props.o ../../src/props.cpp
g++ -I . -I../../include -I../../../plt/include -fno-implicit-templates -DPLT_SYSTEM_LINUX=1 -O2 -Wall -DNDEBUG -DPLT_USE_BUFFERED_STREAMS=1 -c -o propsv1.o ../../src/propsv1.cpp
g++ -I . -I../../include -I../../../plt/include -fno-implicit-templates -DPLT_SYSTEM_LINUX=1 -O2 -Wall -DNDEBUG -DPLT_USE_BUFFERED_STREAMS=1 -c -o register.o ../../src/register.cpp
g++ -I . -I../../include -I../../../plt/include -fno-implicit-templates -DPLT_SYSTEM_LINUX=1 -O2 -Wall -DNDEBUG -DPLT_USE_BUFFERED_STREAMS=1 -c -o result.o ../../src/result.cpp
g++ -I . -I../../include -I../../../plt/include -fno-implicit-templates -DPLT_SYSTEM_LINUX=1 -O2 -Wall -DNDEBUG -DPLT_USE_BUFFERED_STREAMS=1 -c -o rpc.o ../../src/rpc.cpp
g++ -I . -I../../include -I../../../plt/include -fno-implicit-templates -DPLT_SYSTEM_LINUX=1 -O2 -Wall -DNDEBUG -DPLT_USE_BUFFERED_STREAMS=1 -c -o histparams.o ../../src/histparams.cpp
g++ -I . -I../../include -I../../../plt/include -fno-implicit-templates -DPLT_SYSTEM_LINUX=1 -O2 -Wall -DNDEBUG -DPLT_USE_BUFFERED_STREAMS=1 -c -o objmgrparams.o ../../src/objmgrparams.cpp
g++ -I . -I../../include -I../../../plt/include -fno-implicit-templates -DPLT_SYSTEM_LINUX=1 -O2 -Wall -DNDEBUG -DPLT_USE_BUFFERED_STREAMS=1 -c -o serviceparams.o ../../src/serviceparams.cpp
g++ -I . -I../../include -I../../../plt/include -fno-implicit-templates -DPLT_SYSTEM_LINUX=1 -O2 -Wall -DNDEBUG -DPLT_USE_BUFFERED_STREAMS=1 -c -o string.o ../../src/string.cpp
g++ -I . -I../../include -I../../../plt/include -fno-implicit-templates -DPLT_SYSTEM_LINUX=1 -O2 -Wall -DNDEBUG -DPLT_USE_BUFFERED_STREAMS=1 -c -o selector.o ../../src/selector.cpp
g++ -I . -I../../include -I../../../plt/include -fno-implicit-templates -DPLT_SYSTEM_LINUX=1 -O2 -Wall -DNDEBUG -DPLT_USE_BUFFERED_STREAMS=1 -c -o time.o ../../src/time.cpp
g++ -I . -I../../include -I../../../plt/include -fno-implicit-templates -DPLT_SYSTEM_LINUX=1 -O2 -Wall -DNDEBUG -DPLT_USE_BUFFERED_STREAMS=1 -c -o value.o ../../src/value.cpp
g++ -I . -I../../include -I../../../plt/include -fno-implicit-templates -DPLT_SYSTEM_LINUX=1 -O2 -Wall -DNDEBUG -DPLT_USE_BUFFERED_STREAMS=1 -c -o xdr.o ../../src/xdr.cpp
g++ -I . -I../../include -I../../../plt/include -fno-implicit-templates -DPLT_SYSTEM_LINUX=1 -O2 -Wall -DNDEBUG -DPLT_USE_BUFFERED_STREAMS=1 -c -o templates.o ../../src/templates.cpp
g++ -I . -I../../include -I../../../plt/include -fno-implicit-templates -DPLT_SYSTEM_LINUX=1 -O2 -Wall -DNDEBUG -DPLT_USE_BUFFERED_STREAMS=1 -c -o mask.o ../../src/mask.cpp
g++ -I . -I../../include -I../../../plt/include -fno-implicit-templates -DPLT_SYSTEM_LINUX=1 -O2 -Wall -DNDEBUG -DPLT_USE_BUFFERED_STREAMS=1 -c -o event.o ../../src/event.cpp
ar r libks.a array.o conversions.o path.o props.o propsv1.o register.o result.o rpc.o histparams.o objmgrparams.o serviceparams.o string.o selector.o time.o value.o xdr.o templates.o mask.o event.o
ar: creating libks.a
strip --strip-debug libks.a
g++ -I . -I../../include -I../../../plt/include -fno-implicit-templates -DPLT_SYSTEM_LINUX=1 -O2 -Wall -DNDEBUG -DPLT_USE_BUFFERED_STREAMS=1 -c -o avticket.o ../../src/avticket.cpp
g++ -I . -I../../include -I../../../plt/include -fno-implicit-templates -DPLT_SYSTEM_LINUX=1 -O2 -Wall -DNDEBUG -DPLT_USE_BUFFERED_STREAMS=1 -c -o inaddrset.o ../../src/inaddrset.cpp
g++ -I . -I../../include -I../../../plt/include -fno-implicit-templates -DPLT_SYSTEM_LINUX=1 -O2 -Wall -DNDEBUG -DPLT_USE_BUFFERED_STREAMS=1 -c -o hostinaddrset.o ../../src/hostinaddrset.cpp
g++ -I . -I../../include -I../../../plt/include -fno-implicit-templates -DPLT_SYSTEM_LINUX=1 -O2 -Wall -DNDEBUG -DPLT_USE_BUFFERED_STREAMS=1 -c -o manager.o ../../src/manager.cpp
g++ -I . -I../../include -I../../../plt/include -fno-implicit-templates -DPLT_SYSTEM_LINUX=1 -O2 -Wall -DNDEBUG -DPLT_USE_BUFFERED_STREAMS=1 -c -o server.o ../../src/server.cpp
../../include/ks/server.h:98:14: warning: ‘Checking_PLT_USE_BUFFERED_STREAMS_Option’ defined but not used [-Wunused-variable]
g++ -I . -I../../include -I../../../plt/include -fno-implicit-templates -DPLT_SYSTEM_LINUX=1 -O2 -Wall -DNDEBUG -DPLT_USE_BUFFERED_STREAMS=1 -c -o simpleserver.o ../../src/simpleserver.cpp
g++ -I . -I../../include -I../../../plt/include -fno-implicit-templates -DPLT_SYSTEM_LINUX=1 -O2 -Wall -DNDEBUG -DPLT_USE_BUFFERED_STREAMS=1 -c -o svrbase.o ../../src/svrbase.cpp
g++ -I . -I../../include -I../../../plt/include -fno-implicit-templates -DPLT_SYSTEM_LINUX=1 -O2 -Wall -DNDEBUG -DPLT_USE_BUFFERED_STREAMS=1 -c -o svrobjects.o ../../src/svrobjects.cpp
g++ -I . -I../../include -I../../../plt/include -fno-implicit-templates -DPLT_SYSTEM_LINUX=1 -O2 -Wall -DNDEBUG -DPLT_USE_BUFFERED_STREAMS=1 -c -o svrrpcctx.o ../../src/svrrpcctx.cpp
g++ -I . -I../../include -I../../../plt/include -fno-implicit-templates -DPLT_SYSTEM_LINUX=1 -O2 -Wall -DNDEBUG -DPLT_USE_BUFFERED_STREAMS=1 -c -o svrsimpleobjects.o ../../src/svrsimpleobjects.cpp
g++ -I . -I../../include -I../../../plt/include -fno-implicit-templates -DPLT_SYSTEM_LINUX=1 -O2 -Wall -DNDEBUG -DPLT_USE_BUFFERED_STREAMS=1 -c -o svrtransport.o ../../src/svrtransport.cpp
g++ -I . -I../../include -I../../../plt/include -fno-implicit-templates -DPLT_SYSTEM_LINUX=1 -O2 -Wall -DNDEBUG -DPLT_USE_BUFFERED_STREAMS=1 -c -o xdrmemstream.o ../../src/xdrmemstream.cpp
g++ -I . -I../../include -I../../../plt/include -fno-implicit-templates -DPLT_SYSTEM_LINUX=1 -O2 -Wall -DNDEBUG -DPLT_USE_BUFFERED_STREAMS=1 -c -o rpcproto.o ../../src/rpcproto.cpp
g++ -I . -I../../include -I../../../plt/include -fno-implicit-templates -DPLT_SYSTEM_LINUX=1 -O2 -Wall -DNDEBUG -DPLT_USE_BUFFERED_STREAMS=1 -c -o connectionmgr.o ../../src/connectionmgr.cpp
g++ -I . -I../../include -I../../../plt/include -fno-implicit-templates -DPLT_SYSTEM_LINUX=1 -O2 -Wall -DNDEBUG -DPLT_USE_BUFFERED_STREAMS=1 -c -o connection.o ../../src/connection.cpp
g++ -I . -I../../include -I../../../plt/include -fno-implicit-templates -DPLT_SYSTEM_LINUX=1 -O2 -Wall -DNDEBUG -DPLT_USE_BUFFERED_STREAMS=1 -c -o xdrudpcon.o ../../src/xdrudpcon.cpp
g++ -I . -I../../include -I../../../plt/include -fno-implicit-templates -DPLT_SYSTEM_LINUX=1 -O2 -Wall -DNDEBUG -DPLT_USE_BUFFERED_STREAMS=1 -c -o xdrtcpcon.o ../../src/xdrtcpcon.cpp
g++ -I . -I../../include -I../../../plt/include -fno-implicit-templates -DPLT_SYSTEM_LINUX=1 -O2 -Wall -DNDEBUG -DPLT_USE_BUFFERED_STREAMS=1 -c -o interserver.o ../../src/interserver.cpp
g++ -I . -I../../include -I../../../plt/include -fno-implicit-templates -DPLT_SYSTEM_LINUX=1 -O2 -Wall -DNDEBUG -DPLT_USE_BUFFERED_STREAMS=1 -c -o histdomain.o ../../src/histdomain.cpp
ar r libkssvr.a avticket.o inaddrset.o hostinaddrset.o manager.o server.o simpleserver.o svrbase.o svrobjects.o svrrpcctx.o svrsimpleobjects.o svrtransport.o xdrmemstream.o rpcproto.o connectionmgr.o connection.o xdrudpcon.o xdrtcpcon.o interserver.o histdomain.o
ar: creating libkssvr.a
strip --strip-debug libkssvr.a
g++ -I . -I../../include -I../../../plt/include -fno-implicit-templates -DPLT_SYSTEM_LINUX=1 -O2 -Wall -DNDEBUG -DPLT_USE_BUFFERED_STREAMS=1 -c -o avmodule.o ../../src/avmodule.cpp
g++ -I . -I../../include -I../../../plt/include -fno-implicit-templates -DPLT_SYSTEM_LINUX=1 -O2 -Wall -DNDEBUG -DPLT_USE_BUFFERED_STREAMS=1 -c -o avsimplemodule.o ../../src/avsimplemodule.cpp
g++ -I . -I../../include -I../../../plt/include -fno-implicit-templates -DPLT_SYSTEM_LINUX=1 -O2 -Wall -DNDEBUG -DPLT_USE_BUFFERED_STREAMS=1 -c -o client.o ../../src/client.cpp
g++ -I . -I../../include -I../../../plt/include -fno-implicit-templates -DPLT_SYSTEM_LINUX=1 -O2 -Wall -DNDEBUG -DPLT_USE_BUFFERED_STREAMS=1 -c -o clntpath.o ../../src/clntpath.cpp
g++ -I . -I../../include -I../../../plt/include -fno-implicit-templates -DPLT_SYSTEM_LINUX=1 -O2 -Wall -DNDEBUG -DPLT_USE_BUFFERED_STREAMS=1 -c -o commobject.o ../../src/commobject.cpp
g++ -I . -I../../include -I../../../plt/include -fno-implicit-templates -DPLT_SYSTEM_LINUX=1 -O2 -Wall -DNDEBUG -DPLT_USE_BUFFERED_STREAMS=1 -c -o hostent.o ../../src/hostent.cpp
g++ -I . -I../../include -I../../../plt/include -fno-implicit-templates -DPLT_SYSTEM_LINUX=1 -O2 -Wall -DNDEBUG -DPLT_USE_BUFFERED_STREAMS=1 -c -o history.o ../../src/history.cpp
g++ -I . -I../../include -I../../../plt/include -fno-implicit-templates -DPLT_SYSTEM_LINUX=1 -O2 -Wall -DNDEBUG -DPLT_USE_BUFFERED_STREAMS=1 -c -o package.o ../../src/package.cpp
g++ -I . -I../../include -I../../../plt/include -fno-implicit-templates -DPLT_SYSTEM_LINUX=1 -O2 -Wall -DNDEBUG -DPLT_USE_BUFFERED_STREAMS=1 -c -o sorter.o ../../src/sorter.cpp
g++ -I . -I../../include -I../../../plt/include -fno-implicit-templates -DPLT_SYSTEM_LINUX=1 -O2 -Wall -DNDEBUG -DPLT_USE_BUFFERED_STREAMS=1 -c -o variables.o ../../src/variables.cpp
ar r libkscln.a avmodule.o avsimplemodule.o client.o clntpath.o commobject.o hostent.o history.o package.o sorter.o variables.o
ar: creating libkscln.a
strip --strip-debug libkscln.a
g++ -I . -I../../include -I../../../plt/include -fno-implicit-templates -DPLT_SYSTEM_LINUX=1 -O2 -Wall -DNDEBUG -DPLT_USE_BUFFERED_STREAMS=1 -c -o tmanager.o ../../examples/tmanager.cpp
g++ -I . -I../../include -I../../../plt/include -fno-implicit-templates -DPLT_SYSTEM_LINUX=1 -O2 -Wall -DNDEBUG -DPLT_USE_BUFFERED_STREAMS=1 -c -o tmanager1.o ../../examples/tmanager1.cpp
MAKE=make perl ../../../plt/build/templ.pl g++  -o tmanager.exe tmanager.o tmanager1.o libkssvr.a libks.a ../../../plt/build/linux/libplt.a  -lstdc++
Template linker (c) 1997, 2000 ACPLT
Starting run 1...
g++ -o tmanager.exe tmanager.o tmanager1.o libkssvr.a libks.a ../../../plt/build/linux/libplt.a -lstdc++

Finished: All templates seem to be instantiated.
strip --strip-debug tmanager.exe
make: Leaving directory `/home/travis/build/acplt/rte/build/acplt.build/base/ks/build/linux'
make: Entering directory `/home/travis/build/acplt/rte/build/acplt.build/base/fbs_dienste/build/linux'
bison -t -d -ofb_parser.c ../../source/fb_parser.y
../../source/fb_parser.y: conflicts: 6 shift/reduce, 2 reduce/reduce
gcc -m64 -Wall -DOV_DEBUG -O2 -DPLT_SYSTEM_LINUX=1 -DOV_SYSTEM_LINUX=1 -DNDEBUG -DPLT_USE_BUFFERED_STREAMS=1 -DFD_SETSIZE=128 -I../../include/ -I../../../../fbs_dienste/source/include/ -I../../../../base/ov/include/ -I../../../../base/plt/include/ -I../../../../base/ks/include/ -I. -c fb_parser.c -o fb_parser.o
flex -ofb_scanner.c ../../source/fb_scanner.lex
gcc -m64 -Wall -DOV_DEBUG -O2 -DPLT_SYSTEM_LINUX=1 -DOV_SYSTEM_LINUX=1 -DNDEBUG -DPLT_USE_BUFFERED_STREAMS=1 -DFD_SETSIZE=128 -I../../include/ -I../../../../fbs_dienste/source/include/ -I../../../../base/ov/include/ -I../../../../base/plt/include/ -I../../../../base/ks/include/ -I. -c fb_scanner.c -o fb_scanner.o
fb_scanner.c:1593:17: warning: ‘yyunput’ defined but not used [-Wunused-function]
fb_scanner.c:1634:16: warning: ‘input’ defined but not used [-Wunused-function]
g++ -m64 -DNDEBUG -Wall -O2 -fno-implicit-templates -DPLT_SYSTEM_LINUX=1 -DOV_SYSTEM_LINUX=1 -DNDEBUG -DPLT_USE_BUFFERED_STREAMS=1 -DFD_SETSIZE=128 -I../../include/ -I../../../../fbs_dienste/source/include/ -I../../../../base/ov/include/ -I../../../../base/plt/include/ -I../../../../base/ks/include/ -I. -c -o ifb_getserver.o ../../source/ifb_getserver.cpp
g++ -m64 -DNDEBUG -Wall -O2 -fno-implicit-templates -DPLT_SYSTEM_LINUX=1 -DOV_SYSTEM_LINUX=1 -DNDEBUG -DPLT_USE_BUFFERED_STREAMS=1 -DFD_SETSIZE=128 -I../../include/ -I../../../../fbs_dienste/source/include/ -I../../../../base/ov/include/ -I../../../../base/plt/include/ -I../../../../base/ks/include/ -I. -c -o ifb_logerror.o ../../source/ifb_logerror.cpp
g++ -m64 -DNDEBUG -Wall -O2 -fno-implicit-templates -DPLT_SYSTEM_LINUX=1 -DOV_SYSTEM_LINUX=1 -DNDEBUG -DPLT_USE_BUFFERED_STREAMS=1 -DFD_SETSIZE=128 -I../../include/ -I../../../../fbs_dienste/source/include/ -I../../../../base/ov/include/ -I../../../../base/plt/include/ -I../../../../base/ks/include/ -I. -c -o ifb_varprops.o ../../source/ifb_varprops.cpp
../../source/ifb_varprops.cpp: In function ‘char* ifb_getValueLength(const KsVarCurrProps*)’:
../../source/ifb_varprops.cpp:92:34: warning: format ‘%d’ expects argument of type ‘int’, but argument 3 has type ‘size_t {aka long unsigned int}’ [-Wformat]
../../source/ifb_varprops.cpp: In function ‘char* ifb_getOvValueType(KS_VAR_TYPE)’:
../../source/ifb_varprops.cpp:166:40: warning: deprecated conversion from string constant to ‘char*’ [-Wwrite-strings]
../../source/ifb_varprops.cpp:169:40: warning: deprecated conversion from string constant to ‘char*’ [-Wwrite-strings]
../../source/ifb_varprops.cpp:172:40: warning: deprecated conversion from string constant to ‘char*’ [-Wwrite-strings]
../../source/ifb_varprops.cpp:175:40: warning: deprecated conversion from string constant to ‘char*’ [-Wwrite-strings]
../../source/ifb_varprops.cpp:178:40: warning: deprecated conversion from string constant to ‘char*’ [-Wwrite-strings]
../../source/ifb_varprops.cpp:181:40: warning: deprecated conversion from string constant to ‘char*’ [-Wwrite-strings]
../../source/ifb_varprops.cpp:184:40: warning: deprecated conversion from string constant to ‘char*’ [-Wwrite-strings]
../../source/ifb_varprops.cpp:187:40: warning: deprecated conversion from string constant to ‘char*’ [-Wwrite-strings]
../../source/ifb_varprops.cpp:189:40: warning: deprecated conversion from string constant to ‘char*’ [-Wwrite-strings]
../../source/ifb_varprops.cpp:191:40: warning: deprecated conversion from string constant to ‘char*’ [-Wwrite-strings]
../../source/ifb_varprops.cpp: In function ‘char* ifb_getPortValueType(KS_VAR_TYPE)’:
../../source/ifb_varprops.cpp:206:40: warning: deprecated conversion from string constant to ‘char*’ [-Wwrite-strings]
../../source/ifb_varprops.cpp:208:40: warning: deprecated conversion from string constant to ‘char*’ [-Wwrite-strings]
../../source/ifb_varprops.cpp:210:40: warning: deprecated conversion from string constant to ‘char*’ [-Wwrite-strings]
../../source/ifb_varprops.cpp:212:40: warning: deprecated conversion from string constant to ‘char*’ [-Wwrite-strings]
../../source/ifb_varprops.cpp:214:40: warning: deprecated conversion from string constant to ‘char*’ [-Wwrite-strings]
../../source/ifb_varprops.cpp:216:40: warning: deprecated conversion from string constant to ‘char*’ [-Wwrite-strings]
../../source/ifb_varprops.cpp:218:40: warning: deprecated conversion from string constant to ‘char*’ [-Wwrite-strings]
../../source/ifb_varprops.cpp:220:40: warning: deprecated conversion from string constant to ‘char*’ [-Wwrite-strings]
../../source/ifb_varprops.cpp:222:40: warning: deprecated conversion from string constant to ‘char*’ [-Wwrite-strings]
../../source/ifb_varprops.cpp:224:40: warning: deprecated conversion from string constant to ‘char*’ [-Wwrite-strings]
../../source/ifb_varprops.cpp:226:40: warning: deprecated conversion from string constant to ‘char*’ [-Wwrite-strings]
../../source/ifb_varprops.cpp:228:40: warning: deprecated conversion from string constant to ‘char*’ [-Wwrite-strings]
../../source/ifb_varprops.cpp:230:40: warning: deprecated conversion from string constant to ‘char*’ [-Wwrite-strings]
../../source/ifb_varprops.cpp:232:40: warning: deprecated conversion from string constant to ‘char*’ [-Wwrite-strings]
../../source/ifb_varprops.cpp:234:40: warning: deprecated conversion from string constant to ‘char*’ [-Wwrite-strings]
../../source/ifb_varprops.cpp:236:40: warning: deprecated conversion from string constant to ‘char*’ [-Wwrite-strings]
../../source/ifb_varprops.cpp:238:40: warning: deprecated conversion from string constant to ‘char*’ [-Wwrite-strings]
../../source/ifb_varprops.cpp:240:40: warning: deprecated conversion from string constant to ‘char*’ [-Wwrite-strings]
../../source/ifb_varprops.cpp:242:40: warning: deprecated conversion from string constant to ‘char*’ [-Wwrite-strings]
../../source/ifb_varprops.cpp: In function ‘char* ifb_getPortCharacteristic(KS_SEMANTIC_FLAGS)’:
../../source/ifb_varprops.cpp:256:13: warning: deprecated conversion from string constant to ‘char*’ [-Wwrite-strings]
../../source/ifb_varprops.cpp:259:10: warning: deprecated conversion from string constant to ‘char*’ [-Wwrite-strings]
g++ -m64 -DNDEBUG -Wall -O2 -fno-implicit-templates -DPLT_SYSTEM_LINUX=1 -DOV_SYSTEM_LINUX=1 -DNDEBUG -DPLT_USE_BUFFERED_STREAMS=1 -DFD_SETSIZE=128 -I../../include/ -I../../../../fbs_dienste/source/include/ -I../../../../base/ov/include/ -I../../../../base/plt/include/ -I../../../../base/ks/include/ -I. -c -o ifb_readblockparam.o ../../source/ifb_readblockparam.cpp
g++ -m64 -DNDEBUG -Wall -O2 -fno-implicit-templates -DPLT_SYSTEM_LINUX=1 -DOV_SYSTEM_LINUX=1 -DNDEBUG -DPLT_USE_BUFFERED_STREAMS=1 -DFD_SETSIZE=128 -I../../include/ -I../../../../fbs_dienste/source/include/ -I../../../../base/ov/include/ -I../../../../base/plt/include/ -I../../../../base/ks/include/ -I. -c -o ifb_getcondata.o ../../source/ifb_getcondata.cpp
g++ -m64 -DNDEBUG -Wall -O2 -fno-implicit-templates -DPLT_SYSTEM_LINUX=1 -DOV_SYSTEM_LINUX=1 -DNDEBUG -DPLT_USE_BUFFERED_STREAMS=1 -DFD_SETSIZE=128 -I../../include/ -I../../../../fbs_dienste/source/include/ -I../../../../base/ov/include/ -I../../../../base/plt/include/ -I../../../../base/ks/include/ -I. -c -o ifb_getportdata.o ../../source/ifb_getportdata.cpp
../../source/ifb_getportdata.cpp: In function ‘void GetPortProps(KsEngPropsHandle&, const KsVarCurrProps*, ObjProps&, long unsigned int)’:
../../source/ifb_getportdata.cpp:200:21: warning: deprecated conversion from string constant to ‘char*’ [-Wwrite-strings]
g++ -m64 -DNDEBUG -Wall -O2 -fno-implicit-templates -DPLT_SYSTEM_LINUX=1 -DOV_SYSTEM_LINUX=1 -DNDEBUG -DPLT_USE_BUFFERED_STREAMS=1 -DFD_SETSIZE=128 -I../../include/ -I../../../../fbs_dienste/source/include/ -I../../../../base/ov/include/ -I../../../../base/plt/include/ -I../../../../base/ks/include/ -I. -c -o ifb_createcomcon.o ../../source/ifb_createcomcon.cpp
g++ -m64 -DNDEBUG -Wall -O2 -fno-implicit-templates -DPLT_SYSTEM_LINUX=1 -DOV_SYSTEM_LINUX=1 -DNDEBUG -DPLT_USE_BUFFERED_STREAMS=1 -DFD_SETSIZE=128 -I../../include/ -I../../../../fbs_dienste/source/include/ -I../../../../base/ov/include/ -I../../../../base/plt/include/ -I../../../../base/ks/include/ -I. -c -o ifb_setpar.o ../../source/ifb_setpar.cpp
g++ -m64 -DNDEBUG -Wall -O2 -fno-implicit-templates -DPLT_SYSTEM_LINUX=1 -DOV_SYSTEM_LINUX=1 -DNDEBUG -DPLT_USE_BUFFERED_STREAMS=1 -DFD_SETSIZE=128 -I../../include/ -I../../../../fbs_dienste/source/include/ -I../../../../base/ov/include/ -I../../../../base/plt/include/ -I../../../../base/ks/include/ -I. -c -o ifb_av.o ../../source/ifb_av.cpp
g++ -m64 -DNDEBUG -Wall -O2 -fno-implicit-templates -DPLT_SYSTEM_LINUX=1 -DOV_SYSTEM_LINUX=1 -DNDEBUG -DPLT_USE_BUFFERED_STREAMS=1 -DFD_SETSIZE=128 -I../../include/ -I../../../../fbs_dienste/source/include/ -I../../../../base/ov/include/ -I../../../../base/plt/include/ -I../../../../base/ks/include/ -I. -c -o ifb_delobj.o ../../source/ifb_delobj.cpp
g++ -m64 -DNDEBUG -Wall -O2 -fno-implicit-templates -DPLT_SYSTEM_LINUX=1 -DOV_SYSTEM_LINUX=1 -DNDEBUG -DPLT_USE_BUFFERED_STREAMS=1 -DFD_SETSIZE=128 -I../../include/ -I../../../../fbs_dienste/source/include/ -I../../../../base/ov/include/ -I../../../../base/plt/include/ -I../../../../base/ks/include/ -I. -c -o ifb_crobj.o ../../source/ifb_crobj.cpp
g++ -m64 -DNDEBUG -Wall -O2 -fno-implicit-templates -DPLT_SYSTEM_LINUX=1 -DOV_SYSTEM_LINUX=1 -DNDEBUG -DPLT_USE_BUFFERED_STREAMS=1 -DFD_SETSIZE=128 -I../../include/ -I../../../../fbs_dienste/source/include/ -I../../../../base/ov/include/ -I../../../../base/plt/include/ -I../../../../base/ks/include/ -I. -c -o ifb_tasklink.o ../../source/ifb_tasklink.cpp
g++ -m64 -DNDEBUG -Wall -O2 -fno-implicit-templates -DPLT_SYSTEM_LINUX=1 -DOV_SYSTEM_LINUX=1 -DNDEBUG -DPLT_USE_BUFFERED_STREAMS=1 -DFD_SETSIZE=128 -I../../include/ -I../../../../fbs_dienste/source/include/ -I../../../../base/ov/include/ -I../../../../base/plt/include/ -I../../../../base/ks/include/ -I. -c -o ifb_rename.o ../../source/ifb_rename.cpp
g++ -m64 -DNDEBUG -Wall -O2 -fno-implicit-templates -DPLT_SYSTEM_LINUX=1 -DOV_SYSTEM_LINUX=1 -DNDEBUG -DPLT_USE_BUFFERED_STREAMS=1 -DFD_SETSIZE=128 -I../../include/ -I../../../../fbs_dienste/source/include/ -I../../../../base/ov/include/ -I../../../../base/plt/include/ -I../../../../base/ks/include/ -I. -c -o ifb_delfulltu.o ../../source/ifb_delfulltu.cpp
g++ -m64 -DNDEBUG -Wall -O2 -fno-implicit-templates -DPLT_SYSTEM_LINUX=1 -DOV_SYSTEM_LINUX=1 -DNDEBUG -DPLT_USE_BUFFERED_STREAMS=1 -DFD_SETSIZE=128 -I../../include/ -I../../../../fbs_dienste/source/include/ -I../../../../base/ov/include/ -I../../../../base/plt/include/ -I../../../../base/ks/include/ -I. -c -o ifb_dbsaveinstream.o ../../source/ifb_dbsaveinstream.cpp
../../source/ifb_dbsaveinstream.cpp: In function ‘void ifb_writeLinkItem(KscServerBase*, KsString&, int, FbAssoParam&, PltString&)’:
../../source/ifb_dbsaveinstream.cpp:73:21: warning: deprecated conversion from string constant to ‘char*’ [-Wwrite-strings]
../../source/ifb_dbsaveinstream.cpp: In function ‘float get_serverVersion(KscServerBase*)’:
../../source/ifb_dbsaveinstream.cpp:320:24: warning: deprecated conversion from string constant to ‘char*’ [-Wwrite-strings]
../../source/ifb_dbsaveinstream.cpp: In function ‘KS_RESULT get_variable(KscServerBase*, KsGetEPParams&, PltString&)’:
../../source/ifb_dbsaveinstream.cpp:536:33: warning: deprecated conversion from string constant to ‘char*’ [-Wwrite-strings]
g++ -m64 -DNDEBUG -Wall -O2 -fno-implicit-templates -DPLT_SYSTEM_LINUX=1 -DOV_SYSTEM_LINUX=1 -DNDEBUG -DPLT_USE_BUFFERED_STREAMS=1 -DFD_SETSIZE=128 -I../../include/ -I../../../../fbs_dienste/source/include/ -I../../../../base/ov/include/ -I../../../../base/plt/include/ -I../../../../base/ks/include/ -I. -c -o ifb_memfre.o ../../source/ifb_memfre.cpp
g++ -m64 -DNDEBUG -Wall -O2 -fno-implicit-templates -DPLT_SYSTEM_LINUX=1 -DOV_SYSTEM_LINUX=1 -DNDEBUG -DPLT_USE_BUFFERED_STREAMS=1 -DFD_SETSIZE=128 -I../../include/ -I../../../../fbs_dienste/source/include/ -I../../../../base/ov/include/ -I../../../../base/plt/include/ -I../../../../base/ks/include/ -I. -c -o ifb_importproject.o ../../source/ifb_importproject.cpp
../../source/ifb_importproject.cpp: In function ‘KS_RESULT LoadDupl(KscServerBase*, PltString&)’:
../../source/ifb_importproject.cpp:357:60: warning: format ‘%d’ expects argument of type ‘int’, but argument 4 has type ‘size_t {aka long unsigned int}’ [-Wformat]
g++ -m64 -DNDEBUG -Wall -O2 -fno-implicit-templates -DPLT_SYSTEM_LINUX=1 -DOV_SYSTEM_LINUX=1 -DNDEBUG -DPLT_USE_BUFFERED_STREAMS=1 -DFD_SETSIZE=128 -I../../include/ -I../../../../fbs_dienste/source/include/ -I../../../../base/ov/include/ -I../../../../base/plt/include/ -I../../../../base/ks/include/ -I. -c -o ifb_aufraeumen.o ../../source/ifb_aufraeumen.cpp
g++ -m64 -DNDEBUG -Wall -O2 -fno-implicit-templates -DPLT_SYSTEM_LINUX=1 -DOV_SYSTEM_LINUX=1 -DNDEBUG -DPLT_USE_BUFFERED_STREAMS=1 -DFD_SETSIZE=128 -I../../include/ -I../../../../fbs_dienste/source/include/ -I../../../../base/ov/include/ -I../../../../base/plt/include/ -I../../../../base/ks/include/ -I. -c -o ifb_importeval.o ../../source/ifb_importeval.cpp
../../source/ifb_importeval.cpp: In function ‘int test_ConnectionExists(KscServerBase*, ConData&, PltString&)’:
../../source/ifb_importeval.cpp:411:17: warning: deprecated conversion from string constant to ‘char*’ [-Wwrite-strings]
../../source/ifb_importeval.cpp: In function ‘void checkParentDomainsInDB(KscServerBase*, PltList<PltString>&, Dienst_param*, PltString&)’:
../../source/ifb_importeval.cpp:1141:24: warning: deprecated conversion from string constant to ‘char*’ [-Wwrite-strings]
../../source/ifb_importeval.cpp:1151:40: warning: format not a string literal and no format arguments [-Wformat-security]
g++ -m64 -DNDEBUG -Wall -O2 -fno-implicit-templates -DPLT_SYSTEM_LINUX=1 -DOV_SYSTEM_LINUX=1 -DNDEBUG -DPLT_USE_BUFFERED_STREAMS=1 -DFD_SETSIZE=128 -I../../include/ -I../../../../fbs_dienste/source/include/ -I../../../../base/ov/include/ -I../../../../base/plt/include/ -I../../../../base/ks/include/ -I. -c -o ifb_compproject.o ../../source/ifb_compproject.cpp
g++ -m64 -DNDEBUG -Wall -O2 -fno-implicit-templates -DPLT_SYSTEM_LINUX=1 -DOV_SYSTEM_LINUX=1 -DNDEBUG -DPLT_USE_BUFFERED_STREAMS=1 -DFD_SETSIZE=128 -I../../include/ -I../../../../fbs_dienste/source/include/ -I../../../../base/ov/include/ -I../../../../base/plt/include/ -I../../../../base/ks/include/ -I. -c -o ifb_compeval.o ../../source/ifb_compeval.cpp
../../source/ifb_compeval.cpp: In function ‘int value_compare(Variables*, Variables*)’:
../../source/ifb_compeval.cpp:853:21: warning: case value ‘16’ not in enumerated type ‘DataType’ [-Wswitch]
../../source/ifb_compeval.cpp:848:21: warning: case value ‘17’ not in enumerated type ‘DataType’ [-Wswitch]
../../source/ifb_compeval.cpp:858:21: warning: case value ‘32’ not in enumerated type ‘DataType’ [-Wswitch]
../../source/ifb_compeval.cpp:860:21: warning: case value ‘33’ not in enumerated type ‘DataType’ [-Wswitch]
../../source/ifb_compeval.cpp:867:21: warning: case value ‘48’ not in enumerated type ‘DataType’ [-Wswitch]
../../source/ifb_compeval.cpp:865:21: warning: case value ‘49’ not in enumerated type ‘DataType’ [-Wswitch]
../../source/ifb_compeval.cpp:859:21: warning: case value ‘50’ not in enumerated type ‘DataType’ [-Wswitch]
g++ -m64 -DNDEBUG -Wall -O2 -fno-implicit-templates -DPLT_SYSTEM_LINUX=1 -DOV_SYSTEM_LINUX=1 -DNDEBUG -DPLT_USE_BUFFERED_STREAMS=1 -DFD_SETSIZE=128 -I../../include/ -I../../../../fbs_dienste/source/include/ -I../../../../base/ov/include/ -I../../../../base/plt/include/ -I../../../../base/ks/include/ -I. -c -o ifb_updateproject.o ../../source/ifb_updateproject.cpp
g++ -m64 -DNDEBUG -Wall -O2 -fno-implicit-templates -DPLT_SYSTEM_LINUX=1 -DOV_SYSTEM_LINUX=1 -DNDEBUG -DPLT_USE_BUFFERED_STREAMS=1 -DFD_SETSIZE=128 -I../../include/ -I../../../../fbs_dienste/source/include/ -I../../../../base/ov/include/ -I../../../../base/plt/include/ -I../../../../base/ks/include/ -I. -c -o ifb_updateeval.o ../../source/ifb_updateeval.cpp
g++ -m64 -DNDEBUG -Wall -O2 -fno-implicit-templates -DPLT_SYSTEM_LINUX=1 -DOV_SYSTEM_LINUX=1 -DNDEBUG -DPLT_USE_BUFFERED_STREAMS=1 -DFD_SETSIZE=128 -I../../include/ -I../../../../fbs_dienste/source/include/ -I../../../../base/ov/include/ -I../../../../base/plt/include/ -I../../../../base/ks/include/ -I. -c -o ifb_dir.o ../../source/ifb_dir.cpp
g++ -m64 -DNDEBUG -Wall -O2 -fno-implicit-templates -DPLT_SYSTEM_LINUX=1 -DOV_SYSTEM_LINUX=1 -DNDEBUG -DPLT_USE_BUFFERED_STREAMS=1 -DFD_SETSIZE=128 -I../../include/ -I../../../../fbs_dienste/source/include/ -I../../../../base/ov/include/ -I../../../../base/plt/include/ -I../../../../base/ks/include/ -I. -c -o ifb_selectsave.o ../../source/ifb_selectsave.cpp
g++ -m64 -DNDEBUG -Wall -O2 -fno-implicit-templates -DPLT_SYSTEM_LINUX=1 -DOV_SYSTEM_LINUX=1 -DNDEBUG -DPLT_USE_BUFFERED_STREAMS=1 -DFD_SETSIZE=128 -I../../include/ -I../../../../fbs_dienste/source/include/ -I../../../../base/ov/include/ -I../../../../base/plt/include/ -I../../../../base/ks/include/ -I. -c -o ifb_dupl.o ../../source/ifb_dupl.cpp
g++ -m64 -DNDEBUG -Wall -O2 -fno-implicit-templates -DPLT_SYSTEM_LINUX=1 -DOV_SYSTEM_LINUX=1 -DNDEBUG -DPLT_USE_BUFFERED_STREAMS=1 -DFD_SETSIZE=128 -I../../include/ -I../../../../fbs_dienste/source/include/ -I../../../../base/ov/include/ -I../../../../base/plt/include/ -I../../../../base/ks/include/ -I. -c -o ifb_cleandb.o ../../source/ifb_cleandb.cpp
../../source/ifb_cleandb.cpp: In function ‘KS_RESULT clean_all_inst(KscServerBase*, PltString*)’:
../../source/ifb_cleandb.cpp:169:25: warning: variable ‘lastErr’ set but not used [-Wunused-but-set-variable]
g++ -m64 -DNDEBUG -Wall -O2 -fno-implicit-templates -DPLT_SYSTEM_LINUX=1 -DOV_SYSTEM_LINUX=1 -DNDEBUG -DPLT_USE_BUFFERED_STREAMS=1 -DFD_SETSIZE=128 -I../../include/ -I../../../../fbs_dienste/source/include/ -I../../../../base/ov/include/ -I../../../../base/plt/include/ -I../../../../base/ks/include/ -I. -c -o ifb_fileup.o ../../source/ifb_fileup.cpp
../../source/ifb_fileup.cpp: In function ‘void getUpErrText(PltString&, PltString&)’:
../../source/ifb_fileup.cpp:184:45: warning: deprecated conversion from string constant to ‘char*’ [-Wwrite-strings]
gcc -m64 -Wall -DOV_DEBUG -O2 -DPLT_SYSTEM_LINUX=1 -DOV_SYSTEM_LINUX=1 -DNDEBUG -DPLT_USE_BUFFERED_STREAMS=1 -DFD_SETSIZE=128 -I../../include/ -I../../../../fbs_dienste/source/include/ -I../../../../base/ov/include/ -I../../../../base/plt/include/ -I../../../../base/ks/include/ -I. -c ../../source/lts_cfnc.c -o lts_cfnc.o
ar rv ifbslib.a fb_parser.o fb_scanner.o ifb_getserver.o ifb_logerror.o ifb_varprops.o ifb_readblockparam.o ifb_getcondata.o ifb_getportdata.o ifb_createcomcon.o ifb_setpar.o ifb_av.o ifb_delobj.o ifb_crobj.o ifb_tasklink.o ifb_rename.o ifb_delfulltu.o ifb_dbsaveinstream.o ifb_memfre.o ifb_importproject.o ifb_aufraeumen.o ifb_importeval.o ifb_compproject.o ifb_compeval.o ifb_updateproject.o ifb_updateeval.o ifb_dir.o ifb_selectsave.o ifb_dupl.o ifb_cleandb.o ifb_fileup.o lts_cfnc.o
ar: creating ifbslib.a
a - fb_parser.o
a - fb_scanner.o
a - ifb_getserver.o
a - ifb_logerror.o
a - ifb_varprops.o
a - ifb_readblockparam.o
a - ifb_getcondata.o
a - ifb_getportdata.o
a - ifb_createcomcon.o
a - ifb_setpar.o
a - ifb_av.o
a - ifb_delobj.o
a - ifb_crobj.o
a - ifb_tasklink.o
a - ifb_rename.o
a - ifb_delfulltu.o
a - ifb_dbsaveinstream.o
a - ifb_memfre.o
a - ifb_importproject.o
a - ifb_aufraeumen.o
a - ifb_importeval.o
a - ifb_compproject.o
a - ifb_compeval.o
a - ifb_updateproject.o
a - ifb_updateeval.o
a - ifb_dir.o
a - ifb_selectsave.o
a - ifb_dupl.o
a - ifb_cleandb.o
a - ifb_fileup.o
a - lts_cfnc.o
ranlib ifbslib.a
strip --strip-debug ifbslib.a
g++ -m64 -DNDEBUG -Wall -O2 -fno-implicit-templates -DPLT_SYSTEM_LINUX=1 -DOV_SYSTEM_LINUX=1 -DNDEBUG -DPLT_USE_BUFFERED_STREAMS=1 -DFD_SETSIZE=128 -I../../include/ -I../../../../fbs_dienste/source/include/ -I../../../../base/ov/include/ -I../../../../base/plt/include/ -I../../../../base/ks/include/ -I. -c -o fb_dbcommands.o ../../source/dbcommands.cpp
../../source/dbcommands.cpp: In function ‘int main(int, char**)’:
../../source/dbcommands.cpp:272:34: warning: deprecated conversion from string constant to ‘char*’ [-Wwrite-strings]
g++ -m64 -DNDEBUG -Wall -O2 -fno-implicit-templates -DPLT_SYSTEM_LINUX=1 -DOV_SYSTEM_LINUX=1 -DNDEBUG -DPLT_USE_BUFFERED_STREAMS=1 -DFD_SETSIZE=128 -I../../include/ -I../../../../fbs_dienste/source/include/ -I../../../../base/ov/include/ -I../../../../base/plt/include/ -I../../../../base/ks/include/ -I. -c -o templ_for_exec.o ../../source/templ_for_exec.cpp
MAKE=make perl ../templ.pl g++ -o fb_dbcommands fb_dbcommands.o templ_for_exec.o ifbslib.a ../../../../base/ks/build/linux/libkscln.a ../../../../base/ks/build/linux/libks.a ../../../../base/plt/build/linux/libplt.a -lstdc++ 
Template linker (c) 1997 ACPLT
Starting run 1...
g++ -o fb_dbcommands fb_dbcommands.o templ_for_exec.o ifbslib.a ../../../../base/ks/build/linux/libkscln.a ../../../../base/ks/build/linux/libks.a ../../../../base/plt/build/linux/libplt.a -lstdc++

Finished: All templates seem to be instantiated.
strip --strip-debug fb_dbcommands
g++ -m64 -DNDEBUG -Wall -O2 -fno-implicit-templates -DPLT_SYSTEM_LINUX=1 -DOV_SYSTEM_LINUX=1 -DNDEBUG -DPLT_USE_BUFFERED_STREAMS=1 -DFD_SETSIZE=128 -I../../include/ -I../../../../fbs_dienste/source/include/ -I../../../../base/ov/include/ -I../../../../base/plt/include/ -I../../../../base/ks/include/ -I. -c -o fb_init.o ../../source/fb_init.cpp
../../source/fb_init.cpp: In function ‘int main(int, char**)’:
../../source/fb_init.cpp:20:22: warning: deprecated conversion from string constant to ‘char*’ [-Wwrite-strings]
MAKE=make perl ../templ.pl g++ -o fb_init fb_init.o templ_for_exec.o ifbslib.a ../../../../base/ks/build/linux/libkscln.a ../../../../base/ks/build/linux/libks.a ../../../../base/plt/build/linux/libplt.a -lstdc++ 
Template linker (c) 1997 ACPLT
Starting run 1...
g++ -o fb_init fb_init.o templ_for_exec.o ifbslib.a ../../../../base/ks/build/linux/libkscln.a ../../../../base/ks/build/linux/libks.a ../../../../base/plt/build/linux/libplt.a -lstdc++

Finished: All templates seem to be instantiated.
strip --strip-debug fb_init
make: Leaving directory `/home/travis/build/acplt/rte/build/acplt.build/base/fbs_dienste/build/linux'
make: Entering directory `/home/travis/build/acplt/rte/build/acplt.build/base/ov/build/linux'
bison -t -d -oov_ovmparser.c ../../source/codegen/ov_ovmparser.y
gcc -m64 -g -Wall -Winit-self -Wno-attributes -std=c99 -fno-strict-aliasing -fPIC -O0 -fvisibility=hidden   -DPLT_SYSTEM_LINUX=1 -DPLT_USE_BUFFERED_STREAMS=1 -DPLT_SERVER_TRUNC_ONLY=1 -DNDEBUG -DOV_DEBUG  -DOV_SYSTEM_LINUX=1    -I../../../plt/include/ -I../../../ks/include/ -I../../include/ -I../../model/ -I../../source/codegen/ -I../../source/builder/ -I../../source/example/ -I../../source/kshist/ -I../../source/dynov/ -I../../source/tasklib/ -I../../source/dbparse/ -I../../source/dbdump/ -I../../include/libml/ -I../../include/runtimeserver/ -I. -c ov_ovmparser.c -o ov_ovmparser.o
flex -oov_ovmscanner.c ../../source/codegen/ov_ovmscanner.lex
gcc -m64 -g -Wall -Winit-self -Wno-attributes -std=c99 -fno-strict-aliasing -fPIC -O0 -fvisibility=hidden   -DPLT_SYSTEM_LINUX=1 -DPLT_USE_BUFFERED_STREAMS=1 -DPLT_SERVER_TRUNC_ONLY=1 -DNDEBUG -DOV_DEBUG  -DOV_SYSTEM_LINUX=1    -I../../../plt/include/ -I../../../ks/include/ -I../../include/ -I../../model/ -I../../source/codegen/ -I../../source/builder/ -I../../source/example/ -I../../source/kshist/ -I../../source/dynov/ -I../../source/tasklib/ -I../../source/dbparse/ -I../../source/dbdump/ -I../../include/libml/ -I../../include/runtimeserver/ -I. -c ov_ovmscanner.c -o ov_ovmscanner.o
ov_ovmscanner.c: In function ‘yy_init_buffer’:
ov_ovmscanner.c:2391:9: warning: implicit declaration of function ‘fileno’ [-Wimplicit-function-declaration]
../../source/codegen/ov_ovmscanner.lex: At top level:
ov_ovmscanner.c:2143:17: warning: ‘yyunput’ defined but not used [-Wunused-function]
ov_ovmscanner.c:2184:16: warning: ‘input’ defined but not used [-Wunused-function]
gcc -m64 -g -Wall -Winit-self -Wno-attributes -std=c99 -fno-strict-aliasing -fPIC -O0 -fvisibility=hidden   -DPLT_SYSTEM_LINUX=1 -DPLT_USE_BUFFERED_STREAMS=1 -DPLT_SERVER_TRUNC_ONLY=1 -DNDEBUG -DOV_DEBUG  -DOV_SYSTEM_LINUX=1    -I../../../plt/include/ -I../../../ks/include/ -I../../include/ -I../../model/ -I../../source/codegen/ -I../../source/builder/ -I../../source/example/ -I../../source/kshist/ -I../../source/dynov/ -I../../source/tasklib/ -I../../source/dbparse/ -I../../source/dbdump/ -I../../include/libml/ -I../../include/runtimeserver/ -I. -c ../../source/codegen/ov_codegen.c -o ov_codegen.o
gcc -m64  -o ov_codegen ov_ovmparser.o ov_ovmscanner.o ov_codegen.o  -ldl
strip --strip-debug ov_codegen
./ov_codegen -I ../../model/ -f ../../model/ov.ovm -l ov
gcc -m64 -g -Wall -Winit-self -Wno-attributes -std=c99 -fno-strict-aliasing -fPIC -O0 -fvisibility=hidden   -DPLT_SYSTEM_LINUX=1 -DPLT_USE_BUFFERED_STREAMS=1 -DPLT_SERVER_TRUNC_ONLY=1 -DNDEBUG -DOV_DEBUG  -DOV_SYSTEM_LINUX=1    -I../../../plt/include/ -I../../../ks/include/ -I../../include/ -I../../model/ -I../../source/codegen/ -I../../source/builder/ -I../../source/example/ -I../../source/kshist/ -I../../source/dynov/ -I../../source/tasklib/ -I../../source/dbparse/ -I../../source/dbdump/ -I../../include/libml/ -I../../include/runtimeserver/ -I. -c ov.c -o ov.o
gcc -m64 -g -Wall -Winit-self -Wno-attributes -std=c99 -fno-strict-aliasing -fPIC -O0 -fvisibility=hidden   -DPLT_SYSTEM_LINUX=1 -DPLT_USE_BUFFERED_STREAMS=1 -DPLT_SERVER_TRUNC_ONLY=1 -DNDEBUG -DOV_DEBUG  -DOV_SYSTEM_LINUX=1    -I../../../plt/include/ -I../../../ks/include/ -I../../include/ -I../../model/ -I../../source/codegen/ -I../../source/builder/ -I../../source/example/ -I../../source/kshist/ -I../../source/dynov/ -I../../source/tasklib/ -I../../source/dbparse/ -I../../source/dbdump/ -I../../include/libml/ -I../../include/runtimeserver/ -I. -c ../../source/libov/ov_association.c -o ov_association.o
gcc -m64 -g -Wall -Winit-self -Wno-attributes -std=c99 -fno-strict-aliasing -fPIC -O0 -fvisibility=hidden   -DPLT_SYSTEM_LINUX=1 -DPLT_USE_BUFFERED_STREAMS=1 -DPLT_SERVER_TRUNC_ONLY=1 -DNDEBUG -DOV_DEBUG  -DOV_SYSTEM_LINUX=1    -I../../../plt/include/ -I../../../ks/include/ -I../../include/ -I../../model/ -I../../source/codegen/ -I../../source/builder/ -I../../source/example/ -I../../source/kshist/ -I../../source/dynov/ -I../../source/tasklib/ -I../../source/dbparse/ -I../../source/dbdump/ -I../../include/libml/ -I../../include/runtimeserver/ -I. -c ../../source/libov/ov_childrelationship.c -o ov_childrelationship.o
gcc -m64 -g -Wall -Winit-self -Wno-attributes -std=c99 -fno-strict-aliasing -fPIC -O0 -fvisibility=hidden   -DPLT_SYSTEM_LINUX=1 -DPLT_USE_BUFFERED_STREAMS=1 -DPLT_SERVER_TRUNC_ONLY=1 -DNDEBUG -DOV_DEBUG  -DOV_SYSTEM_LINUX=1    -I../../../plt/include/ -I../../../ks/include/ -I../../include/ -I../../model/ -I../../source/codegen/ -I../../source/builder/ -I../../source/example/ -I../../source/kshist/ -I../../source/dynov/ -I../../source/tasklib/ -I../../source/dbparse/ -I../../source/dbdump/ -I../../include/libml/ -I../../include/runtimeserver/ -I. -c ../../source/libov/ov_class.c -o ov_class.o
../../source/libov/ov_class.c: In function ‘ov_class_search’:
../../source/libov/ov_class.c:76:2: warning: implicit declaration of function ‘strdup’ [-Wimplicit-function-declaration]
../../source/libov/ov_class.c:76:8: warning: assignment makes pointer from integer without a cast [enabled by default]
gcc -m64 -g -Wall -Winit-self -Wno-attributes -std=c99 -fno-strict-aliasing -fPIC -O0 -fvisibility=hidden   -DPLT_SYSTEM_LINUX=1 -DPLT_USE_BUFFERED_STREAMS=1 -DPLT_SERVER_TRUNC_ONLY=1 -DNDEBUG -DOV_DEBUG  -DOV_SYSTEM_LINUX=1    -I../../../plt/include/ -I../../../ks/include/ -I../../include/ -I../../model/ -I../../source/codegen/ -I../../source/builder/ -I../../source/example/ -I../../source/kshist/ -I../../source/dynov/ -I../../source/tasklib/ -I../../source/dbparse/ -I../../source/dbdump/ -I../../include/libml/ -I../../include/runtimeserver/ -I. -c ../../source/libov/ov_construction.c -o ov_construction.o
gcc -m64 -g -Wall -Winit-self -Wno-attributes -std=c99 -fno-strict-aliasing -fPIC -O0 -fvisibility=hidden   -DPLT_SYSTEM_LINUX=1 -DPLT_USE_BUFFERED_STREAMS=1 -DPLT_SERVER_TRUNC_ONLY=1 -DNDEBUG -DOV_DEBUG  -DOV_SYSTEM_LINUX=1    -I../../../plt/include/ -I../../../ks/include/ -I../../include/ -I../../model/ -I../../source/codegen/ -I../../source/builder/ -I../../source/example/ -I../../source/kshist/ -I../../source/dynov/ -I../../source/tasklib/ -I../../source/dbparse/ -I../../source/dbdump/ -I../../include/libml/ -I../../include/runtimeserver/ -I. -c ../../source/libov/ov_containment.c -o ov_containment.o
gcc -m64 -g -Wall -Winit-self -Wno-attributes -std=c99 -fno-strict-aliasing -fPIC -O0 -fvisibility=hidden   -DPLT_SYSTEM_LINUX=1 -DPLT_USE_BUFFERED_STREAMS=1 -DPLT_SERVER_TRUNC_ONLY=1 -DNDEBUG -DOV_DEBUG  -DOV_SYSTEM_LINUX=1    -I../../../plt/include/ -I../../../ks/include/ -I../../include/ -I../../model/ -I../../source/codegen/ -I../../source/builder/ -I../../source/example/ -I../../source/kshist/ -I../../source/dynov/ -I../../source/tasklib/ -I../../source/dbparse/ -I../../source/dbdump/ -I../../include/libml/ -I../../include/runtimeserver/ -I. -c ../../source/libov/ov_database.c -o ov_database.o
gcc -m64 -g -Wall -Winit-self -Wno-attributes -std=c99 -fno-strict-aliasing -fPIC -O0 -fvisibility=hidden   -DPLT_SYSTEM_LINUX=1 -DPLT_USE_BUFFERED_STREAMS=1 -DPLT_SERVER_TRUNC_ONLY=1 -DNDEBUG -DOV_DEBUG  -DOV_SYSTEM_LINUX=1    -I../../../plt/include/ -I../../../ks/include/ -I../../include/ -I../../model/ -I../../source/codegen/ -I../../source/builder/ -I../../source/example/ -I../../source/kshist/ -I../../source/dynov/ -I../../source/tasklib/ -I../../source/dbparse/ -I../../source/dbdump/ -I../../include/libml/ -I../../include/runtimeserver/ -I. -c ../../source/libov/ov_debug.c -o ov_debug.o
gcc -m64 -g -Wall -Winit-self -Wno-attributes -std=c99 -fno-strict-aliasing -fPIC -O0 -fvisibility=hidden   -DPLT_SYSTEM_LINUX=1 -DPLT_USE_BUFFERED_STREAMS=1 -DPLT_SERVER_TRUNC_ONLY=1 -DNDEBUG -DOV_DEBUG  -DOV_SYSTEM_LINUX=1    -I../../../plt/include/ -I../../../ks/include/ -I../../include/ -I../../model/ -I../../source/codegen/ -I../../source/builder/ -I../../source/example/ -I../../source/kshist/ -I../../source/dynov/ -I../../source/tasklib/ -I../../source/dbparse/ -I../../source/dbdump/ -I../../include/libml/ -I../../include/runtimeserver/ -I. -c ../../source/libov/ov_element.c -o ov_element.o
gcc -m64 -g -Wall -Winit-self -Wno-attributes -std=c99 -fno-strict-aliasing -fPIC -O0 -fvisibility=hidden   -DPLT_SYSTEM_LINUX=1 -DPLT_USE_BUFFERED_STREAMS=1 -DPLT_SERVER_TRUNC_ONLY=1 -DNDEBUG -DOV_DEBUG  -DOV_SYSTEM_LINUX=1    -I../../../plt/include/ -I../../../ks/include/ -I../../include/ -I../../model/ -I../../source/codegen/ -I../../source/builder/ -I../../source/example/ -I../../source/kshist/ -I../../source/dynov/ -I../../source/tasklib/ -I../../source/dbparse/ -I../../source/dbdump/ -I../../include/libml/ -I../../include/runtimeserver/ -I. -c ../../source/libov/ov_embedment.c -o ov_embedment.o
gcc -m64 -g -Wall -Winit-self -Wno-attributes -std=c99 -fno-strict-aliasing -fPIC -O0 -fvisibility=hidden   -DPLT_SYSTEM_LINUX=1 -DPLT_USE_BUFFERED_STREAMS=1 -DPLT_SERVER_TRUNC_ONLY=1 -DNDEBUG -DOV_DEBUG  -DOV_SYSTEM_LINUX=1    -I../../../plt/include/ -I../../../ks/include/ -I../../include/ -I../../model/ -I../../source/codegen/ -I../../source/builder/ -I../../source/example/ -I../../source/kshist/ -I../../source/dynov/ -I../../source/tasklib/ -I../../source/dbparse/ -I../../source/dbdump/ -I../../include/libml/ -I../../include/runtimeserver/ -I. -c ../../source/libov/ov_inheritance.c -o ov_inheritance.o
gcc -m64 -g -Wall -Winit-self -Wno-attributes -std=c99 -fno-strict-aliasing -fPIC -O0 -fvisibility=hidden   -DPLT_SYSTEM_LINUX=1 -DPLT_USE_BUFFERED_STREAMS=1 -DPLT_SERVER_TRUNC_ONLY=1 -DNDEBUG -DOV_DEBUG  -DOV_SYSTEM_LINUX=1    -I../../../plt/include/ -I../../../ks/include/ -I../../include/ -I../../model/ -I../../source/codegen/ -I../../source/builder/ -I../../source/example/ -I../../source/kshist/ -I../../source/dynov/ -I../../source/tasklib/ -I../../source/dbparse/ -I../../source/dbdump/ -I../../include/libml/ -I../../include/runtimeserver/ -I. -c ../../source/libov/ov_instantiation.c -o ov_instantiation.o
gcc -m64 -g -Wall -Winit-self -Wno-attributes -std=c99 -fno-strict-aliasing -fPIC -O0 -fvisibility=hidden   -DPLT_SYSTEM_LINUX=1 -DPLT_USE_BUFFERED_STREAMS=1 -DPLT_SERVER_TRUNC_ONLY=1 -DNDEBUG -DOV_DEBUG  -DOV_SYSTEM_LINUX=1    -I../../../plt/include/ -I../../../ks/include/ -I../../include/ -I../../model/ -I../../source/codegen/ -I../../source/builder/ -I../../source/example/ -I../../source/kshist/ -I../../source/dynov/ -I../../source/tasklib/ -I../../source/dbparse/ -I../../source/dbdump/ -I../../include/libml/ -I../../include/runtimeserver/ -I. -c ../../source/libov/ov_library.c -o ov_library.o
gcc -m64 -g -Wall -Winit-self -Wno-attributes -std=c99 -fno-strict-aliasing -fPIC -O0 -fvisibility=hidden   -DPLT_SYSTEM_LINUX=1 -DPLT_USE_BUFFERED_STREAMS=1 -DPLT_SERVER_TRUNC_ONLY=1 -DNDEBUG -DOV_DEBUG  -DOV_SYSTEM_LINUX=1    -I../../../plt/include/ -I../../../ks/include/ -I../../include/ -I../../model/ -I../../source/codegen/ -I../../source/builder/ -I../../source/example/ -I../../source/kshist/ -I../../source/dynov/ -I../../source/tasklib/ -I../../source/dbparse/ -I../../source/dbdump/ -I../../include/libml/ -I../../include/runtimeserver/ -I. -c ../../source/libov/ov_logfile.c -o ov_logfile.o
gcc -m64 -g -Wall -Winit-self -Wno-attributes -std=c99 -fno-strict-aliasing -fPIC -O0 -fvisibility=hidden   -DPLT_SYSTEM_LINUX=1 -DPLT_USE_BUFFERED_STREAMS=1 -DPLT_SERVER_TRUNC_ONLY=1 -DNDEBUG -DOV_DEBUG  -DOV_SYSTEM_LINUX=1    -I../../../plt/include/ -I../../../ks/include/ -I../../include/ -I../../model/ -I../../source/codegen/ -I../../source/builder/ -I../../source/example/ -I../../source/kshist/ -I../../source/dynov/ -I../../source/tasklib/ -I../../source/dbparse/ -I../../source/dbdump/ -I../../include/libml/ -I../../include/runtimeserver/ -I. -c ../../source/libov/ov_malloc.c -o ov_malloc.o
gcc -m64 -g -Wall -Winit-self -Wno-attributes -std=c99 -fno-strict-aliasing -fPIC -O0 -fvisibility=hidden   -DPLT_SYSTEM_LINUX=1 -DPLT_USE_BUFFERED_STREAMS=1 -DPLT_SERVER_TRUNC_ONLY=1 -DNDEBUG -DOV_DEBUG  -DOV_SYSTEM_LINUX=1    -I../../../plt/include/ -I../../../ks/include/ -I../../include/ -I../../model/ -I../../source/codegen/ -I../../source/builder/ -I../../source/example/ -I../../source/kshist/ -I../../source/dynov/ -I../../source/tasklib/ -I../../source/dbparse/ -I../../source/dbdump/ -I../../include/libml/ -I../../include/runtimeserver/ -I. -c ../../source/libov/ov_memstack.c -o ov_memstack.o
gcc -m64 -g -Wall -Winit-self -Wno-attributes -std=c99 -fno-strict-aliasing -fPIC -O0 -fvisibility=hidden   -DPLT_SYSTEM_LINUX=1 -DPLT_USE_BUFFERED_STREAMS=1 -DPLT_SERVER_TRUNC_ONLY=1 -DNDEBUG -DOV_DEBUG  -DOV_SYSTEM_LINUX=1    -I../../../plt/include/ -I../../../ks/include/ -I../../include/ -I../../model/ -I../../source/codegen/ -I../../source/builder/ -I../../source/example/ -I../../source/kshist/ -I../../source/dynov/ -I../../source/tasklib/ -I../../source/dbparse/ -I../../source/dbdump/ -I../../include/libml/ -I../../include/runtimeserver/ -I. -c ../../source/libov/ov_object.c -o ov_object.o
gcc -m64 -g -Wall -Winit-self -Wno-attributes -std=c99 -fno-strict-aliasing -fPIC -O0 -fvisibility=hidden   -DPLT_SYSTEM_LINUX=1 -DPLT_USE_BUFFERED_STREAMS=1 -DPLT_SERVER_TRUNC_ONLY=1 -DNDEBUG -DOV_DEBUG  -DOV_SYSTEM_LINUX=1    -I../../../plt/include/ -I../../../ks/include/ -I../../include/ -I../../model/ -I../../source/codegen/ -I../../source/builder/ -I../../source/example/ -I../../source/kshist/ -I../../source/dynov/ -I../../source/tasklib/ -I../../source/dbparse/ -I../../source/dbdump/ -I../../include/libml/ -I../../include/runtimeserver/ -I. -c ../../source/libov/ov_operation.c -o ov_operation.o
gcc -m64 -g -Wall -Winit-self -Wno-attributes -std=c99 -fno-strict-aliasing -fPIC -O0 -fvisibility=hidden   -DPLT_SYSTEM_LINUX=1 -DPLT_USE_BUFFERED_STREAMS=1 -DPLT_SERVER_TRUNC_ONLY=1 -DNDEBUG -DOV_DEBUG  -DOV_SYSTEM_LINUX=1    -I../../../plt/include/ -I../../../ks/include/ -I../../include/ -I../../model/ -I../../source/codegen/ -I../../source/builder/ -I../../source/example/ -I../../source/kshist/ -I../../source/dynov/ -I../../source/tasklib/ -I../../source/dbparse/ -I../../source/dbdump/ -I../../include/libml/ -I../../include/runtimeserver/ -I. -c ../../source/libov/ov_parentrelationship.c -o ov_parentrelationship.o
gcc -m64 -g -Wall -Winit-self -Wno-attributes -std=c99 -fno-strict-aliasing -fPIC -O0 -fvisibility=hidden   -DPLT_SYSTEM_LINUX=1 -DPLT_USE_BUFFERED_STREAMS=1 -DPLT_SERVER_TRUNC_ONLY=1 -DNDEBUG -DOV_DEBUG  -DOV_SYSTEM_LINUX=1    -I../../../plt/include/ -I../../../ks/include/ -I../../include/ -I../../model/ -I../../source/codegen/ -I../../source/builder/ -I../../source/example/ -I../../source/kshist/ -I../../source/dynov/ -I../../source/tasklib/ -I../../source/dbparse/ -I../../source/dbdump/ -I../../include/libml/ -I../../include/runtimeserver/ -I. -c ../../source/libov/ov_part.c -o ov_part.o
gcc -m64 -g -Wall -Winit-self -Wno-attributes -std=c99 -fno-strict-aliasing -fPIC -O0 -fvisibility=hidden   -DPLT_SYSTEM_LINUX=1 -DPLT_USE_BUFFERED_STREAMS=1 -DPLT_SERVER_TRUNC_ONLY=1 -DNDEBUG -DOV_DEBUG  -DOV_SYSTEM_LINUX=1    -I../../../plt/include/ -I../../../ks/include/ -I../../include/ -I../../model/ -I../../source/codegen/ -I../../source/builder/ -I../../source/example/ -I../../source/kshist/ -I../../source/dynov/ -I../../source/tasklib/ -I../../source/dbparse/ -I../../source/dbdump/ -I../../include/libml/ -I../../include/runtimeserver/ -I. -c ../../source/libov/ov_path.c -o ov_path.o
gcc -m64 -g -Wall -Winit-self -Wno-attributes -std=c99 -fno-strict-aliasing -fPIC -O0 -fvisibility=hidden   -DPLT_SYSTEM_LINUX=1 -DPLT_USE_BUFFERED_STREAMS=1 -DPLT_SERVER_TRUNC_ONLY=1 -DNDEBUG -DOV_DEBUG  -DOV_SYSTEM_LINUX=1    -I../../../plt/include/ -I../../../ks/include/ -I../../include/ -I../../model/ -I../../source/codegen/ -I../../source/builder/ -I../../source/example/ -I../../source/kshist/ -I../../source/dynov/ -I../../source/tasklib/ -I../../source/dbparse/ -I../../source/dbdump/ -I../../include/libml/ -I../../include/runtimeserver/ -I. -c ../../source/libov/ov_result.c -o ov_result.o
gcc -m64 -g -Wall -Winit-self -Wno-attributes -std=c99 -fno-strict-aliasing -fPIC -O0 -fvisibility=hidden   -DPLT_SYSTEM_LINUX=1 -DPLT_USE_BUFFERED_STREAMS=1 -DPLT_SERVER_TRUNC_ONLY=1 -DNDEBUG -DOV_DEBUG  -DOV_SYSTEM_LINUX=1    -I../../../plt/include/ -I../../../ks/include/ -I../../include/ -I../../model/ -I../../source/codegen/ -I../../source/builder/ -I../../source/example/ -I../../source/kshist/ -I../../source/dynov/ -I../../source/tasklib/ -I../../source/dbparse/ -I../../source/dbdump/ -I../../include/libml/ -I../../include/runtimeserver/ -I. -c ../../source/libov/ov_scheduler.c -o ov_scheduler.o
gcc -m64 -g -Wall -Winit-self -Wno-attributes -std=c99 -fno-strict-aliasing -fPIC -O0 -fvisibility=hidden   -DPLT_SYSTEM_LINUX=1 -DPLT_USE_BUFFERED_STREAMS=1 -DPLT_SERVER_TRUNC_ONLY=1 -DNDEBUG -DOV_DEBUG  -DOV_SYSTEM_LINUX=1    -I../../../plt/include/ -I../../../ks/include/ -I../../include/ -I../../model/ -I../../source/codegen/ -I../../source/builder/ -I../../source/example/ -I../../source/kshist/ -I../../source/dynov/ -I../../source/tasklib/ -I../../source/dbparse/ -I../../source/dbdump/ -I../../include/libml/ -I../../include/runtimeserver/ -I. -c ../../source/libov/ov_string.c -o ov_string.o
gcc -m64 -g -Wall -Winit-self -Wno-attributes -std=c99 -fno-strict-aliasing -fPIC -O0 -fvisibility=hidden   -DPLT_SYSTEM_LINUX=1 -DPLT_USE_BUFFERED_STREAMS=1 -DPLT_SERVER_TRUNC_ONLY=1 -DNDEBUG -DOV_DEBUG  -DOV_SYSTEM_LINUX=1    -I../../../plt/include/ -I../../../ks/include/ -I../../include/ -I../../model/ -I../../source/codegen/ -I../../source/builder/ -I../../source/example/ -I../../source/kshist/ -I../../source/dynov/ -I../../source/tasklib/ -I../../source/dbparse/ -I../../source/dbdump/ -I../../include/libml/ -I../../include/runtimeserver/ -I. -c ../../source/libov/ov_structure.c -o ov_structure.o
../../source/libov/ov_structure.c: In function ‘ov_structure_search’:
../../source/libov/ov_structure.c:62:2: warning: implicit declaration of function ‘strdup’ [-Wimplicit-function-declaration]
../../source/libov/ov_structure.c:62:8: warning: assignment makes pointer from integer without a cast [enabled by default]
gcc -m64 -g -Wall -Winit-self -Wno-attributes -std=c99 -fno-strict-aliasing -fPIC -O0 -fvisibility=hidden   -DPLT_SYSTEM_LINUX=1 -DPLT_USE_BUFFERED_STREAMS=1 -DPLT_SERVER_TRUNC_ONLY=1 -DNDEBUG -DOV_DEBUG  -DOV_SYSTEM_LINUX=1    -I../../../plt/include/ -I../../../ks/include/ -I../../include/ -I../../model/ -I../../source/codegen/ -I../../source/builder/ -I../../source/example/ -I../../source/kshist/ -I../../source/dynov/ -I../../source/tasklib/ -I../../source/dbparse/ -I../../source/dbdump/ -I../../include/libml/ -I../../include/runtimeserver/ -I. -c ../../source/libov/ov_supervise.c -o ov_supervise.o
gcc -m64 -g -Wall -Winit-self -Wno-attributes -std=c99 -fno-strict-aliasing -fPIC -O0 -fvisibility=hidden   -DPLT_SYSTEM_LINUX=1 -DPLT_USE_BUFFERED_STREAMS=1 -DPLT_SERVER_TRUNC_ONLY=1 -DNDEBUG -DOV_DEBUG  -DOV_SYSTEM_LINUX=1    -I../../../plt/include/ -I../../../ks/include/ -I../../include/ -I../../model/ -I../../source/codegen/ -I../../source/builder/ -I../../source/example/ -I../../source/kshist/ -I../../source/dynov/ -I../../source/tasklib/ -I../../source/dbparse/ -I../../source/dbdump/ -I../../include/libml/ -I../../include/runtimeserver/ -I. -c ../../source/libov/ov_time.c -o ov_time.o
../../source/libov/ov_time.c: In function ‘ov_time_gettime’:
../../source/libov/ov_time.c:103:17: error: storage size of ‘t’ isn’t known
../../source/libov/ov_time.c:104:2: warning: implicit declaration of function ‘gettimeofday’ [-Wimplicit-function-declaration]
../../source/libov/ov_time.c:103:17: warning: unused variable ‘t’ [-Wunused-variable]
../../source/libov/ov_time.c: In function ‘ov_time_asciitotime_internal’:
../../source/libov/ov_time.c:386:5: warning: implicit declaration of function ‘timegm’ [-Wimplicit-function-declaration]
make: *** [ov_time.o] Error 1
make: Leaving directory `/home/travis/build/acplt/rte/build/acplt.build/base/ov/build/linux'
