make: Entering directory `/home/travis/build/acplt/rte/build/acplt.build/base/ov/source/libml'
arm-linux-gnueabihf-gcc  -Wall -O0 -g -DML_SYSTEM_UNIX -DDBG_TO_STDERR=0 -fPIC  -I. -c ml_malloc.c
arm-linux-gnueabihf-gcc  -Wall -O0 -g -DML_SYSTEM_UNIX -DDBG_TO_STDERR=0 -fPIC  -I. -c ml_free.c
arm-linux-gnueabihf-gcc  -Wall -O0 -g -DML_SYSTEM_UNIX -DDBG_TO_STDERR=0 -fPIC  -I. -c ml_realloc.c
arm-linux-gnueabihf-ar crv libml.a ml_malloc.o ml_free.o ml_realloc.o
a - ml_malloc.o
a - ml_free.o
a - ml_realloc.o
arm-linux-gnueabihf-ranlib libml.a
make: Leaving directory `/home/travis/build/acplt/rte/build/acplt.build/base/ov/source/libml'
make: Entering directory `/home/travis/build/acplt/rte/build/acplt.build/base/plt/build/linux'
arm-linux-gnueabihf-g++  -I. -I../../include  -fno-implicit-templates -DPLT_SYSTEM_LINUX=1 -O2 -Wall -DNDEBUG -c -o alloc.o ../../src/alloc.cpp
arm-linux-gnueabihf-g++  -I. -I../../include  -fno-implicit-templates -DPLT_SYSTEM_LINUX=1 -O2 -Wall -DNDEBUG -c -o array.o ../../src/array.cpp
arm-linux-gnueabihf-g++  -I. -I../../include  -fno-implicit-templates -DPLT_SYSTEM_LINUX=1 -O2 -Wall -DNDEBUG -c -o container.o ../../src/container.cpp
arm-linux-gnueabihf-g++  -I. -I../../include  -fno-implicit-templates -DPLT_SYSTEM_LINUX=1 -O2 -Wall -DNDEBUG -c -o debug.o ../../src/debug.cpp
arm-linux-gnueabihf-g++  -I. -I../../include  -fno-implicit-templates -DPLT_SYSTEM_LINUX=1 -O2 -Wall -DNDEBUG -c -o handle.o ../../src/handle.cpp
arm-linux-gnueabihf-g++  -I. -I../../include  -fno-implicit-templates -DPLT_SYSTEM_LINUX=1 -O2 -Wall -DNDEBUG -c -o hashtable.o ../../src/hashtable.cpp
arm-linux-gnueabihf-g++  -I. -I../../include  -fno-implicit-templates -DPLT_SYSTEM_LINUX=1 -O2 -Wall -DNDEBUG -c -o list.o ../../src/list.cpp
arm-linux-gnueabihf-g++  -I. -I../../include  -fno-implicit-templates -DPLT_SYSTEM_LINUX=1 -O2 -Wall -DNDEBUG -c -o log.o ../../src/log.cpp
arm-linux-gnueabihf-g++  -I. -I../../include  -fno-implicit-templates -DPLT_SYSTEM_LINUX=1 -O2 -Wall -DNDEBUG -c -o logstream.o ../../src/logstream.cpp
arm-linux-gnueabihf-g++  -I. -I../../include  -fno-implicit-templates -DPLT_SYSTEM_LINUX=1 -O2 -Wall -DNDEBUG -c -o priorityqueue.o ../../src/priorityqueue.cpp
arm-linux-gnueabihf-g++  -I. -I../../include  -fno-implicit-templates -DPLT_SYSTEM_LINUX=1 -O2 -Wall -DNDEBUG -c -o rtti.o ../../src/rtti.cpp
arm-linux-gnueabihf-g++  -I. -I../../include  -fno-implicit-templates -DPLT_SYSTEM_LINUX=1 -O2 -Wall -DNDEBUG -c -o string.o ../../src/string.cpp
arm-linux-gnueabihf-g++  -I. -I../../include  -fno-implicit-templates -DPLT_SYSTEM_LINUX=1 -O2 -Wall -DNDEBUG -c -o time.o ../../src/time.cpp
arm-linux-gnueabihf-ar r libplt.a alloc.o array.o container.o debug.o handle.o hashtable.o list.o log.o logstream.o priorityqueue.o rtti.o string.o time.o
arm-linux-gnueabihf-ar: creating libplt.a
arm-linux-gnueabihf-ranlib libplt.a
arm-linux-gnueabihf-strip --strip-debug libplt.a
make: Leaving directory `/home/travis/build/acplt/rte/build/acplt.build/base/plt/build/linux'
make: Entering directory `/home/travis/build/acplt/rte/build/acplt.build/base/ks/build/linux'
arm-linux-gnueabihf-g++  -I . -I../../include -I../../../plt/include -fno-implicit-templates -DPLT_SYSTEM_LINUX=1 -O2 -Wall -DNDEBUG -DPLT_USE_BUFFERED_STREAMS=1 -c -o array.o ../../src/array.cpp
arm-linux-gnueabihf-g++  -I . -I../../include -I../../../plt/include -fno-implicit-templates -DPLT_SYSTEM_LINUX=1 -O2 -Wall -DNDEBUG -DPLT_USE_BUFFERED_STREAMS=1 -c -o conversions.o ../../src/conversions.cpp
arm-linux-gnueabihf-g++  -I . -I../../include -I../../../plt/include -fno-implicit-templates -DPLT_SYSTEM_LINUX=1 -O2 -Wall -DNDEBUG -DPLT_USE_BUFFERED_STREAMS=1 -c -o path.o ../../src/path.cpp
arm-linux-gnueabihf-g++  -I . -I../../include -I../../../plt/include -fno-implicit-templates -DPLT_SYSTEM_LINUX=1 -O2 -Wall -DNDEBUG -DPLT_USE_BUFFERED_STREAMS=1 -c -o props.o ../../src/props.cpp
arm-linux-gnueabihf-g++  -I . -I../../include -I../../../plt/include -fno-implicit-templates -DPLT_SYSTEM_LINUX=1 -O2 -Wall -DNDEBUG -DPLT_USE_BUFFERED_STREAMS=1 -c -o propsv1.o ../../src/propsv1.cpp
arm-linux-gnueabihf-g++  -I . -I../../include -I../../../plt/include -fno-implicit-templates -DPLT_SYSTEM_LINUX=1 -O2 -Wall -DNDEBUG -DPLT_USE_BUFFERED_STREAMS=1 -c -o register.o ../../src/register.cpp
arm-linux-gnueabihf-g++  -I . -I../../include -I../../../plt/include -fno-implicit-templates -DPLT_SYSTEM_LINUX=1 -O2 -Wall -DNDEBUG -DPLT_USE_BUFFERED_STREAMS=1 -c -o result.o ../../src/result.cpp
arm-linux-gnueabihf-g++  -I . -I../../include -I../../../plt/include -fno-implicit-templates -DPLT_SYSTEM_LINUX=1 -O2 -Wall -DNDEBUG -DPLT_USE_BUFFERED_STREAMS=1 -c -o rpc.o ../../src/rpc.cpp
arm-linux-gnueabihf-g++  -I . -I../../include -I../../../plt/include -fno-implicit-templates -DPLT_SYSTEM_LINUX=1 -O2 -Wall -DNDEBUG -DPLT_USE_BUFFERED_STREAMS=1 -c -o histparams.o ../../src/histparams.cpp
arm-linux-gnueabihf-g++  -I . -I../../include -I../../../plt/include -fno-implicit-templates -DPLT_SYSTEM_LINUX=1 -O2 -Wall -DNDEBUG -DPLT_USE_BUFFERED_STREAMS=1 -c -o objmgrparams.o ../../src/objmgrparams.cpp
arm-linux-gnueabihf-g++  -I . -I../../include -I../../../plt/include -fno-implicit-templates -DPLT_SYSTEM_LINUX=1 -O2 -Wall -DNDEBUG -DPLT_USE_BUFFERED_STREAMS=1 -c -o serviceparams.o ../../src/serviceparams.cpp
arm-linux-gnueabihf-g++  -I . -I../../include -I../../../plt/include -fno-implicit-templates -DPLT_SYSTEM_LINUX=1 -O2 -Wall -DNDEBUG -DPLT_USE_BUFFERED_STREAMS=1 -c -o string.o ../../src/string.cpp
arm-linux-gnueabihf-g++  -I . -I../../include -I../../../plt/include -fno-implicit-templates -DPLT_SYSTEM_LINUX=1 -O2 -Wall -DNDEBUG -DPLT_USE_BUFFERED_STREAMS=1 -c -o selector.o ../../src/selector.cpp
arm-linux-gnueabihf-g++  -I . -I../../include -I../../../plt/include -fno-implicit-templates -DPLT_SYSTEM_LINUX=1 -O2 -Wall -DNDEBUG -DPLT_USE_BUFFERED_STREAMS=1 -c -o time.o ../../src/time.cpp
arm-linux-gnueabihf-g++  -I . -I../../include -I../../../plt/include -fno-implicit-templates -DPLT_SYSTEM_LINUX=1 -O2 -Wall -DNDEBUG -DPLT_USE_BUFFERED_STREAMS=1 -c -o value.o ../../src/value.cpp
arm-linux-gnueabihf-g++  -I . -I../../include -I../../../plt/include -fno-implicit-templates -DPLT_SYSTEM_LINUX=1 -O2 -Wall -DNDEBUG -DPLT_USE_BUFFERED_STREAMS=1 -c -o xdr.o ../../src/xdr.cpp
arm-linux-gnueabihf-g++  -I . -I../../include -I../../../plt/include -fno-implicit-templates -DPLT_SYSTEM_LINUX=1 -O2 -Wall -DNDEBUG -DPLT_USE_BUFFERED_STREAMS=1 -c -o templates.o ../../src/templates.cpp
arm-linux-gnueabihf-g++  -I . -I../../include -I../../../plt/include -fno-implicit-templates -DPLT_SYSTEM_LINUX=1 -O2 -Wall -DNDEBUG -DPLT_USE_BUFFERED_STREAMS=1 -c -o mask.o ../../src/mask.cpp
arm-linux-gnueabihf-g++  -I . -I../../include -I../../../plt/include -fno-implicit-templates -DPLT_SYSTEM_LINUX=1 -O2 -Wall -DNDEBUG -DPLT_USE_BUFFERED_STREAMS=1 -c -o event.o ../../src/event.cpp
arm-linux-gnueabihf-ar r libks.a array.o conversions.o path.o props.o propsv1.o register.o result.o rpc.o histparams.o objmgrparams.o serviceparams.o string.o selector.o time.o value.o xdr.o templates.o mask.o event.o
arm-linux-gnueabihf-ar: creating libks.a
arm-linux-gnueabihf-strip --strip-debug libks.a
arm-linux-gnueabihf-g++  -I . -I../../include -I../../../plt/include -fno-implicit-templates -DPLT_SYSTEM_LINUX=1 -O2 -Wall -DNDEBUG -DPLT_USE_BUFFERED_STREAMS=1 -c -o avticket.o ../../src/avticket.cpp
arm-linux-gnueabihf-g++  -I . -I../../include -I../../../plt/include -fno-implicit-templates -DPLT_SYSTEM_LINUX=1 -O2 -Wall -DNDEBUG -DPLT_USE_BUFFERED_STREAMS=1 -c -o inaddrset.o ../../src/inaddrset.cpp
arm-linux-gnueabihf-g++  -I . -I../../include -I../../../plt/include -fno-implicit-templates -DPLT_SYSTEM_LINUX=1 -O2 -Wall -DNDEBUG -DPLT_USE_BUFFERED_STREAMS=1 -c -o hostinaddrset.o ../../src/hostinaddrset.cpp
arm-linux-gnueabihf-g++  -I . -I../../include -I../../../plt/include -fno-implicit-templates -DPLT_SYSTEM_LINUX=1 -O2 -Wall -DNDEBUG -DPLT_USE_BUFFERED_STREAMS=1 -c -o manager.o ../../src/manager.cpp
arm-linux-gnueabihf-g++  -I . -I../../include -I../../../plt/include -fno-implicit-templates -DPLT_SYSTEM_LINUX=1 -O2 -Wall -DNDEBUG -DPLT_USE_BUFFERED_STREAMS=1 -c -o server.o ../../src/server.cpp
In file included from ../../src/server.cpp:34:0:
../../include/ks/server.h:98:14: warning: ‘Checking_PLT_USE_BUFFERED_STREAMS_Option’ defined but not used [-Wunused-variable]
 static void *Checking_PLT_USE_BUFFERED_STREAMS_Option = 
              ^
arm-linux-gnueabihf-g++  -I . -I../../include -I../../../plt/include -fno-implicit-templates -DPLT_SYSTEM_LINUX=1 -O2 -Wall -DNDEBUG -DPLT_USE_BUFFERED_STREAMS=1 -c -o simpleserver.o ../../src/simpleserver.cpp
arm-linux-gnueabihf-g++  -I . -I../../include -I../../../plt/include -fno-implicit-templates -DPLT_SYSTEM_LINUX=1 -O2 -Wall -DNDEBUG -DPLT_USE_BUFFERED_STREAMS=1 -c -o svrbase.o ../../src/svrbase.cpp
arm-linux-gnueabihf-g++  -I . -I../../include -I../../../plt/include -fno-implicit-templates -DPLT_SYSTEM_LINUX=1 -O2 -Wall -DNDEBUG -DPLT_USE_BUFFERED_STREAMS=1 -c -o svrobjects.o ../../src/svrobjects.cpp
arm-linux-gnueabihf-g++  -I . -I../../include -I../../../plt/include -fno-implicit-templates -DPLT_SYSTEM_LINUX=1 -O2 -Wall -DNDEBUG -DPLT_USE_BUFFERED_STREAMS=1 -c -o svrrpcctx.o ../../src/svrrpcctx.cpp
arm-linux-gnueabihf-g++  -I . -I../../include -I../../../plt/include -fno-implicit-templates -DPLT_SYSTEM_LINUX=1 -O2 -Wall -DNDEBUG -DPLT_USE_BUFFERED_STREAMS=1 -c -o svrsimpleobjects.o ../../src/svrsimpleobjects.cpp
arm-linux-gnueabihf-g++  -I . -I../../include -I../../../plt/include -fno-implicit-templates -DPLT_SYSTEM_LINUX=1 -O2 -Wall -DNDEBUG -DPLT_USE_BUFFERED_STREAMS=1 -c -o svrtransport.o ../../src/svrtransport.cpp
arm-linux-gnueabihf-g++  -I . -I../../include -I../../../plt/include -fno-implicit-templates -DPLT_SYSTEM_LINUX=1 -O2 -Wall -DNDEBUG -DPLT_USE_BUFFERED_STREAMS=1 -c -o xdrmemstream.o ../../src/xdrmemstream.cpp
arm-linux-gnueabihf-g++  -I . -I../../include -I../../../plt/include -fno-implicit-templates -DPLT_SYSTEM_LINUX=1 -O2 -Wall -DNDEBUG -DPLT_USE_BUFFERED_STREAMS=1 -c -o rpcproto.o ../../src/rpcproto.cpp
arm-linux-gnueabihf-g++  -I . -I../../include -I../../../plt/include -fno-implicit-templates -DPLT_SYSTEM_LINUX=1 -O2 -Wall -DNDEBUG -DPLT_USE_BUFFERED_STREAMS=1 -c -o connectionmgr.o ../../src/connectionmgr.cpp
arm-linux-gnueabihf-g++  -I . -I../../include -I../../../plt/include -fno-implicit-templates -DPLT_SYSTEM_LINUX=1 -O2 -Wall -DNDEBUG -DPLT_USE_BUFFERED_STREAMS=1 -c -o connection.o ../../src/connection.cpp
arm-linux-gnueabihf-g++  -I . -I../../include -I../../../plt/include -fno-implicit-templates -DPLT_SYSTEM_LINUX=1 -O2 -Wall -DNDEBUG -DPLT_USE_BUFFERED_STREAMS=1 -c -o xdrudpcon.o ../../src/xdrudpcon.cpp
arm-linux-gnueabihf-g++  -I . -I../../include -I../../../plt/include -fno-implicit-templates -DPLT_SYSTEM_LINUX=1 -O2 -Wall -DNDEBUG -DPLT_USE_BUFFERED_STREAMS=1 -c -o xdrtcpcon.o ../../src/xdrtcpcon.cpp
arm-linux-gnueabihf-g++  -I . -I../../include -I../../../plt/include -fno-implicit-templates -DPLT_SYSTEM_LINUX=1 -O2 -Wall -DNDEBUG -DPLT_USE_BUFFERED_STREAMS=1 -c -o interserver.o ../../src/interserver.cpp
arm-linux-gnueabihf-g++  -I . -I../../include -I../../../plt/include -fno-implicit-templates -DPLT_SYSTEM_LINUX=1 -O2 -Wall -DNDEBUG -DPLT_USE_BUFFERED_STREAMS=1 -c -o histdomain.o ../../src/histdomain.cpp
arm-linux-gnueabihf-ar r libkssvr.a avticket.o inaddrset.o hostinaddrset.o manager.o server.o simpleserver.o svrbase.o svrobjects.o svrrpcctx.o svrsimpleobjects.o svrtransport.o xdrmemstream.o rpcproto.o connectionmgr.o connection.o xdrudpcon.o xdrtcpcon.o interserver.o histdomain.o
arm-linux-gnueabihf-ar: creating libkssvr.a
arm-linux-gnueabihf-strip --strip-debug libkssvr.a
arm-linux-gnueabihf-g++  -I . -I../../include -I../../../plt/include -fno-implicit-templates -DPLT_SYSTEM_LINUX=1 -O2 -Wall -DNDEBUG -DPLT_USE_BUFFERED_STREAMS=1 -c -o avmodule.o ../../src/avmodule.cpp
arm-linux-gnueabihf-g++  -I . -I../../include -I../../../plt/include -fno-implicit-templates -DPLT_SYSTEM_LINUX=1 -O2 -Wall -DNDEBUG -DPLT_USE_BUFFERED_STREAMS=1 -c -o avsimplemodule.o ../../src/avsimplemodule.cpp
arm-linux-gnueabihf-g++  -I . -I../../include -I../../../plt/include -fno-implicit-templates -DPLT_SYSTEM_LINUX=1 -O2 -Wall -DNDEBUG -DPLT_USE_BUFFERED_STREAMS=1 -c -o client.o ../../src/client.cpp
arm-linux-gnueabihf-g++  -I . -I../../include -I../../../plt/include -fno-implicit-templates -DPLT_SYSTEM_LINUX=1 -O2 -Wall -DNDEBUG -DPLT_USE_BUFFERED_STREAMS=1 -c -o clntpath.o ../../src/clntpath.cpp
arm-linux-gnueabihf-g++  -I . -I../../include -I../../../plt/include -fno-implicit-templates -DPLT_SYSTEM_LINUX=1 -O2 -Wall -DNDEBUG -DPLT_USE_BUFFERED_STREAMS=1 -c -o commobject.o ../../src/commobject.cpp
arm-linux-gnueabihf-g++  -I . -I../../include -I../../../plt/include -fno-implicit-templates -DPLT_SYSTEM_LINUX=1 -O2 -Wall -DNDEBUG -DPLT_USE_BUFFERED_STREAMS=1 -c -o hostent.o ../../src/hostent.cpp
arm-linux-gnueabihf-g++  -I . -I../../include -I../../../plt/include -fno-implicit-templates -DPLT_SYSTEM_LINUX=1 -O2 -Wall -DNDEBUG -DPLT_USE_BUFFERED_STREAMS=1 -c -o history.o ../../src/history.cpp
arm-linux-gnueabihf-g++  -I . -I../../include -I../../../plt/include -fno-implicit-templates -DPLT_SYSTEM_LINUX=1 -O2 -Wall -DNDEBUG -DPLT_USE_BUFFERED_STREAMS=1 -c -o package.o ../../src/package.cpp
arm-linux-gnueabihf-g++  -I . -I../../include -I../../../plt/include -fno-implicit-templates -DPLT_SYSTEM_LINUX=1 -O2 -Wall -DNDEBUG -DPLT_USE_BUFFERED_STREAMS=1 -c -o sorter.o ../../src/sorter.cpp
arm-linux-gnueabihf-g++  -I . -I../../include -I../../../plt/include -fno-implicit-templates -DPLT_SYSTEM_LINUX=1 -O2 -Wall -DNDEBUG -DPLT_USE_BUFFERED_STREAMS=1 -c -o variables.o ../../src/variables.cpp
arm-linux-gnueabihf-ar r libkscln.a avmodule.o avsimplemodule.o client.o clntpath.o commobject.o hostent.o history.o package.o sorter.o variables.o
arm-linux-gnueabihf-ar: creating libkscln.a
arm-linux-gnueabihf-strip --strip-debug libkscln.a
arm-linux-gnueabihf-g++  -I . -I../../include -I../../../plt/include -fno-implicit-templates -DPLT_SYSTEM_LINUX=1 -O2 -Wall -DNDEBUG -DPLT_USE_BUFFERED_STREAMS=1 -c -o tmanager.o ../../examples/tmanager.cpp
arm-linux-gnueabihf-g++  -I . -I../../include -I../../../plt/include -fno-implicit-templates -DPLT_SYSTEM_LINUX=1 -O2 -Wall -DNDEBUG -DPLT_USE_BUFFERED_STREAMS=1 -c -o tmanager1.o ../../examples/tmanager1.cpp
MAKE=make perl ../../../plt/build/templ.pl arm-linux-gnueabihf-g++   -o tmanager.exe tmanager.o tmanager1.o libkssvr.a libks.a ../../../plt/build/linux/libplt.a  -lstdc++
Template linker (c) 1997, 2000 ACPLT
Starting run 1...
arm-linux-gnueabihf-g++ -o tmanager.exe tmanager.o tmanager1.o libkssvr.a libks.a ../../../plt/build/linux/libplt.a -lstdc++

Finished: All templates seem to be instantiated.
arm-linux-gnueabihf-strip --strip-debug tmanager.exe
make: Leaving directory `/home/travis/build/acplt/rte/build/acplt.build/base/ks/build/linux'
make: Entering directory `/home/travis/build/acplt/rte/build/acplt.build/base/fbs_dienste/build/linux'
bison -t -d -ofb_parser.c ../../source/fb_parser.y
../../source/fb_parser.y: warning: 6 shift/reduce conflicts [-Wconflicts-sr]
../../source/fb_parser.y: warning: 2 reduce/reduce conflicts [-Wconflicts-rr]
arm-linux-gnueabihf-gcc  -Wall -DOV_DEBUG -O2 -DPLT_SYSTEM_LINUX=1 -DOV_SYSTEM_LINUX=1 -DNDEBUG -DPLT_USE_BUFFERED_STREAMS=1 -DFD_SETSIZE=128 -I../../include/ -I../../../../fbs_dienste/source/include/ -I../../../../base/ov/include/ -I../../../../base/plt/include/ -I../../../../base/ks/include/ -I. -c fb_parser.c -o fb_parser.o
flex -ofb_scanner.c ../../source/fb_scanner.lex
arm-linux-gnueabihf-gcc  -Wall -DOV_DEBUG -O2 -DPLT_SYSTEM_LINUX=1 -DOV_SYSTEM_LINUX=1 -DNDEBUG -DPLT_USE_BUFFERED_STREAMS=1 -DFD_SETSIZE=128 -I../../include/ -I../../../../fbs_dienste/source/include/ -I../../../../base/ov/include/ -I../../../../base/plt/include/ -I../../../../base/ks/include/ -I. -c fb_scanner.c -o fb_scanner.o
fb_scanner.c:1593:17: warning: ‘yyunput’ defined but not used [-Wunused-function]
     static void yyunput (int c, register char * yy_bp )
                 ^
fb_scanner.c:1634:16: warning: ‘input’ defined but not used [-Wunused-function]
     static int input  (void)
                ^
arm-linux-gnueabihf-g++  -DNDEBUG -Wall -O2 -fno-implicit-templates -DPLT_SYSTEM_LINUX=1 -DOV_SYSTEM_LINUX=1 -DNDEBUG -DPLT_USE_BUFFERED_STREAMS=1 -DFD_SETSIZE=128 -I../../include/ -I../../../../fbs_dienste/source/include/ -I../../../../base/ov/include/ -I../../../../base/plt/include/ -I../../../../base/ks/include/ -I. -c -o ifb_getserver.o ../../source/ifb_getserver.cpp
In file included from ../../include/ifbslibdef.h:126:0,
                 from ../../source/ifb_getserver.cpp:37:
../../include/ifbslib_params.h: In copy constructor ‘FbAssoParam::FbAssoParam(FbAssoParam&)’:
../../include/ifbslib_params.h:312:1: warning: ‘FbAssoParam::identifier’ is initialized with itself [-Winit-self]
 FbAssoParam::FbAssoParam(FbAssoParam &orig):
 ^
In file included from ../../source/ifb_getserver.cpp:37:0:
../../include/ifbslibdef.h: At global scope:
../../include/ifbslibdef.h:232:28: warning: deprecated conversion from string constant to ‘char*’ [-Wwrite-strings]
                            );
                            ^
arm-linux-gnueabihf-g++  -DNDEBUG -Wall -O2 -fno-implicit-templates -DPLT_SYSTEM_LINUX=1 -DOV_SYSTEM_LINUX=1 -DNDEBUG -DPLT_USE_BUFFERED_STREAMS=1 -DFD_SETSIZE=128 -I../../include/ -I../../../../fbs_dienste/source/include/ -I../../../../base/ov/include/ -I../../../../base/plt/include/ -I../../../../base/ks/include/ -I. -c -o ifb_logerror.o ../../source/ifb_logerror.cpp
In file included from ../../include/ifbslibdef.h:126:0,
                 from ../../source/ifb_logerror.cpp:37:
../../include/ifbslib_params.h: In copy constructor ‘FbAssoParam::FbAssoParam(FbAssoParam&)’:
../../include/ifbslib_params.h:312:1: warning: ‘FbAssoParam::identifier’ is initialized with itself [-Winit-self]
 FbAssoParam::FbAssoParam(FbAssoParam &orig):
 ^
In file included from ../../source/ifb_logerror.cpp:37:0:
../../include/ifbslibdef.h: At global scope:
../../include/ifbslibdef.h:232:28: warning: deprecated conversion from string constant to ‘char*’ [-Wwrite-strings]
                            );
                            ^
arm-linux-gnueabihf-g++  -DNDEBUG -Wall -O2 -fno-implicit-templates -DPLT_SYSTEM_LINUX=1 -DOV_SYSTEM_LINUX=1 -DNDEBUG -DPLT_USE_BUFFERED_STREAMS=1 -DFD_SETSIZE=128 -I../../include/ -I../../../../fbs_dienste/source/include/ -I../../../../base/ov/include/ -I../../../../base/plt/include/ -I../../../../base/ks/include/ -I. -c -o ifb_varprops.o ../../source/ifb_varprops.cpp
In file included from ../../include/ifbslibdef.h:126:0,
                 from ../../source/ifb_varprops.cpp:32:
../../include/ifbslib_params.h: In copy constructor ‘FbAssoParam::FbAssoParam(FbAssoParam&)’:
../../include/ifbslib_params.h:312:1: warning: ‘FbAssoParam::identifier’ is initialized with itself [-Winit-self]
 FbAssoParam::FbAssoParam(FbAssoParam &orig):
 ^
In file included from ../../source/ifb_varprops.cpp:32:0:
../../include/ifbslibdef.h: At global scope:
../../include/ifbslibdef.h:232:28: warning: deprecated conversion from string constant to ‘char*’ [-Wwrite-strings]
                            );
                            ^
arm-linux-gnueabihf-g++  -DNDEBUG -Wall -O2 -fno-implicit-templates -DPLT_SYSTEM_LINUX=1 -DOV_SYSTEM_LINUX=1 -DNDEBUG -DPLT_USE_BUFFERED_STREAMS=1 -DFD_SETSIZE=128 -I../../include/ -I../../../../fbs_dienste/source/include/ -I../../../../base/ov/include/ -I../../../../base/plt/include/ -I../../../../base/ks/include/ -I. -c -o ifb_readblockparam.o ../../source/ifb_readblockparam.cpp
In file included from ../../include/ifbslibdef.h:126:0,
                 from ../../source/ifb_readblockparam.cpp:40:
../../include/ifbslib_params.h: In copy constructor ‘FbAssoParam::FbAssoParam(FbAssoParam&)’:
../../include/ifbslib_params.h:312:1: warning: ‘FbAssoParam::identifier’ is initialized with itself [-Winit-self]
 FbAssoParam::FbAssoParam(FbAssoParam &orig):
 ^
In file included from ../../source/ifb_readblockparam.cpp:40:0:
../../include/ifbslibdef.h: At global scope:
../../include/ifbslibdef.h:232:28: warning: deprecated conversion from string constant to ‘char*’ [-Wwrite-strings]
                            );
                            ^
arm-linux-gnueabihf-g++  -DNDEBUG -Wall -O2 -fno-implicit-templates -DPLT_SYSTEM_LINUX=1 -DOV_SYSTEM_LINUX=1 -DNDEBUG -DPLT_USE_BUFFERED_STREAMS=1 -DFD_SETSIZE=128 -I../../include/ -I../../../../fbs_dienste/source/include/ -I../../../../base/ov/include/ -I../../../../base/plt/include/ -I../../../../base/ks/include/ -I. -c -o ifb_getcondata.o ../../source/ifb_getcondata.cpp
In file included from ../../include/ifbslibdef.h:126:0,
                 from ../../source/ifb_getcondata.cpp:38:
../../include/ifbslib_params.h: In copy constructor ‘FbAssoParam::FbAssoParam(FbAssoParam&)’:
../../include/ifbslib_params.h:312:1: warning: ‘FbAssoParam::identifier’ is initialized with itself [-Winit-self]
 FbAssoParam::FbAssoParam(FbAssoParam &orig):
 ^
In file included from ../../source/ifb_getcondata.cpp:38:0:
../../include/ifbslibdef.h: At global scope:
../../include/ifbslibdef.h:232:28: warning: deprecated conversion from string constant to ‘char*’ [-Wwrite-strings]
                            );
                            ^
arm-linux-gnueabihf-g++  -DNDEBUG -Wall -O2 -fno-implicit-templates -DPLT_SYSTEM_LINUX=1 -DOV_SYSTEM_LINUX=1 -DNDEBUG -DPLT_USE_BUFFERED_STREAMS=1 -DFD_SETSIZE=128 -I../../include/ -I../../../../fbs_dienste/source/include/ -I../../../../base/ov/include/ -I../../../../base/plt/include/ -I../../../../base/ks/include/ -I. -c -o ifb_getportdata.o ../../source/ifb_getportdata.cpp
In file included from ../../include/ifbslibdef.h:126:0,
                 from ../../source/ifb_getportdata.cpp:36:
../../include/ifbslib_params.h: In copy constructor ‘FbAssoParam::FbAssoParam(FbAssoParam&)’:
../../include/ifbslib_params.h:312:1: warning: ‘FbAssoParam::identifier’ is initialized with itself [-Winit-self]
 FbAssoParam::FbAssoParam(FbAssoParam &orig):
 ^
In file included from ../../source/ifb_getportdata.cpp:36:0:
../../include/ifbslibdef.h: At global scope:
../../include/ifbslibdef.h:232:28: warning: deprecated conversion from string constant to ‘char*’ [-Wwrite-strings]
                            );
                            ^
../../source/ifb_getportdata.cpp: In function ‘void GetPortProps(KsEngPropsHandle&, const KsVarCurrProps*, ObjProps&, long unsigned int)’:
../../source/ifb_getportdata.cpp:200:21: warning: deprecated conversion from string constant to ‘char*’ [-Wwrite-strings]
                     );
                     ^
arm-linux-gnueabihf-g++  -DNDEBUG -Wall -O2 -fno-implicit-templates -DPLT_SYSTEM_LINUX=1 -DOV_SYSTEM_LINUX=1 -DNDEBUG -DPLT_USE_BUFFERED_STREAMS=1 -DFD_SETSIZE=128 -I../../include/ -I../../../../fbs_dienste/source/include/ -I../../../../base/ov/include/ -I../../../../base/plt/include/ -I../../../../base/ks/include/ -I. -c -o ifb_createcomcon.o ../../source/ifb_createcomcon.cpp
In file included from ../../include/ifbslibdef.h:126:0,
                 from ../../source/ifb_createcomcon.cpp:35:
../../include/ifbslib_params.h: In copy constructor ‘FbAssoParam::FbAssoParam(FbAssoParam&)’:
../../include/ifbslib_params.h:312:1: warning: ‘FbAssoParam::identifier’ is initialized with itself [-Winit-self]
 FbAssoParam::FbAssoParam(FbAssoParam &orig):
 ^
In file included from ../../source/ifb_createcomcon.cpp:35:0:
../../include/ifbslibdef.h: At global scope:
../../include/ifbslibdef.h:232:28: warning: deprecated conversion from string constant to ‘char*’ [-Wwrite-strings]
                            );
                            ^
arm-linux-gnueabihf-g++  -DNDEBUG -Wall -O2 -fno-implicit-templates -DPLT_SYSTEM_LINUX=1 -DOV_SYSTEM_LINUX=1 -DNDEBUG -DPLT_USE_BUFFERED_STREAMS=1 -DFD_SETSIZE=128 -I../../include/ -I../../../../fbs_dienste/source/include/ -I../../../../base/ov/include/ -I../../../../base/plt/include/ -I../../../../base/ks/include/ -I. -c -o ifb_setpar.o ../../source/ifb_setpar.cpp
In file included from ../../include/ifbslibdef.h:126:0,
                 from ../../source/ifb_setpar.cpp:35:
../../include/ifbslib_params.h: In copy constructor ‘FbAssoParam::FbAssoParam(FbAssoParam&)’:
../../include/ifbslib_params.h:312:1: warning: ‘FbAssoParam::identifier’ is initialized with itself [-Winit-self]
 FbAssoParam::FbAssoParam(FbAssoParam &orig):
 ^
In file included from ../../source/ifb_setpar.cpp:35:0:
../../include/ifbslibdef.h: At global scope:
../../include/ifbslibdef.h:232:28: warning: deprecated conversion from string constant to ‘char*’ [-Wwrite-strings]
                            );
                            ^
arm-linux-gnueabihf-g++  -DNDEBUG -Wall -O2 -fno-implicit-templates -DPLT_SYSTEM_LINUX=1 -DOV_SYSTEM_LINUX=1 -DNDEBUG -DPLT_USE_BUFFERED_STREAMS=1 -DFD_SETSIZE=128 -I../../include/ -I../../../../fbs_dienste/source/include/ -I../../../../base/ov/include/ -I../../../../base/plt/include/ -I../../../../base/ks/include/ -I. -c -o ifb_av.o ../../source/ifb_av.cpp
In file included from ../../include/ifbslibdef.h:126:0,
                 from ../../source/ifb_av.cpp:35:
../../include/ifbslib_params.h: In copy constructor ‘FbAssoParam::FbAssoParam(FbAssoParam&)’:
../../include/ifbslib_params.h:312:1: warning: ‘FbAssoParam::identifier’ is initialized with itself [-Winit-self]
 FbAssoParam::FbAssoParam(FbAssoParam &orig):
 ^
In file included from ../../source/ifb_av.cpp:35:0:
../../include/ifbslibdef.h: At global scope:
../../include/ifbslibdef.h:232:28: warning: deprecated conversion from string constant to ‘char*’ [-Wwrite-strings]
                            );
                            ^
arm-linux-gnueabihf-g++  -DNDEBUG -Wall -O2 -fno-implicit-templates -DPLT_SYSTEM_LINUX=1 -DOV_SYSTEM_LINUX=1 -DNDEBUG -DPLT_USE_BUFFERED_STREAMS=1 -DFD_SETSIZE=128 -I../../include/ -I../../../../fbs_dienste/source/include/ -I../../../../base/ov/include/ -I../../../../base/plt/include/ -I../../../../base/ks/include/ -I. -c -o ifb_delobj.o ../../source/ifb_delobj.cpp
In file included from ../../include/ifbslibdef.h:126:0,
                 from ../../source/ifb_delobj.cpp:36:
../../include/ifbslib_params.h: In copy constructor ‘FbAssoParam::FbAssoParam(FbAssoParam&)’:
../../include/ifbslib_params.h:312:1: warning: ‘FbAssoParam::identifier’ is initialized with itself [-Winit-self]
 FbAssoParam::FbAssoParam(FbAssoParam &orig):
 ^
In file included from ../../source/ifb_delobj.cpp:36:0:
../../include/ifbslibdef.h: At global scope:
../../include/ifbslibdef.h:232:28: warning: deprecated conversion from string constant to ‘char*’ [-Wwrite-strings]
                            );
                            ^
arm-linux-gnueabihf-g++  -DNDEBUG -Wall -O2 -fno-implicit-templates -DPLT_SYSTEM_LINUX=1 -DOV_SYSTEM_LINUX=1 -DNDEBUG -DPLT_USE_BUFFERED_STREAMS=1 -DFD_SETSIZE=128 -I../../include/ -I../../../../fbs_dienste/source/include/ -I../../../../base/ov/include/ -I../../../../base/plt/include/ -I../../../../base/ks/include/ -I. -c -o ifb_crobj.o ../../source/ifb_crobj.cpp
In file included from ../../include/ifbslibdef.h:126:0,
                 from ../../source/ifb_crobj.cpp:36:
../../include/ifbslib_params.h: In copy constructor ‘FbAssoParam::FbAssoParam(FbAssoParam&)’:
../../include/ifbslib_params.h:312:1: warning: ‘FbAssoParam::identifier’ is initialized with itself [-Winit-self]
 FbAssoParam::FbAssoParam(FbAssoParam &orig):
 ^
In file included from ../../source/ifb_crobj.cpp:36:0:
../../include/ifbslibdef.h: At global scope:
../../include/ifbslibdef.h:232:28: warning: deprecated conversion from string constant to ‘char*’ [-Wwrite-strings]
                            );
                            ^
arm-linux-gnueabihf-g++  -DNDEBUG -Wall -O2 -fno-implicit-templates -DPLT_SYSTEM_LINUX=1 -DOV_SYSTEM_LINUX=1 -DNDEBUG -DPLT_USE_BUFFERED_STREAMS=1 -DFD_SETSIZE=128 -I../../include/ -I../../../../fbs_dienste/source/include/ -I../../../../base/ov/include/ -I../../../../base/plt/include/ -I../../../../base/ks/include/ -I. -c -o ifb_tasklink.o ../../source/ifb_tasklink.cpp
In file included from ../../include/ifbslibdef.h:126:0,
                 from ../../source/ifb_tasklink.cpp:35:
../../include/ifbslib_params.h: In copy constructor ‘FbAssoParam::FbAssoParam(FbAssoParam&)’:
../../include/ifbslib_params.h:312:1: warning: ‘FbAssoParam::identifier’ is initialized with itself [-Winit-self]
 FbAssoParam::FbAssoParam(FbAssoParam &orig):
 ^
In file included from ../../source/ifb_tasklink.cpp:35:0:
../../include/ifbslibdef.h: At global scope:
../../include/ifbslibdef.h:232:28: warning: deprecated conversion from string constant to ‘char*’ [-Wwrite-strings]
                            );
                            ^
arm-linux-gnueabihf-g++  -DNDEBUG -Wall -O2 -fno-implicit-templates -DPLT_SYSTEM_LINUX=1 -DOV_SYSTEM_LINUX=1 -DNDEBUG -DPLT_USE_BUFFERED_STREAMS=1 -DFD_SETSIZE=128 -I../../include/ -I../../../../fbs_dienste/source/include/ -I../../../../base/ov/include/ -I../../../../base/plt/include/ -I../../../../base/ks/include/ -I. -c -o ifb_rename.o ../../source/ifb_rename.cpp
In file included from ../../include/ifbslibdef.h:126:0,
                 from ../../source/ifb_rename.cpp:35:
../../include/ifbslib_params.h: In copy constructor ‘FbAssoParam::FbAssoParam(FbAssoParam&)’:
../../include/ifbslib_params.h:312:1: warning: ‘FbAssoParam::identifier’ is initialized with itself [-Winit-self]
 FbAssoParam::FbAssoParam(FbAssoParam &orig):
 ^
In file included from ../../source/ifb_rename.cpp:35:0:
../../include/ifbslibdef.h: At global scope:
../../include/ifbslibdef.h:232:28: warning: deprecated conversion from string constant to ‘char*’ [-Wwrite-strings]
                            );
                            ^
arm-linux-gnueabihf-g++  -DNDEBUG -Wall -O2 -fno-implicit-templates -DPLT_SYSTEM_LINUX=1 -DOV_SYSTEM_LINUX=1 -DNDEBUG -DPLT_USE_BUFFERED_STREAMS=1 -DFD_SETSIZE=128 -I../../include/ -I../../../../fbs_dienste/source/include/ -I../../../../base/ov/include/ -I../../../../base/plt/include/ -I../../../../base/ks/include/ -I. -c -o ifb_delfulltu.o ../../source/ifb_delfulltu.cpp
In file included from ../../include/ifbslibdef.h:126:0,
                 from ../../source/ifb_delfulltu.cpp:36:
../../include/ifbslib_params.h: In copy constructor ‘FbAssoParam::FbAssoParam(FbAssoParam&)’:
../../include/ifbslib_params.h:312:1: warning: ‘FbAssoParam::identifier’ is initialized with itself [-Winit-self]
 FbAssoParam::FbAssoParam(FbAssoParam &orig):
 ^
In file included from ../../source/ifb_delfulltu.cpp:36:0:
../../include/ifbslibdef.h: At global scope:
../../include/ifbslibdef.h:232:28: warning: deprecated conversion from string constant to ‘char*’ [-Wwrite-strings]
                            );
                            ^
arm-linux-gnueabihf-g++  -DNDEBUG -Wall -O2 -fno-implicit-templates -DPLT_SYSTEM_LINUX=1 -DOV_SYSTEM_LINUX=1 -DNDEBUG -DPLT_USE_BUFFERED_STREAMS=1 -DFD_SETSIZE=128 -I../../include/ -I../../../../fbs_dienste/source/include/ -I../../../../base/ov/include/ -I../../../../base/plt/include/ -I../../../../base/ks/include/ -I. -c -o ifb_dbsaveinstream.o ../../source/ifb_dbsaveinstream.cpp
In file included from ../../include/ifbslibdef.h:126:0,
                 from ../../source/ifb_dbsaveinstream.cpp:36:
../../include/ifbslib_params.h: In copy constructor ‘FbAssoParam::FbAssoParam(FbAssoParam&)’:
../../include/ifbslib_params.h:312:1: warning: ‘FbAssoParam::identifier’ is initialized with itself [-Winit-self]
 FbAssoParam::FbAssoParam(FbAssoParam &orig):
 ^
In file included from ../../source/ifb_dbsaveinstream.cpp:36:0:
../../include/ifbslibdef.h: At global scope:
../../include/ifbslibdef.h:232:28: warning: deprecated conversion from string constant to ‘char*’ [-Wwrite-strings]
                            );
                            ^
../../source/ifb_dbsaveinstream.cpp: In function ‘void ifb_writeLinkItem(KscServerBase*, KsString&, int, FbAssoParam&, PltString&)’:
../../source/ifb_dbsaveinstream.cpp:73:21: warning: deprecated conversion from string constant to ‘char*’ [-Wwrite-strings]
                     );
                     ^
../../source/ifb_dbsaveinstream.cpp: In function ‘float get_serverVersion(KscServerBase*)’:
../../source/ifb_dbsaveinstream.cpp:320:24: warning: deprecated conversion from string constant to ‘char*’ [-Wwrite-strings]
                        );
                        ^
../../source/ifb_dbsaveinstream.cpp: In function ‘KS_RESULT get_variable(KscServerBase*, KsGetEPParams&, PltString&)’:
../../source/ifb_dbsaveinstream.cpp:536:33: warning: deprecated conversion from string constant to ‘char*’ [-Wwrite-strings]
                                 );
                                 ^
arm-linux-gnueabihf-g++  -DNDEBUG -Wall -O2 -fno-implicit-templates -DPLT_SYSTEM_LINUX=1 -DOV_SYSTEM_LINUX=1 -DNDEBUG -DPLT_USE_BUFFERED_STREAMS=1 -DFD_SETSIZE=128 -I../../include/ -I../../../../fbs_dienste/source/include/ -I../../../../base/ov/include/ -I../../../../base/plt/include/ -I../../../../base/ks/include/ -I. -c -o ifb_memfre.o ../../source/ifb_memfre.cpp
In file included from ../../include/ifbslibdef.h:126:0,
                 from ../../source/ifb_memfre.cpp:41:
../../include/ifbslib_params.h: In copy constructor ‘FbAssoParam::FbAssoParam(FbAssoParam&)’:
../../include/ifbslib_params.h:312:1: warning: ‘FbAssoParam::identifier’ is initialized with itself [-Winit-self]
 FbAssoParam::FbAssoParam(FbAssoParam &orig):
 ^
In file included from ../../source/ifb_memfre.cpp:41:0:
../../include/ifbslibdef.h: At global scope:
../../include/ifbslibdef.h:232:28: warning: deprecated conversion from string constant to ‘char*’ [-Wwrite-strings]
                            );
                            ^
arm-linux-gnueabihf-g++  -DNDEBUG -Wall -O2 -fno-implicit-templates -DPLT_SYSTEM_LINUX=1 -DOV_SYSTEM_LINUX=1 -DNDEBUG -DPLT_USE_BUFFERED_STREAMS=1 -DFD_SETSIZE=128 -I../../include/ -I../../../../fbs_dienste/source/include/ -I../../../../base/ov/include/ -I../../../../base/plt/include/ -I../../../../base/ks/include/ -I. -c -o ifb_importproject.o ../../source/ifb_importproject.cpp
In file included from ../../include/ifbslibdef.h:126:0,
                 from ../../source/ifb_importproject.cpp:40:
../../include/ifbslib_params.h: In copy constructor ‘FbAssoParam::FbAssoParam(FbAssoParam&)’:
../../include/ifbslib_params.h:312:1: warning: ‘FbAssoParam::identifier’ is initialized with itself [-Winit-self]
 FbAssoParam::FbAssoParam(FbAssoParam &orig):
 ^
In file included from ../../source/ifb_importproject.cpp:40:0:
../../include/ifbslibdef.h: At global scope:
../../include/ifbslibdef.h:232:28: warning: deprecated conversion from string constant to ‘char*’ [-Wwrite-strings]
                            );
                            ^
arm-linux-gnueabihf-g++  -DNDEBUG -Wall -O2 -fno-implicit-templates -DPLT_SYSTEM_LINUX=1 -DOV_SYSTEM_LINUX=1 -DNDEBUG -DPLT_USE_BUFFERED_STREAMS=1 -DFD_SETSIZE=128 -I../../include/ -I../../../../fbs_dienste/source/include/ -I../../../../base/ov/include/ -I../../../../base/plt/include/ -I../../../../base/ks/include/ -I. -c -o ifb_aufraeumen.o ../../source/ifb_aufraeumen.cpp
In file included from ../../include/ifbslibdef.h:126:0,
                 from ../../source/ifb_aufraeumen.cpp:40:
../../include/ifbslib_params.h: In copy constructor ‘FbAssoParam::FbAssoParam(FbAssoParam&)’:
../../include/ifbslib_params.h:312:1: warning: ‘FbAssoParam::identifier’ is initialized with itself [-Winit-self]
 FbAssoParam::FbAssoParam(FbAssoParam &orig):
 ^
In file included from ../../source/ifb_aufraeumen.cpp:40:0:
../../include/ifbslibdef.h: At global scope:
../../include/ifbslibdef.h:232:28: warning: deprecated conversion from string constant to ‘char*’ [-Wwrite-strings]
                            );
                            ^
arm-linux-gnueabihf-g++  -DNDEBUG -Wall -O2 -fno-implicit-templates -DPLT_SYSTEM_LINUX=1 -DOV_SYSTEM_LINUX=1 -DNDEBUG -DPLT_USE_BUFFERED_STREAMS=1 -DFD_SETSIZE=128 -I../../include/ -I../../../../fbs_dienste/source/include/ -I../../../../base/ov/include/ -I../../../../base/plt/include/ -I../../../../base/ks/include/ -I. -c -o ifb_importeval.o ../../source/ifb_importeval.cpp
In file included from ../../include/ifbslibdef.h:126:0,
                 from ../../source/ifb_importeval.cpp:36:
../../include/ifbslib_params.h: In copy constructor ‘FbAssoParam::FbAssoParam(FbAssoParam&)’:
../../include/ifbslib_params.h:312:1: warning: ‘FbAssoParam::identifier’ is initialized with itself [-Winit-self]
 FbAssoParam::FbAssoParam(FbAssoParam &orig):
 ^
In file included from ../../source/ifb_importeval.cpp:36:0:
../../include/ifbslibdef.h: At global scope:
../../include/ifbslibdef.h:232:28: warning: deprecated conversion from string constant to ‘char*’ [-Wwrite-strings]
                            );
                            ^
../../source/ifb_importeval.cpp: In function ‘int test_ConnectionExists(KscServerBase*, ConData&, PltString&)’:
../../source/ifb_importeval.cpp:411:17: warning: deprecated conversion from string constant to ‘char*’ [-Wwrite-strings]
                 );
                 ^
../../source/ifb_importeval.cpp: In function ‘void checkParentDomainsInDB(KscServerBase*, PltList<PltString>&, Dienst_param*, PltString&)’:
../../source/ifb_importeval.cpp:1141:22: warning: deprecated conversion from string constant to ‘char*’ [-Wwrite-strings]
  pNewInst.Class_name = "/acplt/ov/domain";
                      ^
arm-linux-gnueabihf-g++  -DNDEBUG -Wall -O2 -fno-implicit-templates -DPLT_SYSTEM_LINUX=1 -DOV_SYSTEM_LINUX=1 -DNDEBUG -DPLT_USE_BUFFERED_STREAMS=1 -DFD_SETSIZE=128 -I../../include/ -I../../../../fbs_dienste/source/include/ -I../../../../base/ov/include/ -I../../../../base/plt/include/ -I../../../../base/ks/include/ -I. -c -o ifb_compproject.o ../../source/ifb_compproject.cpp
In file included from ../../include/ifbslibdef.h:126:0,
                 from ../../source/ifb_compproject.cpp:41:
../../include/ifbslib_params.h: In copy constructor ‘FbAssoParam::FbAssoParam(FbAssoParam&)’:
../../include/ifbslib_params.h:312:1: warning: ‘FbAssoParam::identifier’ is initialized with itself [-Winit-self]
 FbAssoParam::FbAssoParam(FbAssoParam &orig):
 ^
In file included from ../../source/ifb_compproject.cpp:41:0:
../../include/ifbslibdef.h: At global scope:
../../include/ifbslibdef.h:232:28: warning: deprecated conversion from string constant to ‘char*’ [-Wwrite-strings]
                            );
                            ^
arm-linux-gnueabihf-g++  -DNDEBUG -Wall -O2 -fno-implicit-templates -DPLT_SYSTEM_LINUX=1 -DOV_SYSTEM_LINUX=1 -DNDEBUG -DPLT_USE_BUFFERED_STREAMS=1 -DFD_SETSIZE=128 -I../../include/ -I../../../../fbs_dienste/source/include/ -I../../../../base/ov/include/ -I../../../../base/plt/include/ -I../../../../base/ks/include/ -I. -c -o ifb_compeval.o ../../source/ifb_compeval.cpp
In file included from ../../include/ifbslibdef.h:126:0,
                 from ../../source/ifb_compeval.cpp:40:
../../include/ifbslib_params.h: In copy constructor ‘FbAssoParam::FbAssoParam(FbAssoParam&)’:
../../include/ifbslib_params.h:312:1: warning: ‘FbAssoParam::identifier’ is initialized with itself [-Winit-self]
 FbAssoParam::FbAssoParam(FbAssoParam &orig):
 ^
In file included from ../../source/ifb_compeval.cpp:40:0:
../../include/ifbslibdef.h: At global scope:
../../include/ifbslibdef.h:232:28: warning: deprecated conversion from string constant to ‘char*’ [-Wwrite-strings]
                            );
                            ^
../../source/ifb_compeval.cpp: In function ‘int value_compare(Variables*, Variables*)’:
../../source/ifb_compeval.cpp:853:21: warning: case value ‘16’ not in enumerated type ‘DataType’ [-Wswitch]
                     case KS_VT_INT             :        if(((long)atol(ov->val)) !=
                     ^
../../source/ifb_compeval.cpp:848:21: warning: case value ‘17’ not in enumerated type ‘DataType’ [-Wswitch]
                     case KS_VT_UINT             :  if(((unsigned long)atol(ov->val)) !=
                     ^
../../source/ifb_compeval.cpp:858:21: warning: case value ‘32’ not in enumerated type ‘DataType’ [-Wswitch]
                     case KS_VT_SINGLE         :
                     ^
../../source/ifb_compeval.cpp:860:21: warning: case value ‘33’ not in enumerated type ‘DataType’ [-Wswitch]
                     case KS_VT_DOUBLE         :        if( atof(ov->val) !=
                     ^
../../source/ifb_compeval.cpp:867:21: warning: case value ‘48’ not in enumerated type ‘DataType’ [-Wswitch]
                     case KS_VT_STRING        :        if(strcmp(ov->val,nv->val)) {
                     ^
../../source/ifb_compeval.cpp:865:21: warning: case value ‘49’ not in enumerated type ‘DataType’ [-Wswitch]
                     case KS_VT_TIME            :
                     ^
../../source/ifb_compeval.cpp:859:21: warning: case value ‘50’ not in enumerated type ‘DataType’ [-Wswitch]
                     case KS_VT_TIME_SPAN :
                     ^
arm-linux-gnueabihf-g++  -DNDEBUG -Wall -O2 -fno-implicit-templates -DPLT_SYSTEM_LINUX=1 -DOV_SYSTEM_LINUX=1 -DNDEBUG -DPLT_USE_BUFFERED_STREAMS=1 -DFD_SETSIZE=128 -I../../include/ -I../../../../fbs_dienste/source/include/ -I../../../../base/ov/include/ -I../../../../base/plt/include/ -I../../../../base/ks/include/ -I. -c -o ifb_updateproject.o ../../source/ifb_updateproject.cpp
In file included from ../../include/ifbslibdef.h:126:0,
                 from ../../source/ifb_updateproject.cpp:41:
../../include/ifbslib_params.h: In copy constructor ‘FbAssoParam::FbAssoParam(FbAssoParam&)’:
../../include/ifbslib_params.h:312:1: warning: ‘FbAssoParam::identifier’ is initialized with itself [-Winit-self]
 FbAssoParam::FbAssoParam(FbAssoParam &orig):
 ^
In file included from ../../source/ifb_updateproject.cpp:41:0:
../../include/ifbslibdef.h: At global scope:
../../include/ifbslibdef.h:232:28: warning: deprecated conversion from string constant to ‘char*’ [-Wwrite-strings]
                            );
                            ^
arm-linux-gnueabihf-g++  -DNDEBUG -Wall -O2 -fno-implicit-templates -DPLT_SYSTEM_LINUX=1 -DOV_SYSTEM_LINUX=1 -DNDEBUG -DPLT_USE_BUFFERED_STREAMS=1 -DFD_SETSIZE=128 -I../../include/ -I../../../../fbs_dienste/source/include/ -I../../../../base/ov/include/ -I../../../../base/plt/include/ -I../../../../base/ks/include/ -I. -c -o ifb_updateeval.o ../../source/ifb_updateeval.cpp
In file included from ../../include/ifbslibdef.h:126:0,
                 from ../../source/ifb_updateeval.cpp:41:
../../include/ifbslib_params.h: In copy constructor ‘FbAssoParam::FbAssoParam(FbAssoParam&)’:
../../include/ifbslib_params.h:312:1: warning: ‘FbAssoParam::identifier’ is initialized with itself [-Winit-self]
 FbAssoParam::FbAssoParam(FbAssoParam &orig):
 ^
In file included from ../../source/ifb_updateeval.cpp:41:0:
../../include/ifbslibdef.h: At global scope:
../../include/ifbslibdef.h:232:28: warning: deprecated conversion from string constant to ‘char*’ [-Wwrite-strings]
                            );
                            ^
arm-linux-gnueabihf-g++  -DNDEBUG -Wall -O2 -fno-implicit-templates -DPLT_SYSTEM_LINUX=1 -DOV_SYSTEM_LINUX=1 -DNDEBUG -DPLT_USE_BUFFERED_STREAMS=1 -DFD_SETSIZE=128 -I../../include/ -I../../../../fbs_dienste/source/include/ -I../../../../base/ov/include/ -I../../../../base/plt/include/ -I../../../../base/ks/include/ -I. -c -o ifb_dir.o ../../source/ifb_dir.cpp
In file included from ../../include/ifbslibdef.h:126:0,
                 from ../../source/ifb_dir.cpp:36:
../../include/ifbslib_params.h: In copy constructor ‘FbAssoParam::FbAssoParam(FbAssoParam&)’:
../../include/ifbslib_params.h:312:1: warning: ‘FbAssoParam::identifier’ is initialized with itself [-Winit-self]
 FbAssoParam::FbAssoParam(FbAssoParam &orig):
 ^
In file included from ../../source/ifb_dir.cpp:36:0:
../../include/ifbslibdef.h: At global scope:
../../include/ifbslibdef.h:232:28: warning: deprecated conversion from string constant to ‘char*’ [-Wwrite-strings]
                            );
                            ^
arm-linux-gnueabihf-g++  -DNDEBUG -Wall -O2 -fno-implicit-templates -DPLT_SYSTEM_LINUX=1 -DOV_SYSTEM_LINUX=1 -DNDEBUG -DPLT_USE_BUFFERED_STREAMS=1 -DFD_SETSIZE=128 -I../../include/ -I../../../../fbs_dienste/source/include/ -I../../../../base/ov/include/ -I../../../../base/plt/include/ -I../../../../base/ks/include/ -I. -c -o ifb_selectsave.o ../../source/ifb_selectsave.cpp
In file included from ../../include/ifbslibdef.h:126:0,
                 from ../../source/ifb_selectsave.cpp:37:
../../include/ifbslib_params.h: In copy constructor ‘FbAssoParam::FbAssoParam(FbAssoParam&)’:
../../include/ifbslib_params.h:312:1: warning: ‘FbAssoParam::identifier’ is initialized with itself [-Winit-self]
 FbAssoParam::FbAssoParam(FbAssoParam &orig):
 ^
In file included from ../../source/ifb_selectsave.cpp:37:0:
../../include/ifbslibdef.h: At global scope:
../../include/ifbslibdef.h:232:28: warning: deprecated conversion from string constant to ‘char*’ [-Wwrite-strings]
                            );
                            ^
arm-linux-gnueabihf-g++  -DNDEBUG -Wall -O2 -fno-implicit-templates -DPLT_SYSTEM_LINUX=1 -DOV_SYSTEM_LINUX=1 -DNDEBUG -DPLT_USE_BUFFERED_STREAMS=1 -DFD_SETSIZE=128 -I../../include/ -I../../../../fbs_dienste/source/include/ -I../../../../base/ov/include/ -I../../../../base/plt/include/ -I../../../../base/ks/include/ -I. -c -o ifb_dupl.o ../../source/ifb_dupl.cpp
In file included from ../../include/ifbslibdef.h:126:0,
                 from ../../source/ifb_dupl.cpp:36:
../../include/ifbslib_params.h: In copy constructor ‘FbAssoParam::FbAssoParam(FbAssoParam&)’:
../../include/ifbslib_params.h:312:1: warning: ‘FbAssoParam::identifier’ is initialized with itself [-Winit-self]
 FbAssoParam::FbAssoParam(FbAssoParam &orig):
 ^
In file included from ../../source/ifb_dupl.cpp:36:0:
../../include/ifbslibdef.h: At global scope:
../../include/ifbslibdef.h:232:28: warning: deprecated conversion from string constant to ‘char*’ [-Wwrite-strings]
                            );
                            ^
arm-linux-gnueabihf-g++  -DNDEBUG -Wall -O2 -fno-implicit-templates -DPLT_SYSTEM_LINUX=1 -DOV_SYSTEM_LINUX=1 -DNDEBUG -DPLT_USE_BUFFERED_STREAMS=1 -DFD_SETSIZE=128 -I../../include/ -I../../../../fbs_dienste/source/include/ -I../../../../base/ov/include/ -I../../../../base/plt/include/ -I../../../../base/ks/include/ -I. -c -o ifb_cleandb.o ../../source/ifb_cleandb.cpp
In file included from ../../include/ifbslibdef.h:126:0,
                 from ../../source/ifb_cleandb.cpp:37:
../../include/ifbslib_params.h: In copy constructor ‘FbAssoParam::FbAssoParam(FbAssoParam&)’:
../../include/ifbslib_params.h:312:1: warning: ‘FbAssoParam::identifier’ is initialized with itself [-Winit-self]
 FbAssoParam::FbAssoParam(FbAssoParam &orig):
 ^
In file included from ../../source/ifb_cleandb.cpp:37:0:
../../include/ifbslibdef.h: At global scope:
../../include/ifbslibdef.h:232:28: warning: deprecated conversion from string constant to ‘char*’ [-Wwrite-strings]
                            );
                            ^
../../source/ifb_cleandb.cpp: In function ‘KS_RESULT clean_all_inst(KscServerBase*, PltString*)’:
../../source/ifb_cleandb.cpp:169:25: warning: variable ‘lastErr’ set but not used [-Wunused-but-set-variable]
     KS_RESULT           lastErr = KS_ERR_OK;
                         ^
arm-linux-gnueabihf-g++  -DNDEBUG -Wall -O2 -fno-implicit-templates -DPLT_SYSTEM_LINUX=1 -DOV_SYSTEM_LINUX=1 -DNDEBUG -DPLT_USE_BUFFERED_STREAMS=1 -DFD_SETSIZE=128 -I../../include/ -I../../../../fbs_dienste/source/include/ -I../../../../base/ov/include/ -I../../../../base/plt/include/ -I../../../../base/ks/include/ -I. -c -o ifb_fileup.o ../../source/ifb_fileup.cpp
In file included from ../../include/ifbslibdef.h:126:0,
                 from ../../source/ifb_fileup.cpp:36:
../../include/ifbslib_params.h: In copy constructor ‘FbAssoParam::FbAssoParam(FbAssoParam&)’:
../../include/ifbslib_params.h:312:1: warning: ‘FbAssoParam::identifier’ is initialized with itself [-Winit-self]
 FbAssoParam::FbAssoParam(FbAssoParam &orig):
 ^
In file included from ../../source/ifb_fileup.cpp:36:0:
../../include/ifbslibdef.h: At global scope:
../../include/ifbslibdef.h:232:28: warning: deprecated conversion from string constant to ‘char*’ [-Wwrite-strings]
                            );
                            ^
../../source/ifb_fileup.cpp: In function ‘void getUpErrText(PltString&, PltString&)’:
../../source/ifb_fileup.cpp:184:45: warning: deprecated conversion from string constant to ‘char*’ [-Wwrite-strings]
     ifb_getValueOnly(cp, Out, 1,0,0,0,"",0,0);
                                             ^
arm-linux-gnueabihf-gcc  -Wall -DOV_DEBUG -O2 -DPLT_SYSTEM_LINUX=1 -DOV_SYSTEM_LINUX=1 -DNDEBUG -DPLT_USE_BUFFERED_STREAMS=1 -DFD_SETSIZE=128 -I../../include/ -I../../../../fbs_dienste/source/include/ -I../../../../base/ov/include/ -I../../../../base/plt/include/ -I../../../../base/ks/include/ -I. -c ../../source/lts_cfnc.c -o lts_cfnc.o
arm-linux-gnueabihf-ar rv ifbslib.a fb_parser.o fb_scanner.o ifb_getserver.o ifb_logerror.o ifb_varprops.o ifb_readblockparam.o ifb_getcondata.o ifb_getportdata.o ifb_createcomcon.o ifb_setpar.o ifb_av.o ifb_delobj.o ifb_crobj.o ifb_tasklink.o ifb_rename.o ifb_delfulltu.o ifb_dbsaveinstream.o ifb_memfre.o ifb_importproject.o ifb_aufraeumen.o ifb_importeval.o ifb_compproject.o ifb_compeval.o ifb_updateproject.o ifb_updateeval.o ifb_dir.o ifb_selectsave.o ifb_dupl.o ifb_cleandb.o ifb_fileup.o lts_cfnc.o
arm-linux-gnueabihf-ar: creating ifbslib.a
a - fb_parser.o
a - fb_scanner.o
a - ifb_getserver.o
a - ifb_logerror.o
a - ifb_varprops.o
a - ifb_readblockparam.o
a - ifb_getcondata.o
a - ifb_getportdata.o
a - ifb_createcomcon.o
a - ifb_setpar.o
a - ifb_av.o
a - ifb_delobj.o
a - ifb_crobj.o
a - ifb_tasklink.o
a - ifb_rename.o
a - ifb_delfulltu.o
a - ifb_dbsaveinstream.o
a - ifb_memfre.o
a - ifb_importproject.o
a - ifb_aufraeumen.o
a - ifb_importeval.o
a - ifb_compproject.o
a - ifb_compeval.o
a - ifb_updateproject.o
a - ifb_updateeval.o
a - ifb_dir.o
a - ifb_selectsave.o
a - ifb_dupl.o
a - ifb_cleandb.o
a - ifb_fileup.o
a - lts_cfnc.o
arm-linux-gnueabihf-ranlib ifbslib.a
arm-linux-gnueabihf-strip --strip-debug ifbslib.a
arm-linux-gnueabihf-g++  -DNDEBUG -Wall -O2 -fno-implicit-templates -DPLT_SYSTEM_LINUX=1 -DOV_SYSTEM_LINUX=1 -DNDEBUG -DPLT_USE_BUFFERED_STREAMS=1 -DFD_SETSIZE=128 -I../../include/ -I../../../../fbs_dienste/source/include/ -I../../../../base/ov/include/ -I../../../../base/plt/include/ -I../../../../base/ks/include/ -I. -c -o fb_dbcommands.o ../../source/dbcommands.cpp
In file included from ../../include/ifbslibdef.h:126:0,
                 from ../../source/dbcommands.cpp:2:
../../include/ifbslib_params.h: In copy constructor ‘FbAssoParam::FbAssoParam(FbAssoParam&)’:
../../include/ifbslib_params.h:312:1: warning: ‘FbAssoParam::identifier’ is initialized with itself [-Winit-self]
 FbAssoParam::FbAssoParam(FbAssoParam &orig):
 ^
In file included from ../../source/dbcommands.cpp:2:0:
../../include/ifbslibdef.h: At global scope:
../../include/ifbslibdef.h:232:28: warning: deprecated conversion from string constant to ‘char*’ [-Wwrite-strings]
                            );
                            ^
../../source/dbcommands.cpp: In function ‘int main(int, char**)’:
../../source/dbcommands.cpp:272:34: warning: deprecated conversion from string constant to ‘char*’ [-Wwrite-strings]
     char*           servername = "localhost/fb_database";
                                  ^
arm-linux-gnueabihf-g++  -DNDEBUG -Wall -O2 -fno-implicit-templates -DPLT_SYSTEM_LINUX=1 -DOV_SYSTEM_LINUX=1 -DNDEBUG -DPLT_USE_BUFFERED_STREAMS=1 -DFD_SETSIZE=128 -I../../include/ -I../../../../fbs_dienste/source/include/ -I../../../../base/ov/include/ -I../../../../base/plt/include/ -I../../../../base/ks/include/ -I. -c -o templ_for_exec.o ../../source/templ_for_exec.cpp
In file included from ../../source/templ_for_exec.cpp:36:0:
../../include/ifbslib_params.h: In copy constructor ‘FbAssoParam::FbAssoParam(FbAssoParam&)’:
../../include/ifbslib_params.h:312:1: warning: ‘FbAssoParam::identifier’ is initialized with itself [-Winit-self]
 FbAssoParam::FbAssoParam(FbAssoParam &orig):
 ^
MAKE=make perl ../templ.pl arm-linux-gnueabihf-g++  -o fb_dbcommands fb_dbcommands.o templ_for_exec.o ifbslib.a ../../../../base/ks/build/linux/libkscln.a ../../../../base/ks/build/linux/libks.a ../../../../base/plt/build/linux/libplt.a -lstdc++ 
Template linker (c) 1997 ACPLT
Starting run 1...
arm-linux-gnueabihf-g++ -o fb_dbcommands fb_dbcommands.o templ_for_exec.o ifbslib.a ../../../../base/ks/build/linux/libkscln.a ../../../../base/ks/build/linux/libks.a ../../../../base/plt/build/linux/libplt.a -lstdc++

Finished: All templates seem to be instantiated.
arm-linux-gnueabihf-strip --strip-debug fb_dbcommands
arm-linux-gnueabihf-g++  -DNDEBUG -Wall -O2 -fno-implicit-templates -DPLT_SYSTEM_LINUX=1 -DOV_SYSTEM_LINUX=1 -DNDEBUG -DPLT_USE_BUFFERED_STREAMS=1 -DFD_SETSIZE=128 -I../../include/ -I../../../../fbs_dienste/source/include/ -I../../../../base/ov/include/ -I../../../../base/plt/include/ -I../../../../base/ks/include/ -I. -c -o fb_init.o ../../source/fb_init.cpp
In file included from ../../include/ifbslibdef.h:126:0,
                 from ../../source/fb_init.cpp:5:
../../include/ifbslib_params.h: In copy constructor ‘FbAssoParam::FbAssoParam(FbAssoParam&)’:
../../include/ifbslib_params.h:312:1: warning: ‘FbAssoParam::identifier’ is initialized with itself [-Winit-self]
 FbAssoParam::FbAssoParam(FbAssoParam &orig):
 ^
In file included from ../../source/fb_init.cpp:5:0:
../../include/ifbslibdef.h: At global scope:
../../include/ifbslibdef.h:232:28: warning: deprecated conversion from string constant to ‘char*’ [-Wwrite-strings]
                            );
                            ^
../../source/fb_init.cpp: In function ‘int main(int, char**)’:
../../source/fb_init.cpp:20:22: warning: deprecated conversion from string constant to ‘char*’ [-Wwrite-strings]
     char      *pHS = "localhost/ov_server"; // Host/Server
                      ^
MAKE=make perl ../templ.pl arm-linux-gnueabihf-g++  -o fb_init fb_init.o templ_for_exec.o ifbslib.a ../../../../base/ks/build/linux/libkscln.a ../../../../base/ks/build/linux/libks.a ../../../../base/plt/build/linux/libplt.a -lstdc++ 
Template linker (c) 1997 ACPLT
Starting run 1...
arm-linux-gnueabihf-g++ -o fb_init fb_init.o templ_for_exec.o ifbslib.a ../../../../base/ks/build/linux/libkscln.a ../../../../base/ks/build/linux/libks.a ../../../../base/plt/build/linux/libplt.a -lstdc++

Finished: All templates seem to be instantiated.
arm-linux-gnueabihf-strip --strip-debug fb_init
make: Leaving directory `/home/travis/build/acplt/rte/build/acplt.build/base/fbs_dienste/build/linux'
make: Entering directory `/home/travis/build/acplt/rte/build/acplt.build/base/ov/build/linux'
bison -t -d -oov_ovmparser.c ../../source/codegen/ov_ovmparser.y
arm-linux-gnueabihf-gcc  -g -Wall -Winit-self -Wno-attributes -std=c99 -fno-strict-aliasing -fPIC -O0 -fvisibility=hidden   -DPLT_SYSTEM_LINUX=1 -DPLT_USE_BUFFERED_STREAMS=1 -DPLT_SERVER_TRUNC_ONLY=1 -DNDEBUG -DOV_DEBUG=1 -DOV_VALGRIND=1 -DOV_SYNC_PTHREAD=1 -DNO_LIBML=1 -DOV_SYSTEM_LINUX=1    -I../../../plt/include/ -I../../../ks/include/ -I../../include/ -I../../model/ -I../../source/codegen/ -I../../source/builder/ -I../../source/example/ -I../../source/kshist/ -I../../source/dynov/ -I../../source/tasklib/ -I../../source/dbparse/ -I../../source/dbdump/ -I../../include/libml/ -I../../include/runtimeserver/ -I. -c ov_ovmparser.c -o ov_ovmparser.o
flex -oov_ovmscanner.c ../../source/codegen/ov_ovmscanner.lex
arm-linux-gnueabihf-gcc  -g -Wall -Winit-self -Wno-attributes -std=c99 -fno-strict-aliasing -fPIC -O0 -fvisibility=hidden   -DPLT_SYSTEM_LINUX=1 -DPLT_USE_BUFFERED_STREAMS=1 -DPLT_SERVER_TRUNC_ONLY=1 -DNDEBUG -DOV_DEBUG=1 -DOV_VALGRIND=1 -DOV_SYNC_PTHREAD=1 -DNO_LIBML=1 -DOV_SYSTEM_LINUX=1    -I../../../plt/include/ -I../../../ks/include/ -I../../include/ -I../../model/ -I../../source/codegen/ -I../../source/builder/ -I../../source/example/ -I../../source/kshist/ -I../../source/dynov/ -I../../source/tasklib/ -I../../source/dbparse/ -I../../source/dbdump/ -I../../include/libml/ -I../../include/runtimeserver/ -I. -c ov_ovmscanner.c -o ov_ovmscanner.o
arm-linux-gnueabihf-gcc  -g -Wall -Winit-self -Wno-attributes -std=c99 -fno-strict-aliasing -fPIC -O0 -fvisibility=hidden   -DPLT_SYSTEM_LINUX=1 -DPLT_USE_BUFFERED_STREAMS=1 -DPLT_SERVER_TRUNC_ONLY=1 -DNDEBUG -DOV_DEBUG=1 -DOV_VALGRIND=1 -DOV_SYNC_PTHREAD=1 -DNO_LIBML=1 -DOV_SYSTEM_LINUX=1    -I../../../plt/include/ -I../../../ks/include/ -I../../include/ -I../../model/ -I../../source/codegen/ -I../../source/builder/ -I../../source/example/ -I../../source/kshist/ -I../../source/dynov/ -I../../source/tasklib/ -I../../source/dbparse/ -I../../source/dbdump/ -I../../include/libml/ -I../../include/runtimeserver/ -I. -c ../../source/codegen/ov_codegen.c -o ov_codegen.o
arm-linux-gnueabihf-gcc   -o ov_codegen ov_ovmparser.o ov_ovmscanner.o ov_codegen.o  -ldl
ov_codegen -I ../../model/ -f ../../model/ov.ovm -l ov
arm-linux-gnueabihf-gcc  -g -Wall -Winit-self -Wno-attributes -std=c99 -fno-strict-aliasing -fPIC -O0 -fvisibility=hidden   -DPLT_SYSTEM_LINUX=1 -DPLT_USE_BUFFERED_STREAMS=1 -DPLT_SERVER_TRUNC_ONLY=1 -DNDEBUG -DOV_DEBUG=1 -DOV_VALGRIND=1 -DOV_SYNC_PTHREAD=1 -DNO_LIBML=1 -DOV_SYSTEM_LINUX=1    -I../../../plt/include/ -I../../../ks/include/ -I../../include/ -I../../model/ -I../../source/codegen/ -I../../source/builder/ -I../../source/example/ -I../../source/kshist/ -I../../source/dynov/ -I../../source/tasklib/ -I../../source/dbparse/ -I../../source/dbdump/ -I../../include/libml/ -I../../include/runtimeserver/ -I. -c ov.c -o ov.o
arm-linux-gnueabihf-gcc  -g -Wall -Winit-self -Wno-attributes -std=c99 -fno-strict-aliasing -fPIC -O0 -fvisibility=hidden   -DPLT_SYSTEM_LINUX=1 -DPLT_USE_BUFFERED_STREAMS=1 -DPLT_SERVER_TRUNC_ONLY=1 -DNDEBUG -DOV_DEBUG=1 -DOV_VALGRIND=1 -DOV_SYNC_PTHREAD=1 -DNO_LIBML=1 -DOV_SYSTEM_LINUX=1    -I../../../plt/include/ -I../../../ks/include/ -I../../include/ -I../../model/ -I../../source/codegen/ -I../../source/builder/ -I../../source/example/ -I../../source/kshist/ -I../../source/dynov/ -I../../source/tasklib/ -I../../source/dbparse/ -I../../source/dbdump/ -I../../include/libml/ -I../../include/runtimeserver/ -I. -c ../../source/libov/ov_association.c -o ov_association.o
arm-linux-gnueabihf-gcc  -g -Wall -Winit-self -Wno-attributes -std=c99 -fno-strict-aliasing -fPIC -O0 -fvisibility=hidden   -DPLT_SYSTEM_LINUX=1 -DPLT_USE_BUFFERED_STREAMS=1 -DPLT_SERVER_TRUNC_ONLY=1 -DNDEBUG -DOV_DEBUG=1 -DOV_VALGRIND=1 -DOV_SYNC_PTHREAD=1 -DNO_LIBML=1 -DOV_SYSTEM_LINUX=1    -I../../../plt/include/ -I../../../ks/include/ -I../../include/ -I../../model/ -I../../source/codegen/ -I../../source/builder/ -I../../source/example/ -I../../source/kshist/ -I../../source/dynov/ -I../../source/tasklib/ -I../../source/dbparse/ -I../../source/dbdump/ -I../../include/libml/ -I../../include/runtimeserver/ -I. -c ../../source/libov/ov_childrelationship.c -o ov_childrelationship.o
arm-linux-gnueabihf-gcc  -g -Wall -Winit-self -Wno-attributes -std=c99 -fno-strict-aliasing -fPIC -O0 -fvisibility=hidden   -DPLT_SYSTEM_LINUX=1 -DPLT_USE_BUFFERED_STREAMS=1 -DPLT_SERVER_TRUNC_ONLY=1 -DNDEBUG -DOV_DEBUG=1 -DOV_VALGRIND=1 -DOV_SYNC_PTHREAD=1 -DNO_LIBML=1 -DOV_SYSTEM_LINUX=1    -I../../../plt/include/ -I../../../ks/include/ -I../../include/ -I../../model/ -I../../source/codegen/ -I../../source/builder/ -I../../source/example/ -I../../source/kshist/ -I../../source/dynov/ -I../../source/tasklib/ -I../../source/dbparse/ -I../../source/dbdump/ -I../../include/libml/ -I../../include/runtimeserver/ -I. -c ../../source/libov/ov_class.c -o ov_class.o
arm-linux-gnueabihf-gcc  -g -Wall -Winit-self -Wno-attributes -std=c99 -fno-strict-aliasing -fPIC -O0 -fvisibility=hidden   -DPLT_SYSTEM_LINUX=1 -DPLT_USE_BUFFERED_STREAMS=1 -DPLT_SERVER_TRUNC_ONLY=1 -DNDEBUG -DOV_DEBUG=1 -DOV_VALGRIND=1 -DOV_SYNC_PTHREAD=1 -DNO_LIBML=1 -DOV_SYSTEM_LINUX=1    -I../../../plt/include/ -I../../../ks/include/ -I../../include/ -I../../model/ -I../../source/codegen/ -I../../source/builder/ -I../../source/example/ -I../../source/kshist/ -I../../source/dynov/ -I../../source/tasklib/ -I../../source/dbparse/ -I../../source/dbdump/ -I../../include/libml/ -I../../include/runtimeserver/ -I. -c ../../source/libov/ov_construction.c -o ov_construction.o
arm-linux-gnueabihf-gcc  -g -Wall -Winit-self -Wno-attributes -std=c99 -fno-strict-aliasing -fPIC -O0 -fvisibility=hidden   -DPLT_SYSTEM_LINUX=1 -DPLT_USE_BUFFERED_STREAMS=1 -DPLT_SERVER_TRUNC_ONLY=1 -DNDEBUG -DOV_DEBUG=1 -DOV_VALGRIND=1 -DOV_SYNC_PTHREAD=1 -DNO_LIBML=1 -DOV_SYSTEM_LINUX=1    -I../../../plt/include/ -I../../../ks/include/ -I../../include/ -I../../model/ -I../../source/codegen/ -I../../source/builder/ -I../../source/example/ -I../../source/kshist/ -I../../source/dynov/ -I../../source/tasklib/ -I../../source/dbparse/ -I../../source/dbdump/ -I../../include/libml/ -I../../include/runtimeserver/ -I. -c ../../source/libov/ov_containment.c -o ov_containment.o
arm-linux-gnueabihf-gcc  -g -Wall -Winit-self -Wno-attributes -std=c99 -fno-strict-aliasing -fPIC -O0 -fvisibility=hidden   -DPLT_SYSTEM_LINUX=1 -DPLT_USE_BUFFERED_STREAMS=1 -DPLT_SERVER_TRUNC_ONLY=1 -DNDEBUG -DOV_DEBUG=1 -DOV_VALGRIND=1 -DOV_SYNC_PTHREAD=1 -DNO_LIBML=1 -DOV_SYSTEM_LINUX=1    -I../../../plt/include/ -I../../../ks/include/ -I../../include/ -I../../model/ -I../../source/codegen/ -I../../source/builder/ -I../../source/example/ -I../../source/kshist/ -I../../source/dynov/ -I../../source/tasklib/ -I../../source/dbparse/ -I../../source/dbdump/ -I../../include/libml/ -I../../include/runtimeserver/ -I. -c ../../source/libov/ov_database.c -o ov_database.o
../../source/libov/ov_database.c:2320:31: fatal error: valgrind/memcheck.h: No such file or directory
 #include <valgrind/memcheck.h>
                               ^
compilation terminated.
make: *** [ov_database.o] Error 1
make: Leaving directory `/home/travis/build/acplt/rte/build/acplt.build/base/ov/build/linux'
