make: Entering directory `/home/travis/build/acplt/rte/build/acplt.build/base/ov/source/libml'
i686-w64-mingw32-gcc -m32 -Wall -O2 -DML_SYSTEM_UNIX -DDBG_TO_STDERR=0 -fPIC  -I. -c ml_malloc.c
ml_malloc.c:1:0: warning: -fPIC ignored for target (all code is position independent) [enabled by default]
i686-w64-mingw32-gcc -m32 -Wall -O2 -DML_SYSTEM_UNIX -DDBG_TO_STDERR=0 -fPIC  -I. -c ml_free.c
ml_free.c:1:0: warning: -fPIC ignored for target (all code is position independent) [enabled by default]
i686-w64-mingw32-gcc -m32 -Wall -O2 -DML_SYSTEM_UNIX -DDBG_TO_STDERR=0 -fPIC  -I. -c ml_realloc.c
ml_realloc.c:1:0: warning: -fPIC ignored for target (all code is position independent) [enabled by default]
ml_realloc.c: In function ‘ml_rundupFileSize’:
ml_realloc.c:108:5: warning: implicit declaration of function ‘getpagesize’ [-Wimplicit-function-declaration]
i686-w64-mingw32-ar crv libml.a ml_malloc.o ml_free.o ml_realloc.o
a - ml_malloc.o
a - ml_free.o
a - ml_realloc.o
i686-w64-mingw32-ranlib libml.a
make: Leaving directory `/home/travis/build/acplt/rte/build/acplt.build/base/ov/source/libml'
i686-w64-mingw32-gcc -c -I..    clnt_raw.c
clnt_raw.c:59:8: warning: extra tokens at end of #endif directive [enabled by default]
i686-w64-mingw32-gcc -c -I..    xdr.c
xdr.c:56:7: warning: conflicting types for built-in function ‘malloc’ [enabled by default]
xdr.c: In function ‘xdr_bytes’:
xdr.c:439:4: warning: incompatible implicit declaration of built-in function ‘free’ [enabled by default]
xdr.c: In function ‘xdr_string’:
xdr.c:539:10: warning: incompatible implicit declaration of built-in function ‘strlen’ [enabled by default]
xdr.c:576:3: warning: incompatible implicit declaration of built-in function ‘free’ [enabled by default]
i686-w64-mingw32-gcc -c -I..    clnt_tcp.c
clnt_tcp.c: In function ‘clnttcp_create’:
clnt_tcp.c:193:69: warning: passing argument 4 of ‘setsockopt’ from incompatible pointer type [enabled by default]
/usr/lib/gcc/i686-w64-mingw32/4.6/../../../../i686-w64-mingw32/include/winsock.h:320:34: note: expected ‘const char *’ but argument is of type ‘struct linger *’
clnt_tcp.c: In function ‘readtcp’:
clnt_tcp.c:477:11: warning: passing argument 3 of ‘select’ from incompatible pointer type [enabled by default]
/usr/lib/gcc/i686-w64-mingw32/4.6/../../../../i686-w64-mingw32/include/winsock.h:317:34: note: expected ‘struct fd_set *’ but argument is of type ‘int *’
clnt_tcp.c:477:11: warning: passing argument 4 of ‘select’ from incompatible pointer type [enabled by default]
/usr/lib/gcc/i686-w64-mingw32/4.6/../../../../i686-w64-mingw32/include/winsock.h:317:34: note: expected ‘struct fd_set *’ but argument is of type ‘int *’
i686-w64-mingw32-gcc -c -I..    clnt_udp.c
clnt_udp.c: In function ‘clntudp_bufcreate’:
clnt_udp.c:213:3: warning: passing argument 3 of ‘ioctlsocket’ from incompatible pointer type [enabled by default]
/usr/lib/gcc/i686-w64-mingw32/4.6/../../../../i686-w64-mingw32/include/winsock.h:304:34: note: expected ‘u_long *’ but argument is of type ‘char *’
clnt_udp.c: In function ‘clntudp_call’:
clnt_udp.c:338:11: warning: passing argument 3 of ‘select’ from incompatible pointer type [enabled by default]
/usr/lib/gcc/i686-w64-mingw32/4.6/../../../../i686-w64-mingw32/include/winsock.h:317:34: note: expected ‘struct fd_set *’ but argument is of type ‘int *’
clnt_udp.c:338:11: warning: passing argument 4 of ‘select’ from incompatible pointer type [enabled by default]
/usr/lib/gcc/i686-w64-mingw32/4.6/../../../../i686-w64-mingw32/include/winsock.h:317:34: note: expected ‘struct fd_set *’ but argument is of type ‘int *’
i686-w64-mingw32-gcc -c -I..    pmap_rmt.c
pmap_rmt.c: In function ‘clnt_broadcast’:
pmap_rmt.c:291:2: warning: passing argument 4 of ‘setsockopt’ from incompatible pointer type [enabled by default]
/usr/lib/gcc/i686-w64-mingw32/4.6/../../../../i686-w64-mingw32/include/winsock.h:320:34: note: expected ‘const char *’ but argument is of type ‘int *’
pmap_rmt.c:363:11: warning: passing argument 3 of ‘select’ from incompatible pointer type [enabled by default]
/usr/lib/gcc/i686-w64-mingw32/4.6/../../../../i686-w64-mingw32/include/winsock.h:317:34: note: expected ‘struct fd_set *’ but argument is of type ‘int *’
pmap_rmt.c:363:11: warning: passing argument 4 of ‘select’ from incompatible pointer type [enabled by default]
/usr/lib/gcc/i686-w64-mingw32/4.6/../../../../i686-w64-mingw32/include/winsock.h:317:34: note: expected ‘struct fd_set *’ but argument is of type ‘int *’
i686-w64-mingw32-gcc -c -I..    rpc_prot.c
i686-w64-mingw32-gcc -c -I..    svc_autu.c
i686-w64-mingw32-gcc -c -I..    svc_auth.c
i686-w64-mingw32-gcc -c -I..    svc_raw.c
i686-w64-mingw32-gcc -c -I..    svc_run.c
svc_run.c: In function ‘svc_run’:
svc_run.c:80:19: warning: passing argument 3 of ‘select’ from incompatible pointer type [enabled by default]
/usr/lib/gcc/i686-w64-mingw32/4.6/../../../../i686-w64-mingw32/include/winsock.h:317:34: note: expected ‘struct fd_set *’ but argument is of type ‘int *’
svc_run.c:80:19: warning: passing argument 4 of ‘select’ from incompatible pointer type [enabled by default]
/usr/lib/gcc/i686-w64-mingw32/4.6/../../../../i686-w64-mingw32/include/winsock.h:317:34: note: expected ‘struct fd_set *’ but argument is of type ‘int *’
i686-w64-mingw32-gcc -c -I..    svc_tcp.c
svc_tcp.c: In function ‘readtcp’:
svc_tcp.c:368:7: warning: passing argument 3 of ‘select’ from incompatible pointer type [enabled by default]
/usr/lib/gcc/i686-w64-mingw32/4.6/../../../../i686-w64-mingw32/include/winsock.h:317:34: note: expected ‘struct fd_set *’ but argument is of type ‘int *’
svc_tcp.c:368:7: warning: passing argument 4 of ‘select’ from incompatible pointer type [enabled by default]
/usr/lib/gcc/i686-w64-mingw32/4.6/../../../../i686-w64-mingw32/include/winsock.h:317:34: note: expected ‘struct fd_set *’ but argument is of type ‘int *’
i686-w64-mingw32-gcc -c -I..    svc_udp.c
i686-w64-mingw32-gcc -c -I..    xdr_mem.c
i686-w64-mingw32-gcc -c -I..    xdr_rec.c
i686-w64-mingw32-gcc -c -I..    auth_non.c
auth_non.c: In function ‘authnone_create’:
auth_non.c:89:35: warning: incompatible implicit declaration of built-in function ‘calloc’ [enabled by default]
i686-w64-mingw32-gcc -c -I..    auth_uni.c
i686-w64-mingw32-gcc -c -I..    authunix.c
i686-w64-mingw32-gcc -c -I..    bindresv.c
bindresv.c: In function ‘bindresvport’:
bindresv.c:80:3: warning: passing argument 1 of ‘bzero’ from incompatible pointer type [enabled by default]
../rpc/bcopy.h:18:6: note: expected ‘char *’ but argument is of type ‘struct sockaddr_in *’
bindresv.c:106:37: warning: passing argument 2 of ‘bind’ from incompatible pointer type [enabled by default]
/usr/lib/gcc/i686-w64-mingw32/4.6/../../../../i686-w64-mingw32/include/winsock.h:301:34: note: expected ‘const struct sockaddr *’ but argument is of type ‘struct sockaddr_in *’
i686-w64-mingw32-gcc -c -I..    clnt_gen.c
i686-w64-mingw32-gcc -c -I..    clnt_per.c
clnt_per.c: In function ‘clnt_sperror’:
clnt_per.c:98:9: warning: incompatible implicit declaration of built-in function ‘strlen’ [enabled by default]
clnt_per.c: In function ‘clnt_spcreateerror’:
clnt_per.c:263:13: warning: ‘_sys_nerr’ redeclared without dllimport attribute after being referenced with dll linkage [enabled by default]
clnt_per.c:272:9: warning: incompatible implicit declaration of built-in function ‘strcat’ [enabled by default]
clnt_per.c:291:24: warning: incompatible implicit declaration of built-in function ‘strlen’ [enabled by default]
i686-w64-mingw32-gcc -c -I..    clnt_sim.c
i686-w64-mingw32-gcc -c -I..    get_myad.c
i686-w64-mingw32-gcc -c -I..    getrpcen.c
i686-w64-mingw32-gcc -c -I..    getrpcpo.c
i686-w64-mingw32-gcc -c -I..    pmap_cln.c
i686-w64-mingw32-gcc -c -I..    pmap_get.c
i686-w64-mingw32-gcc -c -I..    pmap_gma.c
i686-w64-mingw32-gcc -c -I..    pmap_pro.c
i686-w64-mingw32-gcc -c -I..    pmap_pr.c
i686-w64-mingw32-gcc -c -I..    rpc_call.c
i686-w64-mingw32-gcc -c -I..    rpc_comm.c
i686-w64-mingw32-gcc -c -I..    svc_simp.c
i686-w64-mingw32-gcc -c -I..    xdr_arra.c
xdr_arra.c: In function ‘xdr_array’:
xdr_arra.c:103:22: warning: incompatible implicit declaration of built-in function ‘malloc’ [enabled by default]
xdr_arra.c:113:4: warning: incompatible implicit declaration of built-in function ‘bzero’ [enabled by default]
xdr_arra.c:132:3: warning: incompatible implicit declaration of built-in function ‘free’ [enabled by default]
i686-w64-mingw32-gcc -c -I..    xdr_floa.c
i686-w64-mingw32-gcc -c -I..    xdr_refe.c
xdr_refe.c: In function ‘xdr_reference’:
xdr_refe.c:85:26: warning: incompatible implicit declaration of built-in function ‘malloc’ [enabled by default]
xdr_refe.c:95:4: warning: incompatible implicit declaration of built-in function ‘bzero’ [enabled by default]
xdr_refe.c:102:3: warning: incompatible implicit declaration of built-in function ‘free’ [enabled by default]
i686-w64-mingw32-gcc -c -I..    xdr_stdi.c
i686-w64-mingw32-gcc -c -I..    svc.c
svc.c: In function ‘xprt_register’:
svc.c:119:3: warning: passing argument 1 of ‘bcopy’ from incompatible pointer type [enabled by default]
../rpc/bcopy.h:14:6: note: expected ‘char *’ but argument is of type ‘struct SVCXPRT **’
svc.c:119:3: warning: passing argument 2 of ‘bcopy’ from incompatible pointer type [enabled by default]
../rpc/bcopy.h:14:6: note: expected ‘char *’ but argument is of type ‘struct SVCXPRT **’
i686-w64-mingw32-gcc -c -I..    bcopy.c
bcopy.c: In function ‘bcopy’:
bcopy.c:28:8: warning: argument ‘s1’ doesn’t match built-in prototype [enabled by default]
bcopy.c:28:13: warning: argument ‘s2’ doesn’t match built-in prototype [enabled by default]
bcopy.c:29:6: warning: argument ‘len’ doesn’t match built-in prototype [enabled by default]
bcopy.c: In function ‘bzero’:
bcopy.c:41:8: warning: argument ‘s’ doesn’t match built-in prototype [enabled by default]
bcopy.c:42:6: warning: argument ‘len’ doesn’t match built-in prototype [enabled by default]
bcopy.c: In function ‘bcmp’:
bcopy.c:56:8: warning: argument ‘s1’ doesn’t match built-in prototype [enabled by default]
bcopy.c:56:13: warning: argument ‘s2’ doesn’t match built-in prototype [enabled by default]
bcopy.c:57:6: warning: argument ‘len’ doesn’t match built-in prototype [enabled by default]
i686-w64-mingw32-gcc -c -I..    nt.c
nt.c: In function ‘nt_rpc_report’:
nt.c:66:13: warning: passing argument 8 of ‘ReportEventA’ from incompatible pointer type [enabled by default]
/usr/lib/gcc/i686-w64-mingw32/4.6/../../../../i686-w64-mingw32/include/winbase.h:2263:28: note: expected ‘const CHAR **’ but argument is of type ‘CHAR **’
i686-w64-mingw32-gcc -shared -o oncrpc.dll -Wl,--output-def,oncrpc.def  clnt_raw.o xdr.o clnt_tcp.o clnt_udp.o pmap_rmt.o rpc_prot.o svc_autu.o svc_auth.o svc_raw.o svc_run.o svc_tcp.o svc_udp.o xdr_mem.o xdr_rec.o auth_non.o auth_uni.o authunix.o bindresv.o clnt_gen.o clnt_per.o clnt_sim.o get_myad.o getrpcen.o getrpcpo.o pmap_cln.o pmap_get.o pmap_gma.o pmap_pro.o pmap_pr.o rpc_call.o rpc_comm.o svc_simp.o xdr_arra.o xdr_floa.o xdr_refe.o xdr_stdi.o svc.o bcopy.o nt.o  -lwsock32 -ladvapi32
cp oncrpc.dll ../bin
cp oncrpc.dll ../rpcgen
i686-w64-mingw32-ar crv oncrpc.a clnt_raw.o xdr.o clnt_tcp.o clnt_udp.o pmap_rmt.o rpc_prot.o svc_autu.o svc_auth.o svc_raw.o svc_run.o svc_tcp.o svc_udp.o xdr_mem.o xdr_rec.o auth_non.o auth_uni.o authunix.o bindresv.o clnt_gen.o clnt_per.o clnt_sim.o get_myad.o getrpcen.o getrpcpo.o pmap_cln.o pmap_get.o pmap_gma.o pmap_pro.o pmap_pr.o rpc_call.o rpc_comm.o svc_simp.o xdr_arra.o xdr_floa.o xdr_refe.o xdr_stdi.o svc.o bcopy.o nt.o
a - clnt_raw.o
a - xdr.o
a - clnt_tcp.o
a - clnt_udp.o
a - pmap_rmt.o
a - rpc_prot.o
a - svc_autu.o
a - svc_auth.o
a - svc_raw.o
a - svc_run.o
a - svc_tcp.o
a - svc_udp.o
a - xdr_mem.o
a - xdr_rec.o
a - auth_non.o
a - auth_uni.o
a - authunix.o
a - bindresv.o
a - clnt_gen.o
a - clnt_per.o
a - clnt_sim.o
a - get_myad.o
a - getrpcen.o
a - getrpcpo.o
a - pmap_cln.o
a - pmap_get.o
a - pmap_gma.o
a - pmap_pro.o
a - pmap_pr.o
a - rpc_call.o
a - rpc_comm.o
a - svc_simp.o
a - xdr_arra.o
a - xdr_floa.o
a - xdr_refe.o
a - xdr_stdi.o
a - svc.o
a - bcopy.o
a - nt.o
cp oncrpc.a ../bin
make: Entering directory `/home/travis/build/acplt/rte/build/acplt.build/base/plt/build/cygwin'
../unix.mk:87: .depend: No such file or directory
touch .depend
make: Leaving directory `/home/travis/build/acplt/rte/build/acplt.build/base/plt/build/cygwin'
make: Entering directory `/home/travis/build/acplt/rte/build/acplt.build/base/plt/build/cygwin'
i686-w64-mingw32-g++ -m32 -I. -I../../include  -fno-implicit-templates -DPLT_SYSTEM_NT=1 -DCYGWIN  -I/cygdrive/c/MinGW32/include -O2 -Wall -DNDEBUG  -c -o alloc.o ../../src/alloc.cpp
make: i686-w64-mingw32-g++: Command not found
make: *** [alloc.o] Error 127
make: Leaving directory `/home/travis/build/acplt/rte/build/acplt.build/base/plt/build/cygwin'
