make: Entering directory `/home/travis/build/acplt/rte/build/acplt.build/base/ov/source/libml'
gcc -m32 -Wall -O2 -DML_SYSTEM_UNIX -DDBG_TO_STDERR=0 -fPIC  -I. -c ml_malloc.c
gcc -m32 -Wall -O2 -DML_SYSTEM_UNIX -DDBG_TO_STDERR=0 -fPIC  -I. -c ml_free.c
gcc -m32 -Wall -O2 -DML_SYSTEM_UNIX -DDBG_TO_STDERR=0 -fPIC  -I. -c ml_realloc.c
ar crv libml.a ml_malloc.o ml_free.o ml_realloc.o
a - ml_malloc.o
a - ml_free.o
a - ml_realloc.o
ranlib libml.a
make: Leaving directory `/home/travis/build/acplt/rte/build/acplt.build/base/ov/source/libml'
make: Entering directory `/home/travis/build/acplt/rte/build/acplt.build/base/ov/build/linux'
bison -t -d -oov_ovmparser.c ../../source/codegen/ov_ovmparser.y
gcc -m32 -g -Wall -Winit-self -Wno-attributes -std=c99 -fno-strict-aliasing -fPIC -O0 -fvisibility=hidden   -DPLT_SYSTEM_LINUX=1 -DPLT_USE_BUFFERED_STREAMS=1 -DPLT_SERVER_TRUNC_ONLY=1 -DNDEBUG -DOV_DEBUG  -DOV_SYSTEM_LINUX=1    -I../../../plt/include/ -I../../../ks/include/ -I../../include/ -I../../model/ -I../../source/codegen/ -I../../source/builder/ -I../../source/example/ -I../../source/kshist/ -I../../source/dynov/ -I../../source/tasklib/ -I../../source/dbparse/ -I../../source/dbdump/ -I../../include/libml/ -I../../include/runtimeserver/ -I. -c ov_ovmparser.c -o ov_ovmparser.o
flex -oov_ovmscanner.c ../../source/codegen/ov_ovmscanner.lex
gcc -m32 -g -Wall -Winit-self -Wno-attributes -std=c99 -fno-strict-aliasing -fPIC -O0 -fvisibility=hidden   -DPLT_SYSTEM_LINUX=1 -DPLT_USE_BUFFERED_STREAMS=1 -DPLT_SERVER_TRUNC_ONLY=1 -DNDEBUG -DOV_DEBUG  -DOV_SYSTEM_LINUX=1    -I../../../plt/include/ -I../../../ks/include/ -I../../include/ -I../../model/ -I../../source/codegen/ -I../../source/builder/ -I../../source/example/ -I../../source/kshist/ -I../../source/dynov/ -I../../source/tasklib/ -I../../source/dbparse/ -I../../source/dbdump/ -I../../include/libml/ -I../../include/runtimeserver/ -I. -c ov_ovmscanner.c -o ov_ovmscanner.o
ov_ovmscanner.c: In function ‘yy_init_buffer’:
ov_ovmscanner.c:2391:9: warning: implicit declaration of function ‘fileno’ [-Wimplicit-function-declaration]
../../source/codegen/ov_ovmscanner.lex: At top level:
ov_ovmscanner.c:2143:17: warning: ‘yyunput’ defined but not used [-Wunused-function]
ov_ovmscanner.c:2184:16: warning: ‘input’ defined but not used [-Wunused-function]
gcc -m32 -g -Wall -Winit-self -Wno-attributes -std=c99 -fno-strict-aliasing -fPIC -O0 -fvisibility=hidden   -DPLT_SYSTEM_LINUX=1 -DPLT_USE_BUFFERED_STREAMS=1 -DPLT_SERVER_TRUNC_ONLY=1 -DNDEBUG -DOV_DEBUG  -DOV_SYSTEM_LINUX=1    -I../../../plt/include/ -I../../../ks/include/ -I../../include/ -I../../model/ -I../../source/codegen/ -I../../source/builder/ -I../../source/example/ -I../../source/kshist/ -I../../source/dynov/ -I../../source/tasklib/ -I../../source/dbparse/ -I../../source/dbdump/ -I../../include/libml/ -I../../include/runtimeserver/ -I. -c ../../source/codegen/ov_codegen.c -o ov_codegen.o
gcc -m32  -o ov_codegen ov_ovmparser.o ov_ovmscanner.o ov_codegen.o  -ldl
strip --strip-debug ov_codegen
./ov_codegen -I ../../model/ -f ../../model/ov.ovm -l ov
gcc -m32 -g -Wall -Winit-self -Wno-attributes -std=c99 -fno-strict-aliasing -fPIC -O0 -fvisibility=hidden   -DPLT_SYSTEM_LINUX=1 -DPLT_USE_BUFFERED_STREAMS=1 -DPLT_SERVER_TRUNC_ONLY=1 -DNDEBUG -DOV_DEBUG  -DOV_SYSTEM_LINUX=1    -I../../../plt/include/ -I../../../ks/include/ -I../../include/ -I../../model/ -I../../source/codegen/ -I../../source/builder/ -I../../source/example/ -I../../source/kshist/ -I../../source/dynov/ -I../../source/tasklib/ -I../../source/dbparse/ -I../../source/dbdump/ -I../../include/libml/ -I../../include/runtimeserver/ -I. -c ov.c -o ov.o
gcc -m32 -g -Wall -Winit-self -Wno-attributes -std=c99 -fno-strict-aliasing -fPIC -O0 -fvisibility=hidden   -DPLT_SYSTEM_LINUX=1 -DPLT_USE_BUFFERED_STREAMS=1 -DPLT_SERVER_TRUNC_ONLY=1 -DNDEBUG -DOV_DEBUG  -DOV_SYSTEM_LINUX=1    -I../../../plt/include/ -I../../../ks/include/ -I../../include/ -I../../model/ -I../../source/codegen/ -I../../source/builder/ -I../../source/example/ -I../../source/kshist/ -I../../source/dynov/ -I../../source/tasklib/ -I../../source/dbparse/ -I../../source/dbdump/ -I../../include/libml/ -I../../include/runtimeserver/ -I. -c ../../source/libov/ov_association.c -o ov_association.o
gcc -m32 -g -Wall -Winit-self -Wno-attributes -std=c99 -fno-strict-aliasing -fPIC -O0 -fvisibility=hidden   -DPLT_SYSTEM_LINUX=1 -DPLT_USE_BUFFERED_STREAMS=1 -DPLT_SERVER_TRUNC_ONLY=1 -DNDEBUG -DOV_DEBUG  -DOV_SYSTEM_LINUX=1    -I../../../plt/include/ -I../../../ks/include/ -I../../include/ -I../../model/ -I../../source/codegen/ -I../../source/builder/ -I../../source/example/ -I../../source/kshist/ -I../../source/dynov/ -I../../source/tasklib/ -I../../source/dbparse/ -I../../source/dbdump/ -I../../include/libml/ -I../../include/runtimeserver/ -I. -c ../../source/libov/ov_childrelationship.c -o ov_childrelationship.o
gcc -m32 -g -Wall -Winit-self -Wno-attributes -std=c99 -fno-strict-aliasing -fPIC -O0 -fvisibility=hidden   -DPLT_SYSTEM_LINUX=1 -DPLT_USE_BUFFERED_STREAMS=1 -DPLT_SERVER_TRUNC_ONLY=1 -DNDEBUG -DOV_DEBUG  -DOV_SYSTEM_LINUX=1    -I../../../plt/include/ -I../../../ks/include/ -I../../include/ -I../../model/ -I../../source/codegen/ -I../../source/builder/ -I../../source/example/ -I../../source/kshist/ -I../../source/dynov/ -I../../source/tasklib/ -I../../source/dbparse/ -I../../source/dbdump/ -I../../include/libml/ -I../../include/runtimeserver/ -I. -c ../../source/libov/ov_class.c -o ov_class.o
../../source/libov/ov_class.c: In function ‘ov_class_search’:
../../source/libov/ov_class.c:76:2: warning: implicit declaration of function ‘strdup’ [-Wimplicit-function-declaration]
../../source/libov/ov_class.c:76:8: warning: assignment makes pointer from integer without a cast [enabled by default]
gcc -m32 -g -Wall -Winit-self -Wno-attributes -std=c99 -fno-strict-aliasing -fPIC -O0 -fvisibility=hidden   -DPLT_SYSTEM_LINUX=1 -DPLT_USE_BUFFERED_STREAMS=1 -DPLT_SERVER_TRUNC_ONLY=1 -DNDEBUG -DOV_DEBUG  -DOV_SYSTEM_LINUX=1    -I../../../plt/include/ -I../../../ks/include/ -I../../include/ -I../../model/ -I../../source/codegen/ -I../../source/builder/ -I../../source/example/ -I../../source/kshist/ -I../../source/dynov/ -I../../source/tasklib/ -I../../source/dbparse/ -I../../source/dbdump/ -I../../include/libml/ -I../../include/runtimeserver/ -I. -c ../../source/libov/ov_construction.c -o ov_construction.o
gcc -m32 -g -Wall -Winit-self -Wno-attributes -std=c99 -fno-strict-aliasing -fPIC -O0 -fvisibility=hidden   -DPLT_SYSTEM_LINUX=1 -DPLT_USE_BUFFERED_STREAMS=1 -DPLT_SERVER_TRUNC_ONLY=1 -DNDEBUG -DOV_DEBUG  -DOV_SYSTEM_LINUX=1    -I../../../plt/include/ -I../../../ks/include/ -I../../include/ -I../../model/ -I../../source/codegen/ -I../../source/builder/ -I../../source/example/ -I../../source/kshist/ -I../../source/dynov/ -I../../source/tasklib/ -I../../source/dbparse/ -I../../source/dbdump/ -I../../include/libml/ -I../../include/runtimeserver/ -I. -c ../../source/libov/ov_containment.c -o ov_containment.o
gcc -m32 -g -Wall -Winit-self -Wno-attributes -std=c99 -fno-strict-aliasing -fPIC -O0 -fvisibility=hidden   -DPLT_SYSTEM_LINUX=1 -DPLT_USE_BUFFERED_STREAMS=1 -DPLT_SERVER_TRUNC_ONLY=1 -DNDEBUG -DOV_DEBUG  -DOV_SYSTEM_LINUX=1    -I../../../plt/include/ -I../../../ks/include/ -I../../include/ -I../../model/ -I../../source/codegen/ -I../../source/builder/ -I../../source/example/ -I../../source/kshist/ -I../../source/dynov/ -I../../source/tasklib/ -I../../source/dbparse/ -I../../source/dbdump/ -I../../include/libml/ -I../../include/runtimeserver/ -I. -c ../../source/libov/ov_database.c -o ov_database.o
gcc -m32 -g -Wall -Winit-self -Wno-attributes -std=c99 -fno-strict-aliasing -fPIC -O0 -fvisibility=hidden   -DPLT_SYSTEM_LINUX=1 -DPLT_USE_BUFFERED_STREAMS=1 -DPLT_SERVER_TRUNC_ONLY=1 -DNDEBUG -DOV_DEBUG  -DOV_SYSTEM_LINUX=1    -I../../../plt/include/ -I../../../ks/include/ -I../../include/ -I../../model/ -I../../source/codegen/ -I../../source/builder/ -I../../source/example/ -I../../source/kshist/ -I../../source/dynov/ -I../../source/tasklib/ -I../../source/dbparse/ -I../../source/dbdump/ -I../../include/libml/ -I../../include/runtimeserver/ -I. -c ../../source/libov/ov_debug.c -o ov_debug.o
gcc -m32 -g -Wall -Winit-self -Wno-attributes -std=c99 -fno-strict-aliasing -fPIC -O0 -fvisibility=hidden   -DPLT_SYSTEM_LINUX=1 -DPLT_USE_BUFFERED_STREAMS=1 -DPLT_SERVER_TRUNC_ONLY=1 -DNDEBUG -DOV_DEBUG  -DOV_SYSTEM_LINUX=1    -I../../../plt/include/ -I../../../ks/include/ -I../../include/ -I../../model/ -I../../source/codegen/ -I../../source/builder/ -I../../source/example/ -I../../source/kshist/ -I../../source/dynov/ -I../../source/tasklib/ -I../../source/dbparse/ -I../../source/dbdump/ -I../../include/libml/ -I../../include/runtimeserver/ -I. -c ../../source/libov/ov_element.c -o ov_element.o
gcc -m32 -g -Wall -Winit-self -Wno-attributes -std=c99 -fno-strict-aliasing -fPIC -O0 -fvisibility=hidden   -DPLT_SYSTEM_LINUX=1 -DPLT_USE_BUFFERED_STREAMS=1 -DPLT_SERVER_TRUNC_ONLY=1 -DNDEBUG -DOV_DEBUG  -DOV_SYSTEM_LINUX=1    -I../../../plt/include/ -I../../../ks/include/ -I../../include/ -I../../model/ -I../../source/codegen/ -I../../source/builder/ -I../../source/example/ -I../../source/kshist/ -I../../source/dynov/ -I../../source/tasklib/ -I../../source/dbparse/ -I../../source/dbdump/ -I../../include/libml/ -I../../include/runtimeserver/ -I. -c ../../source/libov/ov_embedment.c -o ov_embedment.o
gcc -m32 -g -Wall -Winit-self -Wno-attributes -std=c99 -fno-strict-aliasing -fPIC -O0 -fvisibility=hidden   -DPLT_SYSTEM_LINUX=1 -DPLT_USE_BUFFERED_STREAMS=1 -DPLT_SERVER_TRUNC_ONLY=1 -DNDEBUG -DOV_DEBUG  -DOV_SYSTEM_LINUX=1    -I../../../plt/include/ -I../../../ks/include/ -I../../include/ -I../../model/ -I../../source/codegen/ -I../../source/builder/ -I../../source/example/ -I../../source/kshist/ -I../../source/dynov/ -I../../source/tasklib/ -I../../source/dbparse/ -I../../source/dbdump/ -I../../include/libml/ -I../../include/runtimeserver/ -I. -c ../../source/libov/ov_inheritance.c -o ov_inheritance.o
gcc -m32 -g -Wall -Winit-self -Wno-attributes -std=c99 -fno-strict-aliasing -fPIC -O0 -fvisibility=hidden   -DPLT_SYSTEM_LINUX=1 -DPLT_USE_BUFFERED_STREAMS=1 -DPLT_SERVER_TRUNC_ONLY=1 -DNDEBUG -DOV_DEBUG  -DOV_SYSTEM_LINUX=1    -I../../../plt/include/ -I../../../ks/include/ -I../../include/ -I../../model/ -I../../source/codegen/ -I../../source/builder/ -I../../source/example/ -I../../source/kshist/ -I../../source/dynov/ -I../../source/tasklib/ -I../../source/dbparse/ -I../../source/dbdump/ -I../../include/libml/ -I../../include/runtimeserver/ -I. -c ../../source/libov/ov_instantiation.c -o ov_instantiation.o
gcc -m32 -g -Wall -Winit-self -Wno-attributes -std=c99 -fno-strict-aliasing -fPIC -O0 -fvisibility=hidden   -DPLT_SYSTEM_LINUX=1 -DPLT_USE_BUFFERED_STREAMS=1 -DPLT_SERVER_TRUNC_ONLY=1 -DNDEBUG -DOV_DEBUG  -DOV_SYSTEM_LINUX=1    -I../../../plt/include/ -I../../../ks/include/ -I../../include/ -I../../model/ -I../../source/codegen/ -I../../source/builder/ -I../../source/example/ -I../../source/kshist/ -I../../source/dynov/ -I../../source/tasklib/ -I../../source/dbparse/ -I../../source/dbdump/ -I../../include/libml/ -I../../include/runtimeserver/ -I. -c ../../source/libov/ov_library.c -o ov_library.o
gcc -m32 -g -Wall -Winit-self -Wno-attributes -std=c99 -fno-strict-aliasing -fPIC -O0 -fvisibility=hidden   -DPLT_SYSTEM_LINUX=1 -DPLT_USE_BUFFERED_STREAMS=1 -DPLT_SERVER_TRUNC_ONLY=1 -DNDEBUG -DOV_DEBUG  -DOV_SYSTEM_LINUX=1    -I../../../plt/include/ -I../../../ks/include/ -I../../include/ -I../../model/ -I../../source/codegen/ -I../../source/builder/ -I../../source/example/ -I../../source/kshist/ -I../../source/dynov/ -I../../source/tasklib/ -I../../source/dbparse/ -I../../source/dbdump/ -I../../include/libml/ -I../../include/runtimeserver/ -I. -c ../../source/libov/ov_logfile.c -o ov_logfile.o
gcc -m32 -g -Wall -Winit-self -Wno-attributes -std=c99 -fno-strict-aliasing -fPIC -O0 -fvisibility=hidden   -DPLT_SYSTEM_LINUX=1 -DPLT_USE_BUFFERED_STREAMS=1 -DPLT_SERVER_TRUNC_ONLY=1 -DNDEBUG -DOV_DEBUG  -DOV_SYSTEM_LINUX=1    -I../../../plt/include/ -I../../../ks/include/ -I../../include/ -I../../model/ -I../../source/codegen/ -I../../source/builder/ -I../../source/example/ -I../../source/kshist/ -I../../source/dynov/ -I../../source/tasklib/ -I../../source/dbparse/ -I../../source/dbdump/ -I../../include/libml/ -I../../include/runtimeserver/ -I. -c ../../source/libov/ov_malloc.c -o ov_malloc.o
gcc -m32 -g -Wall -Winit-self -Wno-attributes -std=c99 -fno-strict-aliasing -fPIC -O0 -fvisibility=hidden   -DPLT_SYSTEM_LINUX=1 -DPLT_USE_BUFFERED_STREAMS=1 -DPLT_SERVER_TRUNC_ONLY=1 -DNDEBUG -DOV_DEBUG  -DOV_SYSTEM_LINUX=1    -I../../../plt/include/ -I../../../ks/include/ -I../../include/ -I../../model/ -I../../source/codegen/ -I../../source/builder/ -I../../source/example/ -I../../source/kshist/ -I../../source/dynov/ -I../../source/tasklib/ -I../../source/dbparse/ -I../../source/dbdump/ -I../../include/libml/ -I../../include/runtimeserver/ -I. -c ../../source/libov/ov_memstack.c -o ov_memstack.o
gcc -m32 -g -Wall -Winit-self -Wno-attributes -std=c99 -fno-strict-aliasing -fPIC -O0 -fvisibility=hidden   -DPLT_SYSTEM_LINUX=1 -DPLT_USE_BUFFERED_STREAMS=1 -DPLT_SERVER_TRUNC_ONLY=1 -DNDEBUG -DOV_DEBUG  -DOV_SYSTEM_LINUX=1    -I../../../plt/include/ -I../../../ks/include/ -I../../include/ -I../../model/ -I../../source/codegen/ -I../../source/builder/ -I../../source/example/ -I../../source/kshist/ -I../../source/dynov/ -I../../source/tasklib/ -I../../source/dbparse/ -I../../source/dbdump/ -I../../include/libml/ -I../../include/runtimeserver/ -I. -c ../../source/libov/ov_object.c -o ov_object.o
gcc -m32 -g -Wall -Winit-self -Wno-attributes -std=c99 -fno-strict-aliasing -fPIC -O0 -fvisibility=hidden   -DPLT_SYSTEM_LINUX=1 -DPLT_USE_BUFFERED_STREAMS=1 -DPLT_SERVER_TRUNC_ONLY=1 -DNDEBUG -DOV_DEBUG  -DOV_SYSTEM_LINUX=1    -I../../../plt/include/ -I../../../ks/include/ -I../../include/ -I../../model/ -I../../source/codegen/ -I../../source/builder/ -I../../source/example/ -I../../source/kshist/ -I../../source/dynov/ -I../../source/tasklib/ -I../../source/dbparse/ -I../../source/dbdump/ -I../../include/libml/ -I../../include/runtimeserver/ -I. -c ../../source/libov/ov_operation.c -o ov_operation.o
gcc -m32 -g -Wall -Winit-self -Wno-attributes -std=c99 -fno-strict-aliasing -fPIC -O0 -fvisibility=hidden   -DPLT_SYSTEM_LINUX=1 -DPLT_USE_BUFFERED_STREAMS=1 -DPLT_SERVER_TRUNC_ONLY=1 -DNDEBUG -DOV_DEBUG  -DOV_SYSTEM_LINUX=1    -I../../../plt/include/ -I../../../ks/include/ -I../../include/ -I../../model/ -I../../source/codegen/ -I../../source/builder/ -I../../source/example/ -I../../source/kshist/ -I../../source/dynov/ -I../../source/tasklib/ -I../../source/dbparse/ -I../../source/dbdump/ -I../../include/libml/ -I../../include/runtimeserver/ -I. -c ../../source/libov/ov_parentrelationship.c -o ov_parentrelationship.o
gcc -m32 -g -Wall -Winit-self -Wno-attributes -std=c99 -fno-strict-aliasing -fPIC -O0 -fvisibility=hidden   -DPLT_SYSTEM_LINUX=1 -DPLT_USE_BUFFERED_STREAMS=1 -DPLT_SERVER_TRUNC_ONLY=1 -DNDEBUG -DOV_DEBUG  -DOV_SYSTEM_LINUX=1    -I../../../plt/include/ -I../../../ks/include/ -I../../include/ -I../../model/ -I../../source/codegen/ -I../../source/builder/ -I../../source/example/ -I../../source/kshist/ -I../../source/dynov/ -I../../source/tasklib/ -I../../source/dbparse/ -I../../source/dbdump/ -I../../include/libml/ -I../../include/runtimeserver/ -I. -c ../../source/libov/ov_part.c -o ov_part.o
gcc -m32 -g -Wall -Winit-self -Wno-attributes -std=c99 -fno-strict-aliasing -fPIC -O0 -fvisibility=hidden   -DPLT_SYSTEM_LINUX=1 -DPLT_USE_BUFFERED_STREAMS=1 -DPLT_SERVER_TRUNC_ONLY=1 -DNDEBUG -DOV_DEBUG  -DOV_SYSTEM_LINUX=1    -I../../../plt/include/ -I../../../ks/include/ -I../../include/ -I../../model/ -I../../source/codegen/ -I../../source/builder/ -I../../source/example/ -I../../source/kshist/ -I../../source/dynov/ -I../../source/tasklib/ -I../../source/dbparse/ -I../../source/dbdump/ -I../../include/libml/ -I../../include/runtimeserver/ -I. -c ../../source/libov/ov_path.c -o ov_path.o
gcc -m32 -g -Wall -Winit-self -Wno-attributes -std=c99 -fno-strict-aliasing -fPIC -O0 -fvisibility=hidden   -DPLT_SYSTEM_LINUX=1 -DPLT_USE_BUFFERED_STREAMS=1 -DPLT_SERVER_TRUNC_ONLY=1 -DNDEBUG -DOV_DEBUG  -DOV_SYSTEM_LINUX=1    -I../../../plt/include/ -I../../../ks/include/ -I../../include/ -I../../model/ -I../../source/codegen/ -I../../source/builder/ -I../../source/example/ -I../../source/kshist/ -I../../source/dynov/ -I../../source/tasklib/ -I../../source/dbparse/ -I../../source/dbdump/ -I../../include/libml/ -I../../include/runtimeserver/ -I. -c ../../source/libov/ov_result.c -o ov_result.o
gcc -m32 -g -Wall -Winit-self -Wno-attributes -std=c99 -fno-strict-aliasing -fPIC -O0 -fvisibility=hidden   -DPLT_SYSTEM_LINUX=1 -DPLT_USE_BUFFERED_STREAMS=1 -DPLT_SERVER_TRUNC_ONLY=1 -DNDEBUG -DOV_DEBUG  -DOV_SYSTEM_LINUX=1    -I../../../plt/include/ -I../../../ks/include/ -I../../include/ -I../../model/ -I../../source/codegen/ -I../../source/builder/ -I../../source/example/ -I../../source/kshist/ -I../../source/dynov/ -I../../source/tasklib/ -I../../source/dbparse/ -I../../source/dbdump/ -I../../include/libml/ -I../../include/runtimeserver/ -I. -c ../../source/libov/ov_scheduler.c -o ov_scheduler.o
gcc -m32 -g -Wall -Winit-self -Wno-attributes -std=c99 -fno-strict-aliasing -fPIC -O0 -fvisibility=hidden   -DPLT_SYSTEM_LINUX=1 -DPLT_USE_BUFFERED_STREAMS=1 -DPLT_SERVER_TRUNC_ONLY=1 -DNDEBUG -DOV_DEBUG  -DOV_SYSTEM_LINUX=1    -I../../../plt/include/ -I../../../ks/include/ -I../../include/ -I../../model/ -I../../source/codegen/ -I../../source/builder/ -I../../source/example/ -I../../source/kshist/ -I../../source/dynov/ -I../../source/tasklib/ -I../../source/dbparse/ -I../../source/dbdump/ -I../../include/libml/ -I../../include/runtimeserver/ -I. -c ../../source/libov/ov_string.c -o ov_string.o
gcc -m32 -g -Wall -Winit-self -Wno-attributes -std=c99 -fno-strict-aliasing -fPIC -O0 -fvisibility=hidden   -DPLT_SYSTEM_LINUX=1 -DPLT_USE_BUFFERED_STREAMS=1 -DPLT_SERVER_TRUNC_ONLY=1 -DNDEBUG -DOV_DEBUG  -DOV_SYSTEM_LINUX=1    -I../../../plt/include/ -I../../../ks/include/ -I../../include/ -I../../model/ -I../../source/codegen/ -I../../source/builder/ -I../../source/example/ -I../../source/kshist/ -I../../source/dynov/ -I../../source/tasklib/ -I../../source/dbparse/ -I../../source/dbdump/ -I../../include/libml/ -I../../include/runtimeserver/ -I. -c ../../source/libov/ov_structure.c -o ov_structure.o
../../source/libov/ov_structure.c: In function ‘ov_structure_search’:
../../source/libov/ov_structure.c:62:2: warning: implicit declaration of function ‘strdup’ [-Wimplicit-function-declaration]
../../source/libov/ov_structure.c:62:8: warning: assignment makes pointer from integer without a cast [enabled by default]
gcc -m32 -g -Wall -Winit-self -Wno-attributes -std=c99 -fno-strict-aliasing -fPIC -O0 -fvisibility=hidden   -DPLT_SYSTEM_LINUX=1 -DPLT_USE_BUFFERED_STREAMS=1 -DPLT_SERVER_TRUNC_ONLY=1 -DNDEBUG -DOV_DEBUG  -DOV_SYSTEM_LINUX=1    -I../../../plt/include/ -I../../../ks/include/ -I../../include/ -I../../model/ -I../../source/codegen/ -I../../source/builder/ -I../../source/example/ -I../../source/kshist/ -I../../source/dynov/ -I../../source/tasklib/ -I../../source/dbparse/ -I../../source/dbdump/ -I../../include/libml/ -I../../include/runtimeserver/ -I. -c ../../source/libov/ov_supervise.c -o ov_supervise.o
gcc -m32 -g -Wall -Winit-self -Wno-attributes -std=c99 -fno-strict-aliasing -fPIC -O0 -fvisibility=hidden   -DPLT_SYSTEM_LINUX=1 -DPLT_USE_BUFFERED_STREAMS=1 -DPLT_SERVER_TRUNC_ONLY=1 -DNDEBUG -DOV_DEBUG  -DOV_SYSTEM_LINUX=1    -I../../../plt/include/ -I../../../ks/include/ -I../../include/ -I../../model/ -I../../source/codegen/ -I../../source/builder/ -I../../source/example/ -I../../source/kshist/ -I../../source/dynov/ -I../../source/tasklib/ -I../../source/dbparse/ -I../../source/dbdump/ -I../../include/libml/ -I../../include/runtimeserver/ -I. -c ../../source/libov/ov_time.c -o ov_time.o
../../source/libov/ov_time.c: In function ‘ov_time_asciitotime_internal’:
../../source/libov/ov_time.c:386:5: warning: implicit declaration of function ‘timegm’ [-Wimplicit-function-declaration]
gcc -m32 -g -Wall -Winit-self -Wno-attributes -std=c99 -fno-strict-aliasing -fPIC -O0 -fvisibility=hidden   -DPLT_SYSTEM_LINUX=1 -DPLT_USE_BUFFERED_STREAMS=1 -DPLT_SERVER_TRUNC_ONLY=1 -DNDEBUG -DOV_DEBUG  -DOV_SYSTEM_LINUX=1    -I../../../plt/include/ -I../../../ks/include/ -I../../include/ -I../../model/ -I../../source/codegen/ -I../../source/builder/ -I../../source/example/ -I../../source/kshist/ -I../../source/dynov/ -I../../source/tasklib/ -I../../source/dbparse/ -I../../source/dbdump/ -I../../include/libml/ -I../../include/runtimeserver/ -I. -c ../../source/libov/ov_variable.c -o ov_variable.o
gcc -m32 -g -Wall -Winit-self -Wno-attributes -std=c99 -fno-strict-aliasing -fPIC -O0 -fvisibility=hidden   -DPLT_SYSTEM_LINUX=1 -DPLT_USE_BUFFERED_STREAMS=1 -DPLT_SERVER_TRUNC_ONLY=1 -DNDEBUG -DOV_DEBUG  -DOV_SYSTEM_LINUX=1    -I../../../plt/include/ -I../../../ks/include/ -I../../include/ -I../../model/ -I../../source/codegen/ -I../../source/builder/ -I../../source/example/ -I../../source/kshist/ -I../../source/dynov/ -I../../source/tasklib/ -I../../source/dbparse/ -I../../source/dbdump/ -I../../include/libml/ -I../../include/runtimeserver/ -I. -c ../../source/libov/ov_vector.c -o ov_vector.o
gcc -m32 -g -Wall -Winit-self -Wno-attributes -std=c99 -fno-strict-aliasing -fPIC -O0 -fvisibility=hidden   -DPLT_SYSTEM_LINUX=1 -DPLT_USE_BUFFERED_STREAMS=1 -DPLT_SERVER_TRUNC_ONLY=1 -DNDEBUG -DOV_DEBUG  -DOV_SYSTEM_LINUX=1    -I../../../plt/include/ -I../../../ks/include/ -I../../include/ -I../../model/ -I../../source/codegen/ -I../../source/builder/ -I../../source/example/ -I../../source/kshist/ -I../../source/dynov/ -I../../source/tasklib/ -I../../source/dbparse/ -I../../source/dbdump/ -I../../include/libml/ -I../../include/runtimeserver/ -I. -c ../../source/libov/ov_vendortree.c -o ov_vendortree.o
gcc -m32 -shared -o libov.so ov.o ov_association.o ov_childrelationship.o ov_class.o ov_construction.o ov_containment.o ov_database.o ov_debug.o ov_element.o ov_embedment.o ov_inheritance.o ov_instantiation.o ov_library.o ov_logfile.o ov_malloc.o ov_memstack.o ov_object.o ov_operation.o ov_parentrelationship.o ov_part.o ov_path.o ov_result.o ov_scheduler.o ov_string.o ov_structure.o ov_supervise.o ov_time.o ov_variable.o ov_vector.o ov_vendortree.o ../../source/libml/libml.a -ldl
ar rv libov.a ov.o ov_association.o ov_childrelationship.o ov_class.o ov_construction.o ov_containment.o ov_database.o ov_debug.o ov_element.o ov_embedment.o ov_inheritance.o ov_instantiation.o ov_library.o ov_logfile.o ov_malloc.o ov_memstack.o ov_object.o ov_operation.o ov_parentrelationship.o ov_part.o ov_path.o ov_result.o ov_scheduler.o ov_string.o ov_structure.o ov_supervise.o ov_time.o ov_variable.o ov_vector.o ov_vendortree.o
ar: creating libov.a
a - ov.o
a - ov_association.o
a - ov_childrelationship.o
a - ov_class.o
a - ov_construction.o
a - ov_containment.o
a - ov_database.o
a - ov_debug.o
a - ov_element.o
a - ov_embedment.o
a - ov_inheritance.o
a - ov_instantiation.o
a - ov_library.o
a - ov_logfile.o
a - ov_malloc.o
a - ov_memstack.o
a - ov_object.o
a - ov_operation.o
a - ov_parentrelationship.o
a - ov_part.o
a - ov_path.o
a - ov_result.o
a - ov_scheduler.o
a - ov_string.o
a - ov_structure.o
a - ov_supervise.o
a - ov_time.o
a - ov_variable.o
a - ov_vector.o
a - ov_vendortree.o
ranlib libov.a
gcc -m32 -g -Wall -Winit-self -Wno-attributes -std=c99 -fno-strict-aliasing -fPIC -O0 -fvisibility=hidden   -DPLT_SYSTEM_LINUX=1 -DPLT_USE_BUFFERED_STREAMS=1 -DPLT_SERVER_TRUNC_ONLY=1 -DNDEBUG -DOV_DEBUG  -DOV_SYSTEM_LINUX=1    -I../../../plt/include/ -I../../../ks/include/ -I../../include/ -I../../model/ -I../../source/codegen/ -I../../source/builder/ -I../../source/example/ -I../../source/kshist/ -I../../source/dynov/ -I../../source/tasklib/ -I../../source/dbparse/ -I../../source/dbdump/ -I../../include/libml/ -I../../include/runtimeserver/ -I. -c ../../source/dbutil/ov_dbutil.c -o ov_dbutil.o
gcc -m32  -rdynamic -o ov_dbutil ov_dbutil.o libov.so  -ldl
gcc -m32 -g -Wall -Winit-self -Wno-attributes -std=c99 -fno-strict-aliasing -fPIC -O0 -fvisibility=hidden   -DPLT_SYSTEM_LINUX=1 -DPLT_USE_BUFFERED_STREAMS=1 -DPLT_SERVER_TRUNC_ONLY=1 -DNDEBUG -DOV_DEBUG  -DOV_SYSTEM_LINUX=1    -I../../../plt/include/ -I../../../ks/include/ -I../../include/ -I../../model/ -I../../source/codegen/ -I../../source/builder/ -I../../source/example/ -I../../source/kshist/ -I../../source/dynov/ -I../../source/tasklib/ -I../../source/dbparse/ -I../../source/dbdump/ -I../../include/libml/ -I../../include/runtimeserver/ -I. -c ../../source/runtimeserver/ovksxdr.c -o ovksxdr.o
gcc -m32 -g -Wall -Winit-self -Wno-attributes -std=c99 -fno-strict-aliasing -fPIC -O0 -fvisibility=hidden   -DPLT_SYSTEM_LINUX=1 -DPLT_USE_BUFFERED_STREAMS=1 -DPLT_SERVER_TRUNC_ONLY=1 -DNDEBUG -DOV_DEBUG  -DOV_SYSTEM_LINUX=1    -I../../../plt/include/ -I../../../ks/include/ -I../../include/ -I../../model/ -I../../source/codegen/ -I../../source/builder/ -I../../source/example/ -I../../source/kshist/ -I../../source/dynov/ -I../../source/tasklib/ -I../../source/dbparse/ -I../../source/dbdump/ -I../../include/libml/ -I../../include/runtimeserver/ -I. -c ../../source/runtimeserver/ov_runtimeserver.c -o ov_runtimeserver.o
gcc -m32 -g -Wall -Winit-self -Wno-attributes -std=c99 -fno-strict-aliasing -fPIC -O0 -fvisibility=hidden   -DPLT_SYSTEM_LINUX=1 -DPLT_USE_BUFFERED_STREAMS=1 -DPLT_SERVER_TRUNC_ONLY=1 -DNDEBUG -DOV_DEBUG  -DOV_SYSTEM_LINUX=1    -I../../../plt/include/ -I../../../ks/include/ -I../../include/ -I../../model/ -I../../source/codegen/ -I../../source/builder/ -I../../source/example/ -I../../source/kshist/ -I../../source/dynov/ -I../../source/tasklib/ -I../../source/dbparse/ -I../../source/dbdump/ -I../../include/libml/ -I../../include/runtimeserver/ -I. -c ../../source/runtimeserver/ov_serverlibs.c -o ov_serverlibs.o
gcc -m32  -o ov_runtimeserver ovksxdr.o ov_runtimeserver.o ov_serverlibs.o libov.so  -ldl
gcc -m32 -g -Wall -Winit-self -Wno-attributes -std=c99 -fno-strict-aliasing -fPIC -O0 -fvisibility=hidden   -DPLT_SYSTEM_LINUX=1 -DPLT_USE_BUFFERED_STREAMS=1 -DPLT_SERVER_TRUNC_ONLY=1 -DNDEBUG -DOV_DEBUG  -DOV_SYSTEM_LINUX=1    -I../../../plt/include/ -I../../../ks/include/ -I../../include/ -I../../model/ -I../../source/codegen/ -I../../source/builder/ -I../../source/example/ -I../../source/kshist/ -I../../source/dynov/ -I../../source/tasklib/ -I../../source/dbparse/ -I../../source/dbdump/ -I../../include/libml/ -I../../include/runtimeserver/ -I. -c ../../source/acplt_makmak_builder/acplt_builder.c -o acplt_builder.o
gcc -m32 -g -Wall -Winit-self -Wno-attributes -std=c99 -fno-strict-aliasing -fPIC -O0 -fvisibility=hidden   -DPLT_SYSTEM_LINUX=1 -DPLT_USE_BUFFERED_STREAMS=1 -DPLT_SERVER_TRUNC_ONLY=1 -DNDEBUG -DOV_DEBUG  -DOV_SYSTEM_LINUX=1    -I../../../plt/include/ -I../../../ks/include/ -I../../include/ -I../../model/ -I../../source/codegen/ -I../../source/builder/ -I../../source/example/ -I../../source/kshist/ -I../../source/dynov/ -I../../source/tasklib/ -I../../source/dbparse/ -I../../source/dbdump/ -I../../include/libml/ -I../../include/runtimeserver/ -I. -c ../../source/acplt_makmak_builder/common.c -o common.o
gcc -m32  -o acplt_builder acplt_builder.o common.o  ov_ovmparser.o ov_ovmscanner.o -ldl
strip --strip-debug acplt_builder
gcc -m32 -g -Wall -Winit-self -Wno-attributes -std=c99 -fno-strict-aliasing -fPIC -O0 -fvisibility=hidden   -DPLT_SYSTEM_LINUX=1 -DPLT_USE_BUFFERED_STREAMS=1 -DPLT_SERVER_TRUNC_ONLY=1 -DNDEBUG -DOV_DEBUG  -DOV_SYSTEM_LINUX=1    -I../../../plt/include/ -I../../../ks/include/ -I../../include/ -I../../model/ -I../../source/codegen/ -I../../source/builder/ -I../../source/example/ -I../../source/kshist/ -I../../source/dynov/ -I../../source/tasklib/ -I../../source/dbparse/ -I../../source/dbdump/ -I../../include/libml/ -I../../include/runtimeserver/ -I. -c ../../source/acplt_makmak_builder/acplt_makmak.c -o acplt_makmak.o
gcc -m32  -o acplt_makmak acplt_makmak.o common.o  -ldl
strip --strip-debug acplt_makmak
make: Leaving directory `/home/travis/build/acplt/rte/build/acplt.build/base/ov/build/linux'
acplt_makmak -l ksbase -o 
Working library ksbase located in /home/travis/build/acplt/rte/build/acplt/dev/ksbase/build/linux/../..
Libpath /home/travis/build/acplt/rte/build/acplt/dev/ksbase/build/linux/../..
DevModel /home/travis/build/acplt/rte/build/acplt/dev/ksbase/build/linux/../../../../dev/
DevBin /home/travis/build/acplt/rte/build/acplt/dev/ksbase/build/linux/../../../../addonlibs/
SysModel /home/travis/build/acplt/rte/build/acplt/dev/ksbase/build/linux/../../../../system/sysdevbase/
SysBin /home/travis/build/acplt/rte/build/acplt/dev/ksbase/build/linux/../../../../system/sysbin/
All model inclusions resolved:
tclsh ../prebuild.tcl ksbase -o
make EXTRA_CC_FLAGS='-DLOG_KS_COMPILE=1 -DLOG_KS=0 -DLOG_KS_ERROR=1 -DLOG_KS_WARNING=1 -DLOG_KS_TO_OV=1 -Wextra -Wno-unused-parameter' EXTRA_LIBS='' LD_FLAGS='' TARGET='debug' -f gcc.mk debug
make[1]: Entering directory `/home/travis/build/acplt/rte/build/acplt/dev/ksbase/build/linux'
sed -i -e 's///' ../../../../system/sysdevbase/ov/model/ov.ovm
../../../../system/sysbin/ov_codegen -I ../../../../system/sysdevbase/ov/model/ -I ../../model/ -f ../../../../system/sysdevbase/ov/model/ov.ovm -l ov
sed -i -e 's///' ../../model/ksbase.ovm
../../../../system/sysbin/ov_codegen -I ../../../../system/sysdevbase/ov/model/ -I ../../model/ -f ../../model/ksbase.ovm -l ksbase
gcc -g -std=c99 -m32 -fPIC -Wdeclaration-after-statement -Wall -Wno-attributes  -DLOG_KS_COMPILE=1 -DLOG_KS=0 -DLOG_KS_ERROR=1 -DLOG_KS_WARNING=1 -DLOG_KS_TO_OV=1 -Wextra -Wno-unused-parameter -fvisibility=hidden -DOV_SYSTEM_LINUX=1 -DPLT_SYSTEM_LINUX=1 -Dov_library_open_ksbase=ov_library_open_ksbase_old -I../../../../system/sysdevbase/ov/include/ -I../../../../system/sysdevbase/ov/model/ -I../../model/ -I../../include/ -I. -c -o ksbase.o ksbase.c
gcc -g -std=c99 -m32 -fPIC -Wdeclaration-after-statement -Wall -Wno-attributes  -DLOG_KS_COMPILE=1 -DLOG_KS=0 -DLOG_KS_ERROR=1 -DLOG_KS_WARNING=1 -DLOG_KS_TO_OV=1 -Wextra -Wno-unused-parameter -fvisibility=hidden -DOV_SYSTEM_LINUX=1 -DPLT_SYSTEM_LINUX=1 -Dov_library_open_ksbase=ov_library_open_ksbase_old -I../../../../system/sysdevbase/ov/include/ -I../../../../system/sysdevbase/ov/model/ -I../../model/ -I../../include/ -I. -c -o AssocChannelClientHandler.o ../../source/AssocChannelClientHandler.c
gcc -g -std=c99 -m32 -fPIC -Wdeclaration-after-statement -Wall -Wno-attributes  -DLOG_KS_COMPILE=1 -DLOG_KS=0 -DLOG_KS_ERROR=1 -DLOG_KS_WARNING=1 -DLOG_KS_TO_OV=1 -Wextra -Wno-unused-parameter -fvisibility=hidden -DOV_SYSTEM_LINUX=1 -DPLT_SYSTEM_LINUX=1 -Dov_library_open_ksbase=ov_library_open_ksbase_old -I../../../../system/sysdevbase/ov/include/ -I../../../../system/sysdevbase/ov/model/ -I../../model/ -I../../include/ -I. -c -o AssocChannelDataHandler.o ../../source/AssocChannelDataHandler.c
gcc -g -std=c99 -m32 -fPIC -Wdeclaration-after-statement -Wall -Wno-attributes  -DLOG_KS_COMPILE=1 -DLOG_KS=0 -DLOG_KS_ERROR=1 -DLOG_KS_WARNING=1 -DLOG_KS_TO_OV=1 -Wextra -Wno-unused-parameter -fvisibility=hidden -DOV_SYSTEM_LINUX=1 -DPLT_SYSTEM_LINUX=1 -Dov_library_open_ksbase=ov_library_open_ksbase_old -I../../../../system/sysdevbase/ov/include/ -I../../../../system/sysdevbase/ov/model/ -I../../model/ -I../../include/ -I. -c -o AssocClientToTicketGenerator.o ../../source/AssocClientToTicketGenerator.c
gcc -g -std=c99 -m32 -fPIC -Wdeclaration-after-statement -Wall -Wno-attributes  -DLOG_KS_COMPILE=1 -DLOG_KS=0 -DLOG_KS_ERROR=1 -DLOG_KS_WARNING=1 -DLOG_KS_TO_OV=1 -Wextra -Wno-unused-parameter -fvisibility=hidden -DOV_SYSTEM_LINUX=1 -DPLT_SYSTEM_LINUX=1 -Dov_library_open_ksbase=ov_library_open_ksbase_old -I../../../../system/sysdevbase/ov/include/ -I../../../../system/sysdevbase/ov/model/ -I../../model/ -I../../include/ -I. -c -o AssocComTaskList.o ../../source/AssocComTaskList.c
gcc -g -std=c99 -m32 -fPIC -Wdeclaration-after-statement -Wall -Wno-attributes  -DLOG_KS_COMPILE=1 -DLOG_KS=0 -DLOG_KS_ERROR=1 -DLOG_KS_WARNING=1 -DLOG_KS_TO_OV=1 -Wextra -Wno-unused-parameter -fvisibility=hidden -DOV_SYSTEM_LINUX=1 -DPLT_SYSTEM_LINUX=1 -Dov_library_open_ksbase=ov_library_open_ksbase_old -I../../../../system/sysdevbase/ov/include/ -I../../../../system/sysdevbase/ov/model/ -I../../model/ -I../../include/ -I. -c -o AssocCurrentChannel.o ../../source/AssocCurrentChannel.c
gcc -g -std=c99 -m32 -fPIC -Wdeclaration-after-statement -Wall -Wno-attributes  -DLOG_KS_COMPILE=1 -DLOG_KS=0 -DLOG_KS_ERROR=1 -DLOG_KS_WARNING=1 -DLOG_KS_TO_OV=1 -Wextra -Wno-unused-parameter -fvisibility=hidden -DOV_SYSTEM_LINUX=1 -DPLT_SYSTEM_LINUX=1 -Dov_library_open_ksbase=ov_library_open_ksbase_old -I../../../../system/sysdevbase/ov/include/ -I../../../../system/sysdevbase/ov/model/ -I../../model/ -I../../include/ -I. -c -o Channel.o ../../source/Channel.c
gcc -g -std=c99 -m32 -fPIC -Wdeclaration-after-statement -Wall -Wno-attributes  -DLOG_KS_COMPILE=1 -DLOG_KS=0 -DLOG_KS_ERROR=1 -DLOG_KS_WARNING=1 -DLOG_KS_TO_OV=1 -Wextra -Wno-unused-parameter -fvisibility=hidden -DOV_SYSTEM_LINUX=1 -DPLT_SYSTEM_LINUX=1 -Dov_library_open_ksbase=ov_library_open_ksbase_old -I../../../../system/sysdevbase/ov/include/ -I../../../../system/sysdevbase/ov/model/ -I../../model/ -I../../include/ -I. -c -o ClientBase.o ../../source/ClientBase.c
gcc -g -std=c99 -m32 -fPIC -Wdeclaration-after-statement -Wall -Wno-attributes  -DLOG_KS_COMPILE=1 -DLOG_KS=0 -DLOG_KS_ERROR=1 -DLOG_KS_WARNING=1 -DLOG_KS_TO_OV=1 -Wextra -Wno-unused-parameter -fvisibility=hidden -DOV_SYSTEM_LINUX=1 -DPLT_SYSTEM_LINUX=1 -Dov_library_open_ksbase=ov_library_open_ksbase_old -I../../../../system/sysdevbase/ov/include/ -I../../../../system/sysdevbase/ov/model/ -I../../model/ -I../../include/ -I. -c -o ClientHandler.o ../../source/ClientHandler.c
gcc -g -std=c99 -m32 -fPIC -Wdeclaration-after-statement -Wall -Wno-attributes  -DLOG_KS_COMPILE=1 -DLOG_KS=0 -DLOG_KS_ERROR=1 -DLOG_KS_WARNING=1 -DLOG_KS_TO_OV=1 -Wextra -Wno-unused-parameter -fvisibility=hidden -DOV_SYSTEM_LINUX=1 -DPLT_SYSTEM_LINUX=1 -Dov_library_open_ksbase=ov_library_open_ksbase_old -I../../../../system/sysdevbase/ov/include/ -I../../../../system/sysdevbase/ov/model/ -I../../model/ -I../../include/ -I. -c -o ClientTicketGenerator.o ../../source/ClientTicketGenerator.c
gcc -g -std=c99 -m32 -fPIC -Wdeclaration-after-statement -Wall -Wno-attributes  -DLOG_KS_COMPILE=1 -DLOG_KS=0 -DLOG_KS_ERROR=1 -DLOG_KS_WARNING=1 -DLOG_KS_TO_OV=1 -Wextra -Wno-unused-parameter -fvisibility=hidden -DOV_SYSTEM_LINUX=1 -DPLT_SYSTEM_LINUX=1 -Dov_library_open_ksbase=ov_library_open_ksbase_old -I../../../../system/sysdevbase/ov/include/ -I../../../../system/sysdevbase/ov/model/ -I../../model/ -I../../include/ -I. -c -o ComTask.o ../../source/ComTask.c
gcc -g -std=c99 -m32 -fPIC -Wdeclaration-after-statement -Wall -Wno-attributes  -DLOG_KS_COMPILE=1 -DLOG_KS=0 -DLOG_KS_ERROR=1 -DLOG_KS_WARNING=1 -DLOG_KS_TO_OV=1 -Wextra -Wno-unused-parameter -fvisibility=hidden -DOV_SYSTEM_LINUX=1 -DPLT_SYSTEM_LINUX=1 -Dov_library_open_ksbase=ov_library_open_ksbase_old -I../../../../system/sysdevbase/ov/include/ -I../../../../system/sysdevbase/ov/model/ -I../../model/ -I../../include/ -I. -c -o ksbase_helper.o ../../source/ksbase_helper.c
gcc -g -std=c99 -m32 -fPIC -Wdeclaration-after-statement -Wall -Wno-attributes  -DLOG_KS_COMPILE=1 -DLOG_KS=0 -DLOG_KS_ERROR=1 -DLOG_KS_WARNING=1 -DLOG_KS_TO_OV=1 -Wextra -Wno-unused-parameter -fvisibility=hidden -DOV_SYSTEM_LINUX=1 -DPLT_SYSTEM_LINUX=1 -Dov_library_open_ksbase=ov_library_open_ksbase_old -I../../../../system/sysdevbase/ov/include/ -I../../../../system/sysdevbase/ov/model/ -I../../model/ -I../../include/ -I. -c -o ksbase_open.o ../../source/ksbase_open.c
gcc -g -std=c99 -m32 -fPIC -Wdeclaration-after-statement -Wall -Wno-attributes  -DLOG_KS_COMPILE=1 -DLOG_KS=0 -DLOG_KS_ERROR=1 -DLOG_KS_WARNING=1 -DLOG_KS_TO_OV=1 -Wextra -Wno-unused-parameter -fvisibility=hidden -DOV_SYSTEM_LINUX=1 -DPLT_SYSTEM_LINUX=1 -Dov_library_open_ksbase=ov_library_open_ksbase_old -I../../../../system/sysdevbase/ov/include/ -I../../../../system/sysdevbase/ov/model/ -I../../model/ -I../../include/ -I. -c -o ks_logfile.o ../../source/ks_logfile.c
gcc -g -std=c99 -m32 -fPIC -Wdeclaration-after-statement -Wall -Wno-attributes  -DLOG_KS_COMPILE=1 -DLOG_KS=0 -DLOG_KS_ERROR=1 -DLOG_KS_WARNING=1 -DLOG_KS_TO_OV=1 -Wextra -Wno-unused-parameter -fvisibility=hidden -DOV_SYSTEM_LINUX=1 -DPLT_SYSTEM_LINUX=1 -Dov_library_open_ksbase=ov_library_open_ksbase_old -I../../../../system/sysdevbase/ov/include/ -I../../../../system/sysdevbase/ov/model/ -I../../model/ -I../../include/ -I. -c -o Manager.o ../../source/Manager.c
gcc -g -std=c99 -m32 -fPIC -Wdeclaration-after-statement -Wall -Wno-attributes  -DLOG_KS_COMPILE=1 -DLOG_KS=0 -DLOG_KS_ERROR=1 -DLOG_KS_WARNING=1 -DLOG_KS_TO_OV=1 -Wextra -Wno-unused-parameter -fvisibility=hidden -DOV_SYSTEM_LINUX=1 -DPLT_SYSTEM_LINUX=1 -Dov_library_open_ksbase=ov_library_open_ksbase_old -I../../../../system/sysdevbase/ov/include/ -I../../../../system/sysdevbase/ov/model/ -I../../model/ -I../../include/ -I. -c -o NoneTicketAuthenticator.o ../../source/NoneTicketAuthenticator.c
gcc -g -std=c99 -m32 -fPIC -Wdeclaration-after-statement -Wall -Wno-attributes  -DLOG_KS_COMPILE=1 -DLOG_KS=0 -DLOG_KS_ERROR=1 -DLOG_KS_WARNING=1 -DLOG_KS_TO_OV=1 -Wextra -Wno-unused-parameter -fvisibility=hidden -DOV_SYSTEM_LINUX=1 -DPLT_SYSTEM_LINUX=1 -Dov_library_open_ksbase=ov_library_open_ksbase_old -I../../../../system/sysdevbase/ov/include/ -I../../../../system/sysdevbase/ov/model/ -I../../model/ -I../../include/ -I. -c -o NoneTicketGenerator.o ../../source/NoneTicketGenerator.c
gcc -g -std=c99 -m32 -fPIC -Wdeclaration-after-statement -Wall -Wno-attributes  -DLOG_KS_COMPILE=1 -DLOG_KS=0 -DLOG_KS_ERROR=1 -DLOG_KS_WARNING=1 -DLOG_KS_TO_OV=1 -Wextra -Wno-unused-parameter -fvisibility=hidden -DOV_SYSTEM_LINUX=1 -DPLT_SYSTEM_LINUX=1 -Dov_library_open_ksbase=ov_library_open_ksbase_old -I../../../../system/sysdevbase/ov/include/ -I../../../../system/sysdevbase/ov/model/ -I../../model/ -I../../include/ -I. -c -o ovks_backend_createobject.o ../../source/ovks_backend_createobject.c
gcc -g -std=c99 -m32 -fPIC -Wdeclaration-after-statement -Wall -Wno-attributes  -DLOG_KS_COMPILE=1 -DLOG_KS=0 -DLOG_KS_ERROR=1 -DLOG_KS_WARNING=1 -DLOG_KS_TO_OV=1 -Wextra -Wno-unused-parameter -fvisibility=hidden -DOV_SYSTEM_LINUX=1 -DPLT_SYSTEM_LINUX=1 -Dov_library_open_ksbase=ov_library_open_ksbase_old -I../../../../system/sysdevbase/ov/include/ -I../../../../system/sysdevbase/ov/model/ -I../../model/ -I../../include/ -I. -c -o ovks_backend_deleteobject.o ../../source/ovks_backend_deleteobject.c
gcc -g -std=c99 -m32 -fPIC -Wdeclaration-after-statement -Wall -Wno-attributes  -DLOG_KS_COMPILE=1 -DLOG_KS=0 -DLOG_KS_ERROR=1 -DLOG_KS_WARNING=1 -DLOG_KS_TO_OV=1 -Wextra -Wno-unused-parameter -fvisibility=hidden -DOV_SYSTEM_LINUX=1 -DPLT_SYSTEM_LINUX=1 -Dov_library_open_ksbase=ov_library_open_ksbase_old -I../../../../system/sysdevbase/ov/include/ -I../../../../system/sysdevbase/ov/model/ -I../../model/ -I../../include/ -I. -c -o ovks_backend_exgdata.o ../../source/ovks_backend_exgdata.c
gcc -g -std=c99 -m32 -fPIC -Wdeclaration-after-statement -Wall -Wno-attributes  -DLOG_KS_COMPILE=1 -DLOG_KS=0 -DLOG_KS_ERROR=1 -DLOG_KS_WARNING=1 -DLOG_KS_TO_OV=1 -Wextra -Wno-unused-parameter -fvisibility=hidden -DOV_SYSTEM_LINUX=1 -DPLT_SYSTEM_LINUX=1 -Dov_library_open_ksbase=ov_library_open_ksbase_old -I../../../../system/sysdevbase/ov/include/ -I../../../../system/sysdevbase/ov/model/ -I../../model/ -I../../include/ -I. -c -o ovks_backend_getcanonicalpath.o ../../source/ovks_backend_getcanonicalpath.c
gcc -g -std=c99 -m32 -fPIC -Wdeclaration-after-statement -Wall -Wno-attributes  -DLOG_KS_COMPILE=1 -DLOG_KS=0 -DLOG_KS_ERROR=1 -DLOG_KS_WARNING=1 -DLOG_KS_TO_OV=1 -Wextra -Wno-unused-parameter -fvisibility=hidden -DOV_SYSTEM_LINUX=1 -DPLT_SYSTEM_LINUX=1 -Dov_library_open_ksbase=ov_library_open_ksbase_old -I../../../../system/sysdevbase/ov/include/ -I../../../../system/sysdevbase/ov/model/ -I../../model/ -I../../include/ -I. -c -o ovks_backend_getep.o ../../source/ovks_backend_getep.c
gcc -g -std=c99 -m32 -fPIC -Wdeclaration-after-statement -Wall -Wno-attributes  -DLOG_KS_COMPILE=1 -DLOG_KS=0 -DLOG_KS_ERROR=1 -DLOG_KS_WARNING=1 -DLOG_KS_TO_OV=1 -Wextra -Wno-unused-parameter -fvisibility=hidden -DOV_SYSTEM_LINUX=1 -DPLT_SYSTEM_LINUX=1 -Dov_library_open_ksbase=ov_library_open_ksbase_old -I../../../../system/sysdevbase/ov/include/ -I../../../../system/sysdevbase/ov/model/ -I../../model/ -I../../include/ -I. -c -o ovks_backend_gethist.o ../../source/ovks_backend_gethist.c
gcc -g -std=c99 -m32 -fPIC -Wdeclaration-after-statement -Wall -Wno-attributes  -DLOG_KS_COMPILE=1 -DLOG_KS=0 -DLOG_KS_ERROR=1 -DLOG_KS_WARNING=1 -DLOG_KS_TO_OV=1 -Wextra -Wno-unused-parameter -fvisibility=hidden -DOV_SYSTEM_LINUX=1 -DPLT_SYSTEM_LINUX=1 -Dov_library_open_ksbase=ov_library_open_ksbase_old -I../../../../system/sysdevbase/ov/include/ -I../../../../system/sysdevbase/ov/model/ -I../../model/ -I../../include/ -I. -c -o ovks_backend_getpp.o ../../source/ovks_backend_getpp.c
gcc -g -std=c99 -m32 -fPIC -Wdeclaration-after-statement -Wall -Wno-attributes  -DLOG_KS_COMPILE=1 -DLOG_KS=0 -DLOG_KS_ERROR=1 -DLOG_KS_WARNING=1 -DLOG_KS_TO_OV=1 -Wextra -Wno-unused-parameter -fvisibility=hidden -DOV_SYSTEM_LINUX=1 -DPLT_SYSTEM_LINUX=1 -Dov_library_open_ksbase=ov_library_open_ksbase_old -I../../../../system/sysdevbase/ov/include/ -I../../../../system/sysdevbase/ov/model/ -I../../model/ -I../../include/ -I. -c -o ovks_backend_getvar.o ../../source/ovks_backend_getvar.c
gcc -g -std=c99 -m32 -fPIC -Wdeclaration-after-statement -Wall -Wno-attributes  -DLOG_KS_COMPILE=1 -DLOG_KS=0 -DLOG_KS_ERROR=1 -DLOG_KS_WARNING=1 -DLOG_KS_TO_OV=1 -Wextra -Wno-unused-parameter -fvisibility=hidden -DOV_SYSTEM_LINUX=1 -DPLT_SYSTEM_LINUX=1 -Dov_library_open_ksbase=ov_library_open_ksbase_old -I../../../../system/sysdevbase/ov/include/ -I../../../../system/sysdevbase/ov/model/ -I../../model/ -I../../include/ -I. -c -o ovks_backend_link.o ../../source/ovks_backend_link.c
gcc -g -std=c99 -m32 -fPIC -Wdeclaration-after-statement -Wall -Wno-attributes  -DLOG_KS_COMPILE=1 -DLOG_KS=0 -DLOG_KS_ERROR=1 -DLOG_KS_WARNING=1 -DLOG_KS_TO_OV=1 -Wextra -Wno-unused-parameter -fvisibility=hidden -DOV_SYSTEM_LINUX=1 -DPLT_SYSTEM_LINUX=1 -Dov_library_open_ksbase=ov_library_open_ksbase_old -I../../../../system/sysdevbase/ov/include/ -I../../../../system/sysdevbase/ov/model/ -I../../model/ -I../../include/ -I. -c -o ovks_backend_renameobject.o ../../source/ovks_backend_renameobject.c
gcc -g -std=c99 -m32 -fPIC -Wdeclaration-after-statement -Wall -Wno-attributes  -DLOG_KS_COMPILE=1 -DLOG_KS=0 -DLOG_KS_ERROR=1 -DLOG_KS_WARNING=1 -DLOG_KS_TO_OV=1 -Wextra -Wno-unused-parameter -fvisibility=hidden -DOV_SYSTEM_LINUX=1 -DPLT_SYSTEM_LINUX=1 -Dov_library_open_ksbase=ov_library_open_ksbase_old -I../../../../system/sysdevbase/ov/include/ -I../../../../system/sysdevbase/ov/model/ -I../../model/ -I../../include/ -I. -c -o ovks_backend_setvar.o ../../source/ovks_backend_setvar.c
gcc -g -std=c99 -m32 -fPIC -Wdeclaration-after-statement -Wall -Wno-attributes  -DLOG_KS_COMPILE=1 -DLOG_KS=0 -DLOG_KS_ERROR=1 -DLOG_KS_WARNING=1 -DLOG_KS_TO_OV=1 -Wextra -Wno-unused-parameter -fvisibility=hidden -DOV_SYSTEM_LINUX=1 -DPLT_SYSTEM_LINUX=1 -Dov_library_open_ksbase=ov_library_open_ksbase_old -I../../../../system/sysdevbase/ov/include/ -I../../../../system/sysdevbase/ov/model/ -I../../model/ -I../../include/ -I. -c -o ovks_backend_unlink.o ../../source/ovks_backend_unlink.c
gcc -g -std=c99 -m32 -fPIC -Wdeclaration-after-statement -Wall -Wno-attributes  -DLOG_KS_COMPILE=1 -DLOG_KS=0 -DLOG_KS_ERROR=1 -DLOG_KS_WARNING=1 -DLOG_KS_TO_OV=1 -Wextra -Wno-unused-parameter -fvisibility=hidden -DOV_SYSTEM_LINUX=1 -DPLT_SYSTEM_LINUX=1 -Dov_library_open_ksbase=ov_library_open_ksbase_old -I../../../../system/sysdevbase/ov/include/ -I../../../../system/sysdevbase/ov/model/ -I../../model/ -I../../include/ -I. -c -o ov_ksserver_backend.o ../../source/ov_ksserver_backend.c
gcc -g -std=c99 -m32 -fPIC -Wdeclaration-after-statement -Wall -Wno-attributes  -DLOG_KS_COMPILE=1 -DLOG_KS=0 -DLOG_KS_ERROR=1 -DLOG_KS_WARNING=1 -DLOG_KS_TO_OV=1 -Wextra -Wno-unused-parameter -fvisibility=hidden -DOV_SYSTEM_LINUX=1 -DPLT_SYSTEM_LINUX=1 -Dov_library_open_ksbase=ov_library_open_ksbase_old -I../../../../system/sysdevbase/ov/include/ -I../../../../system/sysdevbase/ov/model/ -I../../model/ -I../../include/ -I. -c -o ProtocolIdentificator.o ../../source/ProtocolIdentificator.c
gcc -g -std=c99 -m32 -fPIC -Wdeclaration-after-statement -Wall -Wno-attributes  -DLOG_KS_COMPILE=1 -DLOG_KS=0 -DLOG_KS_ERROR=1 -DLOG_KS_WARNING=1 -DLOG_KS_TO_OV=1 -Wextra -Wno-unused-parameter -fvisibility=hidden -DOV_SYSTEM_LINUX=1 -DPLT_SYSTEM_LINUX=1 -Dov_library_open_ksbase=ov_library_open_ksbase_old -I../../../../system/sysdevbase/ov/include/ -I../../../../system/sysdevbase/ov/model/ -I../../model/ -I../../include/ -I. -c -o RootComTask.o ../../source/RootComTask.c
gcc -g -std=c99 -m32 -fPIC -Wdeclaration-after-statement -Wall -Wno-attributes  -DLOG_KS_COMPILE=1 -DLOG_KS=0 -DLOG_KS_ERROR=1 -DLOG_KS_WARNING=1 -DLOG_KS_TO_OV=1 -Wextra -Wno-unused-parameter -fvisibility=hidden -DOV_SYSTEM_LINUX=1 -DPLT_SYSTEM_LINUX=1 -Dov_library_open_ksbase=ov_library_open_ksbase_old -I../../../../system/sysdevbase/ov/include/ -I../../../../system/sysdevbase/ov/model/ -I../../model/ -I../../include/ -I. -c -o ServerRep.o ../../source/ServerRep.c
gcc -g -std=c99 -m32 -fPIC -Wdeclaration-after-statement -Wall -Wno-attributes  -DLOG_KS_COMPILE=1 -DLOG_KS=0 -DLOG_KS_ERROR=1 -DLOG_KS_WARNING=1 -DLOG_KS_TO_OV=1 -Wextra -Wno-unused-parameter -fvisibility=hidden -DOV_SYSTEM_LINUX=1 -DPLT_SYSTEM_LINUX=1 -Dov_library_open_ksbase=ov_library_open_ksbase_old -I../../../../system/sysdevbase/ov/include/ -I../../../../system/sysdevbase/ov/model/ -I../../model/ -I../../include/ -I. -c -o TicketAuthenticator.o ../../source/TicketAuthenticator.c
ar rv ksbase.a ksbase.o AssocChannelClientHandler.o AssocChannelDataHandler.o AssocClientToTicketGenerator.o AssocComTaskList.o AssocCurrentChannel.o Channel.o ClientBase.o ClientHandler.o ClientTicketGenerator.o ComTask.o ksbase_helper.o ksbase_open.o ks_logfile.o Manager.o NoneTicketAuthenticator.o NoneTicketGenerator.o ovks_backend_createobject.o ovks_backend_deleteobject.o ovks_backend_exgdata.o ovks_backend_getcanonicalpath.o ovks_backend_getep.o ovks_backend_gethist.o ovks_backend_getpp.o ovks_backend_getvar.o ovks_backend_link.o ovks_backend_renameobject.o ovks_backend_setvar.o ovks_backend_unlink.o ov_ksserver_backend.o ProtocolIdentificator.o RootComTask.o ServerRep.o TicketAuthenticator.o
ar: creating ksbase.a
a - ksbase.o
a - AssocChannelClientHandler.o
a - AssocChannelDataHandler.o
a - AssocClientToTicketGenerator.o
a - AssocComTaskList.o
a - AssocCurrentChannel.o
a - Channel.o
a - ClientBase.o
a - ClientHandler.o
a - ClientTicketGenerator.o
a - ComTask.o
a - ksbase_helper.o
a - ksbase_open.o
a - ks_logfile.o
a - Manager.o
a - NoneTicketAuthenticator.o
a - NoneTicketGenerator.o
a - ovks_backend_createobject.o
a - ovks_backend_deleteobject.o
a - ovks_backend_exgdata.o
a - ovks_backend_getcanonicalpath.o
a - ovks_backend_getep.o
a - ovks_backend_gethist.o
a - ovks_backend_getpp.o
a - ovks_backend_getvar.o
a - ovks_backend_link.o
a - ovks_backend_renameobject.o
a - ovks_backend_setvar.o
a - ovks_backend_unlink.o
a - ov_ksserver_backend.o
a - ProtocolIdentificator.o
a - RootComTask.o
a - ServerRep.o
a - TicketAuthenticator.o
ranlib ksbase.a
gcc -shared -m32 -o ksbase.so ksbase.o AssocChannelClientHandler.o AssocChannelDataHandler.o AssocClientToTicketGenerator.o AssocComTaskList.o AssocCurrentChannel.o Channel.o ClientBase.o ClientHandler.o ClientTicketGenerator.o ComTask.o ksbase_helper.o ksbase_open.o ks_logfile.o Manager.o NoneTicketAuthenticator.o NoneTicketGenerator.o ovks_backend_createobject.o ovks_backend_deleteobject.o ovks_backend_exgdata.o ovks_backend_getcanonicalpath.o ovks_backend_getep.o ovks_backend_gethist.o ovks_backend_getpp.o ovks_backend_getvar.o ovks_backend_link.o ovks_backend_renameobject.o ovks_backend_setvar.o ovks_backend_unlink.o ov_ksserver_backend.o ProtocolIdentificator.o RootComTask.o ServerRep.o TicketAuthenticator.o  
cp ksbase.so ../../../../system/addonlibs/
make[1]: Leaving directory `/home/travis/build/acplt/rte/build/acplt/dev/ksbase/build/linux'
tclsh ../postbuild.tcl ksbase
acplt_makmak -l TCPbind -o 
Working library TCPbind located in /home/travis/build/acplt/rte/build/acplt/dev/TCPbind/build/linux/../..
Libpath /home/travis/build/acplt/rte/build/acplt/dev/TCPbind/build/linux/../..
DevModel /home/travis/build/acplt/rte/build/acplt/dev/TCPbind/build/linux/../../../../dev/
DevBin /home/travis/build/acplt/rte/build/acplt/dev/TCPbind/build/linux/../../../../addonlibs/
SysModel /home/travis/build/acplt/rte/build/acplt/dev/TCPbind/build/linux/../../../../system/sysdevbase/
SysBin /home/travis/build/acplt/rte/build/acplt/dev/TCPbind/build/linux/../../../../system/sysbin/
All model inclusions resolved:
ksbase in /home/travis/build/acplt/rte/build/acplt/dev/TCPbind/build/linux/../../../../dev/
tclsh ../prebuild.tcl TCPbind -o
make EXTRA_CC_FLAGS='-DLOG_KS=0 -DLOG_KS_ERROR=1 -DLOG_KS_WARNING=1 -DTCPBIND_USE_NONBLOCK_ADDRINFO=0  -Wextra -Wno-unused-parameter ' EXTRA_LIBS='' LD_FLAGS='-lpthread' TARGET='debug' -f gcc.mk debug
make[1]: Entering directory `/home/travis/build/acplt/rte/build/acplt/dev/TCPbind/build/linux'
sed -i -e 's///' ../../../../system/sysdevbase/ov/model/ov.ovm
../../../../system/sysbin/ov_codegen -I ../../../../system/sysdevbase/ov/model/ -I ../../../ksbase/model/ -I ../../model/ -f ../../../../system/sysdevbase/ov/model/ov.ovm -l ov
sed -i -e 's///' ../../../ksbase/model/ksbase.ovm
../../../../system/sysbin/ov_codegen -I ../../../../system/sysdevbase/ov/model/ -I ../../../ksbase/model/ -I ../../model/ -f ../../../ksbase/model/ksbase.ovm -l ksbase
sed -i -e 's///' ../../model/TCPbind.ovm
../../../../system/sysbin/ov_codegen -I ../../../../system/sysdevbase/ov/model/ -I ../../../ksbase/model/ -I ../../model/ -f ../../model/TCPbind.ovm -l TCPbind
gcc -g -std=c99 -m32 -fPIC -Wdeclaration-after-statement -Wall -Wno-attributes  -DLOG_KS=0 -DLOG_KS_ERROR=1 -DLOG_KS_WARNING=1 -DTCPBIND_USE_NONBLOCK_ADDRINFO=0  -Wextra -Wno-unused-parameter  -fvisibility=hidden -DOV_SYSTEM_LINUX=1 -DPLT_SYSTEM_LINUX=1 -Dov_library_open_TCPbind=ov_library_open_TCPbind_old -I../../../../system/sysdevbase/ov/include/ -I../../../../system/sysdevbase/ov/model/ -I../../../ksbase/model/ -I../../../ksbase/include/ -I../../model/ -I../../include/ -I. -c -o TCPbind.o TCPbind.c
gcc -g -std=c99 -m32 -fPIC -Wdeclaration-after-statement -Wall -Wno-attributes  -DLOG_KS=0 -DLOG_KS_ERROR=1 -DLOG_KS_WARNING=1 -DTCPBIND_USE_NONBLOCK_ADDRINFO=0  -Wextra -Wno-unused-parameter  -fvisibility=hidden -DOV_SYSTEM_LINUX=1 -DPLT_SYSTEM_LINUX=1 -Dov_library_open_TCPbind=ov_library_open_TCPbind_old -I../../../../system/sysdevbase/ov/include/ -I../../../../system/sysdevbase/ov/model/ -I../../../ksbase/model/ -I../../../ksbase/include/ -I../../model/ -I../../include/ -I. -c -o aresWorker.o ../../source/aresWorker.c
../../source/aresWorker.c: In function ‘workerThread’:
../../source/aresWorker.c:146:18: error: storage size of ‘s’ isn’t known
../../source/aresWorker.c:232:3: warning: implicit declaration of function ‘nanosleep’ [-Wimplicit-function-declaration]
../../source/aresWorker.c:146:18: warning: unused variable ‘s’ [-Wunused-variable]
make[1]: *** [aresWorker.o] Error 1
make[1]: Leaving directory `/home/travis/build/acplt/rte/build/acplt/dev/TCPbind/build/linux'
make: *** [debug] Error 2
