make: Entering directory `/home/travis/build/acplt/rte/build/acplt.build/base/ov/source/libml'
gcc -m32 -Wall -O2 -DML_SYSTEM_UNIX -DDBG_TO_STDERR=0 -fPIC  -I. -c ml_malloc.c
gcc -m32 -Wall -O2 -DML_SYSTEM_UNIX -DDBG_TO_STDERR=0 -fPIC  -I. -c ml_free.c
gcc -m32 -Wall -O2 -DML_SYSTEM_UNIX -DDBG_TO_STDERR=0 -fPIC  -I. -c ml_realloc.c
ar crv libml.a ml_malloc.o ml_free.o ml_realloc.o
a - ml_malloc.o
a - ml_free.o
a - ml_realloc.o
ranlib libml.a
make: Leaving directory `/home/travis/build/acplt/rte/build/acplt.build/base/ov/source/libml'
make: Entering directory `/home/travis/build/acplt/rte/build/acplt.build/base/ov/build/linux'
bison -t -d -oov_ovmparser.c ../../source/codegen/ov_ovmparser.y
gcc -m32 -g -Wall -Winit-self -Wno-attributes -std=c99 -fno-strict-aliasing -fPIC -O0 -fvisibility=hidden   -DPLT_SYSTEM_LINUX=1 -DPLT_USE_BUFFERED_STREAMS=1 -DPLT_SERVER_TRUNC_ONLY=1 -DNDEBUG -DOV_DEBUG  -DOV_SYSTEM_LINUX=1    -I../../../plt/include/ -I../../../ks/include/ -I../../include/ -I../../model/ -I../../source/codegen/ -I../../source/builder/ -I../../source/example/ -I../../source/kshist/ -I../../source/dynov/ -I../../source/tasklib/ -I../../source/dbparse/ -I../../source/dbdump/ -I../../include/libml/ -I../../include/runtimeserver/ -I. -c ov_ovmparser.c -o ov_ovmparser.o
flex -oov_ovmscanner.c ../../source/codegen/ov_ovmscanner.lex
gcc -m32 -g -Wall -Winit-self -Wno-attributes -std=c99 -fno-strict-aliasing -fPIC -O0 -fvisibility=hidden   -DPLT_SYSTEM_LINUX=1 -DPLT_USE_BUFFERED_STREAMS=1 -DPLT_SERVER_TRUNC_ONLY=1 -DNDEBUG -DOV_DEBUG  -DOV_SYSTEM_LINUX=1    -I../../../plt/include/ -I../../../ks/include/ -I../../include/ -I../../model/ -I../../source/codegen/ -I../../source/builder/ -I../../source/example/ -I../../source/kshist/ -I../../source/dynov/ -I../../source/tasklib/ -I../../source/dbparse/ -I../../source/dbdump/ -I../../include/libml/ -I../../include/runtimeserver/ -I. -c ov_ovmscanner.c -o ov_ovmscanner.o
ov_ovmscanner.c: In function ‘yy_init_buffer’:
ov_ovmscanner.c:2391:9: warning: implicit declaration of function ‘fileno’ [-Wimplicit-function-declaration]
../../source/codegen/ov_ovmscanner.lex: At top level:
ov_ovmscanner.c:2143:17: warning: ‘yyunput’ defined but not used [-Wunused-function]
ov_ovmscanner.c:2184:16: warning: ‘input’ defined but not used [-Wunused-function]
gcc -m32 -g -Wall -Winit-self -Wno-attributes -std=c99 -fno-strict-aliasing -fPIC -O0 -fvisibility=hidden   -DPLT_SYSTEM_LINUX=1 -DPLT_USE_BUFFERED_STREAMS=1 -DPLT_SERVER_TRUNC_ONLY=1 -DNDEBUG -DOV_DEBUG  -DOV_SYSTEM_LINUX=1    -I../../../plt/include/ -I../../../ks/include/ -I../../include/ -I../../model/ -I../../source/codegen/ -I../../source/builder/ -I../../source/example/ -I../../source/kshist/ -I../../source/dynov/ -I../../source/tasklib/ -I../../source/dbparse/ -I../../source/dbdump/ -I../../include/libml/ -I../../include/runtimeserver/ -I. -c ../../source/codegen/ov_codegen.c -o ov_codegen.o
gcc -m32  -o ov_codegen ov_ovmparser.o ov_ovmscanner.o ov_codegen.o  -ldl
strip --strip-debug ov_codegen
./ov_codegen -I ../../model/ -f ../../model/ov.ovm -l ov
gcc -m32 -g -Wall -Winit-self -Wno-attributes -std=c99 -fno-strict-aliasing -fPIC -O0 -fvisibility=hidden   -DPLT_SYSTEM_LINUX=1 -DPLT_USE_BUFFERED_STREAMS=1 -DPLT_SERVER_TRUNC_ONLY=1 -DNDEBUG -DOV_DEBUG  -DOV_SYSTEM_LINUX=1    -I../../../plt/include/ -I../../../ks/include/ -I../../include/ -I../../model/ -I../../source/codegen/ -I../../source/builder/ -I../../source/example/ -I../../source/kshist/ -I../../source/dynov/ -I../../source/tasklib/ -I../../source/dbparse/ -I../../source/dbdump/ -I../../include/libml/ -I../../include/runtimeserver/ -I. -c ov.c -o ov.o
gcc -m32 -g -Wall -Winit-self -Wno-attributes -std=c99 -fno-strict-aliasing -fPIC -O0 -fvisibility=hidden   -DPLT_SYSTEM_LINUX=1 -DPLT_USE_BUFFERED_STREAMS=1 -DPLT_SERVER_TRUNC_ONLY=1 -DNDEBUG -DOV_DEBUG  -DOV_SYSTEM_LINUX=1    -I../../../plt/include/ -I../../../ks/include/ -I../../include/ -I../../model/ -I../../source/codegen/ -I../../source/builder/ -I../../source/example/ -I../../source/kshist/ -I../../source/dynov/ -I../../source/tasklib/ -I../../source/dbparse/ -I../../source/dbdump/ -I../../include/libml/ -I../../include/runtimeserver/ -I. -c ../../source/libov/ov_association.c -o ov_association.o
gcc -m32 -g -Wall -Winit-self -Wno-attributes -std=c99 -fno-strict-aliasing -fPIC -O0 -fvisibility=hidden   -DPLT_SYSTEM_LINUX=1 -DPLT_USE_BUFFERED_STREAMS=1 -DPLT_SERVER_TRUNC_ONLY=1 -DNDEBUG -DOV_DEBUG  -DOV_SYSTEM_LINUX=1    -I../../../plt/include/ -I../../../ks/include/ -I../../include/ -I../../model/ -I../../source/codegen/ -I../../source/builder/ -I../../source/example/ -I../../source/kshist/ -I../../source/dynov/ -I../../source/tasklib/ -I../../source/dbparse/ -I../../source/dbdump/ -I../../include/libml/ -I../../include/runtimeserver/ -I. -c ../../source/libov/ov_childrelationship.c -o ov_childrelationship.o
gcc -m32 -g -Wall -Winit-self -Wno-attributes -std=c99 -fno-strict-aliasing -fPIC -O0 -fvisibility=hidden   -DPLT_SYSTEM_LINUX=1 -DPLT_USE_BUFFERED_STREAMS=1 -DPLT_SERVER_TRUNC_ONLY=1 -DNDEBUG -DOV_DEBUG  -DOV_SYSTEM_LINUX=1    -I../../../plt/include/ -I../../../ks/include/ -I../../include/ -I../../model/ -I../../source/codegen/ -I../../source/builder/ -I../../source/example/ -I../../source/kshist/ -I../../source/dynov/ -I../../source/tasklib/ -I../../source/dbparse/ -I../../source/dbdump/ -I../../include/libml/ -I../../include/runtimeserver/ -I. -c ../../source/libov/ov_class.c -o ov_class.o
../../source/libov/ov_class.c: In function ‘ov_class_search’:
../../source/libov/ov_class.c:76:2: warning: implicit declaration of function ‘strdup’ [-Wimplicit-function-declaration]
../../source/libov/ov_class.c:76:8: warning: assignment makes pointer from integer without a cast [enabled by default]
gcc -m32 -g -Wall -Winit-self -Wno-attributes -std=c99 -fno-strict-aliasing -fPIC -O0 -fvisibility=hidden   -DPLT_SYSTEM_LINUX=1 -DPLT_USE_BUFFERED_STREAMS=1 -DPLT_SERVER_TRUNC_ONLY=1 -DNDEBUG -DOV_DEBUG  -DOV_SYSTEM_LINUX=1    -I../../../plt/include/ -I../../../ks/include/ -I../../include/ -I../../model/ -I../../source/codegen/ -I../../source/builder/ -I../../source/example/ -I../../source/kshist/ -I../../source/dynov/ -I../../source/tasklib/ -I../../source/dbparse/ -I../../source/dbdump/ -I../../include/libml/ -I../../include/runtimeserver/ -I. -c ../../source/libov/ov_construction.c -o ov_construction.o
gcc -m32 -g -Wall -Winit-self -Wno-attributes -std=c99 -fno-strict-aliasing -fPIC -O0 -fvisibility=hidden   -DPLT_SYSTEM_LINUX=1 -DPLT_USE_BUFFERED_STREAMS=1 -DPLT_SERVER_TRUNC_ONLY=1 -DNDEBUG -DOV_DEBUG  -DOV_SYSTEM_LINUX=1    -I../../../plt/include/ -I../../../ks/include/ -I../../include/ -I../../model/ -I../../source/codegen/ -I../../source/builder/ -I../../source/example/ -I../../source/kshist/ -I../../source/dynov/ -I../../source/tasklib/ -I../../source/dbparse/ -I../../source/dbdump/ -I../../include/libml/ -I../../include/runtimeserver/ -I. -c ../../source/libov/ov_containment.c -o ov_containment.o
gcc -m32 -g -Wall -Winit-self -Wno-attributes -std=c99 -fno-strict-aliasing -fPIC -O0 -fvisibility=hidden   -DPLT_SYSTEM_LINUX=1 -DPLT_USE_BUFFERED_STREAMS=1 -DPLT_SERVER_TRUNC_ONLY=1 -DNDEBUG -DOV_DEBUG  -DOV_SYSTEM_LINUX=1    -I../../../plt/include/ -I../../../ks/include/ -I../../include/ -I../../model/ -I../../source/codegen/ -I../../source/builder/ -I../../source/example/ -I../../source/kshist/ -I../../source/dynov/ -I../../source/tasklib/ -I../../source/dbparse/ -I../../source/dbdump/ -I../../include/libml/ -I../../include/runtimeserver/ -I. -c ../../source/libov/ov_database.c -o ov_database.o
../../source/libov/ov_database.c: In function ‘ov_database_create’:
../../source/libov/ov_database.c:652:32: error: expected ‘)’ before numeric constant
make: *** [ov_database.o] Error 1
make: Leaving directory `/home/travis/build/acplt/rte/build/acplt.build/base/ov/build/linux'
