make: Entering directory `/home/travis/build/acplt/rte/build/acplt.build/base/ov/source/libml'
clang -m32 -Wall -O2 -DML_SYSTEM_UNIX -DDBG_TO_STDERR=0 -fPIC  -I. -c ml_malloc.c
clang -m32 -Wall -O2 -DML_SYSTEM_UNIX -DDBG_TO_STDERR=0 -fPIC  -I. -c ml_free.c
clang -m32 -Wall -O2 -DML_SYSTEM_UNIX -DDBG_TO_STDERR=0 -fPIC  -I. -c ml_realloc.c
ar crv libml.a ml_malloc.o ml_free.o ml_realloc.o
a - ml_malloc.o
a - ml_free.o
a - ml_realloc.o
ranlib libml.a
make: Leaving directory `/home/travis/build/acplt/rte/build/acplt.build/base/ov/source/libml'
make: Entering directory `/home/travis/build/acplt/rte/build/acplt.build/base/ov/build/linux'
bison -t -d -oov_ovmparser.c ../../source/codegen/ov_ovmparser.y
clang -m32 -g -Wall -Winit-self -Wno-attributes -std=c99 -fno-strict-aliasing -fPIC -O0 -fvisibility=hidden   -DPLT_SYSTEM_LINUX=1 -DPLT_USE_BUFFERED_STREAMS=1 -DPLT_SERVER_TRUNC_ONLY=1 -DNDEBUG -DOV_DEBUG  -DOV_SYSTEM_LINUX=1    -I../../../plt/include/ -I../../../ks/include/ -I../../include/ -I../../model/ -I../../source/codegen/ -I../../source/builder/ -I../../source/example/ -I../../source/kshist/ -I../../source/dynov/ -I../../source/tasklib/ -I../../source/dbparse/ -I../../source/dbdump/ -I../../include/libml/ -I../../include/runtimeserver/ -I. -c ov_ovmparser.c -o ov_ovmparser.o
flex -oov_ovmscanner.c ../../source/codegen/ov_ovmscanner.lex
clang -m32 -g -Wall -Winit-self -Wno-attributes -std=c99 -fno-strict-aliasing -fPIC -O0 -fvisibility=hidden   -DPLT_SYSTEM_LINUX=1 -DPLT_USE_BUFFERED_STREAMS=1 -DPLT_SERVER_TRUNC_ONLY=1 -DNDEBUG -DOV_DEBUG  -DOV_SYSTEM_LINUX=1    -I../../../plt/include/ -I../../../ks/include/ -I../../include/ -I../../model/ -I../../source/codegen/ -I../../source/builder/ -I../../source/example/ -I../../source/kshist/ -I../../source/dynov/ -I../../source/tasklib/ -I../../source/dbparse/ -I../../source/dbdump/ -I../../include/libml/ -I../../include/runtimeserver/ -I. -c ov_ovmscanner.c -o ov_ovmscanner.o
ov_ovmscanner.c:2391:48: warning: implicit declaration of function 'fileno' is invalid in C99 [-Wimplicit-function-declaration]
        b->yy_is_interactive = file ? (isatty( fileno(file) ) > 0) : 0;
                                               ^
ov_ovmscanner.c:2143:17: warning: unused function 'yyunput' [-Wunused-function]
    static void yyunput (int c, register char * yy_bp )
                ^
ov_ovmscanner.c:2184:16: warning: function 'input' is not needed and will not be emitted [-Wunneeded-internal-declaration]
    static int input  (void)
               ^
3 warnings generated.
clang -m32 -g -Wall -Winit-self -Wno-attributes -std=c99 -fno-strict-aliasing -fPIC -O0 -fvisibility=hidden   -DPLT_SYSTEM_LINUX=1 -DPLT_USE_BUFFERED_STREAMS=1 -DPLT_SERVER_TRUNC_ONLY=1 -DNDEBUG -DOV_DEBUG  -DOV_SYSTEM_LINUX=1    -I../../../plt/include/ -I../../../ks/include/ -I../../include/ -I../../model/ -I../../source/codegen/ -I../../source/builder/ -I../../source/example/ -I../../source/kshist/ -I../../source/dynov/ -I../../source/tasklib/ -I../../source/dbparse/ -I../../source/dbdump/ -I../../include/libml/ -I../../include/runtimeserver/ -I. -c ../../source/codegen/ov_codegen.c -o ov_codegen.o
clang -m32  -o ov_codegen ov_ovmparser.o ov_ovmscanner.o ov_codegen.o  -ldl
strip --strip-debug ov_codegen
./ov_codegen -I ../../model/ -f ../../model/ov.ovm -l ov
clang -m32 -g -Wall -Winit-self -Wno-attributes -std=c99 -fno-strict-aliasing -fPIC -O0 -fvisibility=hidden   -DPLT_SYSTEM_LINUX=1 -DPLT_USE_BUFFERED_STREAMS=1 -DPLT_SERVER_TRUNC_ONLY=1 -DNDEBUG -DOV_DEBUG  -DOV_SYSTEM_LINUX=1    -I../../../plt/include/ -I../../../ks/include/ -I../../include/ -I../../model/ -I../../source/codegen/ -I../../source/builder/ -I../../source/example/ -I../../source/kshist/ -I../../source/dynov/ -I../../source/tasklib/ -I../../source/dbparse/ -I../../source/dbdump/ -I../../include/libml/ -I../../include/runtimeserver/ -I. -c ov.c -o ov.o
clang -m32 -g -Wall -Winit-self -Wno-attributes -std=c99 -fno-strict-aliasing -fPIC -O0 -fvisibility=hidden   -DPLT_SYSTEM_LINUX=1 -DPLT_USE_BUFFERED_STREAMS=1 -DPLT_SERVER_TRUNC_ONLY=1 -DNDEBUG -DOV_DEBUG  -DOV_SYSTEM_LINUX=1    -I../../../plt/include/ -I../../../ks/include/ -I../../include/ -I../../model/ -I../../source/codegen/ -I../../source/builder/ -I../../source/example/ -I../../source/kshist/ -I../../source/dynov/ -I../../source/tasklib/ -I../../source/dbparse/ -I../../source/dbdump/ -I../../include/libml/ -I../../include/runtimeserver/ -I. -c ../../source/libov/ov_association.c -o ov_association.o
clang -m32 -g -Wall -Winit-self -Wno-attributes -std=c99 -fno-strict-aliasing -fPIC -O0 -fvisibility=hidden   -DPLT_SYSTEM_LINUX=1 -DPLT_USE_BUFFERED_STREAMS=1 -DPLT_SERVER_TRUNC_ONLY=1 -DNDEBUG -DOV_DEBUG  -DOV_SYSTEM_LINUX=1    -I../../../plt/include/ -I../../../ks/include/ -I../../include/ -I../../model/ -I../../source/codegen/ -I../../source/builder/ -I../../source/example/ -I../../source/kshist/ -I../../source/dynov/ -I../../source/tasklib/ -I../../source/dbparse/ -I../../source/dbdump/ -I../../include/libml/ -I../../include/runtimeserver/ -I. -c ../../source/libov/ov_childrelationship.c -o ov_childrelationship.o
clang -m32 -g -Wall -Winit-self -Wno-attributes -std=c99 -fno-strict-aliasing -fPIC -O0 -fvisibility=hidden   -DPLT_SYSTEM_LINUX=1 -DPLT_USE_BUFFERED_STREAMS=1 -DPLT_SERVER_TRUNC_ONLY=1 -DNDEBUG -DOV_DEBUG  -DOV_SYSTEM_LINUX=1    -I../../../plt/include/ -I../../../ks/include/ -I../../include/ -I../../model/ -I../../source/codegen/ -I../../source/builder/ -I../../source/example/ -I../../source/kshist/ -I../../source/dynov/ -I../../source/tasklib/ -I../../source/dbparse/ -I../../source/dbdump/ -I../../include/libml/ -I../../include/runtimeserver/ -I. -c ../../source/libov/ov_class.c -o ov_class.o
../../source/libov/ov_class.c:76:10: warning: implicit declaration of function 'strdup' is invalid in C99 [-Wimplicit-function-declaration]
        libid = Ov_HeapStrdup(identifier);
                ^
../../include/libov/ov_macros.h:599:28: note: expanded from macro 'Ov_HeapStrdup'
#define Ov_HeapStrdup(ptr)      strdup(ptr)
                                ^
../../source/libov/ov_class.c:76:8: warning: incompatible integer to pointer conversion assigning to 'OV_STRING' (aka 'char *') from 'int' [-Wint-conversion]
        libid = Ov_HeapStrdup(identifier);
              ^ ~~~~~~~~~~~~~~~~~~~~~~~~~
2 warnings generated.
clang -m32 -g -Wall -Winit-self -Wno-attributes -std=c99 -fno-strict-aliasing -fPIC -O0 -fvisibility=hidden   -DPLT_SYSTEM_LINUX=1 -DPLT_USE_BUFFERED_STREAMS=1 -DPLT_SERVER_TRUNC_ONLY=1 -DNDEBUG -DOV_DEBUG  -DOV_SYSTEM_LINUX=1    -I../../../plt/include/ -I../../../ks/include/ -I../../include/ -I../../model/ -I../../source/codegen/ -I../../source/builder/ -I../../source/example/ -I../../source/kshist/ -I../../source/dynov/ -I../../source/tasklib/ -I../../source/dbparse/ -I../../source/dbdump/ -I../../include/libml/ -I../../include/runtimeserver/ -I. -c ../../source/libov/ov_construction.c -o ov_construction.o
clang -m32 -g -Wall -Winit-self -Wno-attributes -std=c99 -fno-strict-aliasing -fPIC -O0 -fvisibility=hidden   -DPLT_SYSTEM_LINUX=1 -DPLT_USE_BUFFERED_STREAMS=1 -DPLT_SERVER_TRUNC_ONLY=1 -DNDEBUG -DOV_DEBUG  -DOV_SYSTEM_LINUX=1    -I../../../plt/include/ -I../../../ks/include/ -I../../include/ -I../../model/ -I../../source/codegen/ -I../../source/builder/ -I../../source/example/ -I../../source/kshist/ -I../../source/dynov/ -I../../source/tasklib/ -I../../source/dbparse/ -I../../source/dbdump/ -I../../include/libml/ -I../../include/runtimeserver/ -I. -c ../../source/libov/ov_containment.c -o ov_containment.o
clang -m32 -g -Wall -Winit-self -Wno-attributes -std=c99 -fno-strict-aliasing -fPIC -O0 -fvisibility=hidden   -DPLT_SYSTEM_LINUX=1 -DPLT_USE_BUFFERED_STREAMS=1 -DPLT_SERVER_TRUNC_ONLY=1 -DNDEBUG -DOV_DEBUG  -DOV_SYSTEM_LINUX=1    -I../../../plt/include/ -I../../../ks/include/ -I../../include/ -I../../model/ -I../../source/codegen/ -I../../source/builder/ -I../../source/example/ -I../../source/kshist/ -I../../source/dynov/ -I../../source/tasklib/ -I../../source/dbparse/ -I../../source/dbdump/ -I../../include/libml/ -I../../include/runtimeserver/ -I. -c ../../source/libov/ov_database.c -o ov_database.o
clang -m32 -g -Wall -Winit-self -Wno-attributes -std=c99 -fno-strict-aliasing -fPIC -O0 -fvisibility=hidden   -DPLT_SYSTEM_LINUX=1 -DPLT_USE_BUFFERED_STREAMS=1 -DPLT_SERVER_TRUNC_ONLY=1 -DNDEBUG -DOV_DEBUG  -DOV_SYSTEM_LINUX=1    -I../../../plt/include/ -I../../../ks/include/ -I../../include/ -I../../model/ -I../../source/codegen/ -I../../source/builder/ -I../../source/example/ -I../../source/kshist/ -I../../source/dynov/ -I../../source/tasklib/ -I../../source/dbparse/ -I../../source/dbdump/ -I../../include/libml/ -I../../include/runtimeserver/ -I. -c ../../source/libov/ov_debug.c -o ov_debug.o
clang -m32 -g -Wall -Winit-self -Wno-attributes -std=c99 -fno-strict-aliasing -fPIC -O0 -fvisibility=hidden   -DPLT_SYSTEM_LINUX=1 -DPLT_USE_BUFFERED_STREAMS=1 -DPLT_SERVER_TRUNC_ONLY=1 -DNDEBUG -DOV_DEBUG  -DOV_SYSTEM_LINUX=1    -I../../../plt/include/ -I../../../ks/include/ -I../../include/ -I../../model/ -I../../source/codegen/ -I../../source/builder/ -I../../source/example/ -I../../source/kshist/ -I../../source/dynov/ -I../../source/tasklib/ -I../../source/dbparse/ -I../../source/dbdump/ -I../../include/libml/ -I../../include/runtimeserver/ -I. -c ../../source/libov/ov_element.c -o ov_element.o
clang -m32 -g -Wall -Winit-self -Wno-attributes -std=c99 -fno-strict-aliasing -fPIC -O0 -fvisibility=hidden   -DPLT_SYSTEM_LINUX=1 -DPLT_USE_BUFFERED_STREAMS=1 -DPLT_SERVER_TRUNC_ONLY=1 -DNDEBUG -DOV_DEBUG  -DOV_SYSTEM_LINUX=1    -I../../../plt/include/ -I../../../ks/include/ -I../../include/ -I../../model/ -I../../source/codegen/ -I../../source/builder/ -I../../source/example/ -I../../source/kshist/ -I../../source/dynov/ -I../../source/tasklib/ -I../../source/dbparse/ -I../../source/dbdump/ -I../../include/libml/ -I../../include/runtimeserver/ -I. -c ../../source/libov/ov_embedment.c -o ov_embedment.o
clang -m32 -g -Wall -Winit-self -Wno-attributes -std=c99 -fno-strict-aliasing -fPIC -O0 -fvisibility=hidden   -DPLT_SYSTEM_LINUX=1 -DPLT_USE_BUFFERED_STREAMS=1 -DPLT_SERVER_TRUNC_ONLY=1 -DNDEBUG -DOV_DEBUG  -DOV_SYSTEM_LINUX=1    -I../../../plt/include/ -I../../../ks/include/ -I../../include/ -I../../model/ -I../../source/codegen/ -I../../source/builder/ -I../../source/example/ -I../../source/kshist/ -I../../source/dynov/ -I../../source/tasklib/ -I../../source/dbparse/ -I../../source/dbdump/ -I../../include/libml/ -I../../include/runtimeserver/ -I. -c ../../source/libov/ov_inheritance.c -o ov_inheritance.o
clang -m32 -g -Wall -Winit-self -Wno-attributes -std=c99 -fno-strict-aliasing -fPIC -O0 -fvisibility=hidden   -DPLT_SYSTEM_LINUX=1 -DPLT_USE_BUFFERED_STREAMS=1 -DPLT_SERVER_TRUNC_ONLY=1 -DNDEBUG -DOV_DEBUG  -DOV_SYSTEM_LINUX=1    -I../../../plt/include/ -I../../../ks/include/ -I../../include/ -I../../model/ -I../../source/codegen/ -I../../source/builder/ -I../../source/example/ -I../../source/kshist/ -I../../source/dynov/ -I../../source/tasklib/ -I../../source/dbparse/ -I../../source/dbdump/ -I../../include/libml/ -I../../include/runtimeserver/ -I. -c ../../source/libov/ov_instantiation.c -o ov_instantiation.o
clang -m32 -g -Wall -Winit-self -Wno-attributes -std=c99 -fno-strict-aliasing -fPIC -O0 -fvisibility=hidden   -DPLT_SYSTEM_LINUX=1 -DPLT_USE_BUFFERED_STREAMS=1 -DPLT_SERVER_TRUNC_ONLY=1 -DNDEBUG -DOV_DEBUG  -DOV_SYSTEM_LINUX=1    -I../../../plt/include/ -I../../../ks/include/ -I../../include/ -I../../model/ -I../../source/codegen/ -I../../source/builder/ -I../../source/example/ -I../../source/kshist/ -I../../source/dynov/ -I../../source/tasklib/ -I../../source/dbparse/ -I../../source/dbdump/ -I../../include/libml/ -I../../include/runtimeserver/ -I. -c ../../source/libov/ov_library.c -o ov_library.o
clang -m32 -g -Wall -Winit-self -Wno-attributes -std=c99 -fno-strict-aliasing -fPIC -O0 -fvisibility=hidden   -DPLT_SYSTEM_LINUX=1 -DPLT_USE_BUFFERED_STREAMS=1 -DPLT_SERVER_TRUNC_ONLY=1 -DNDEBUG -DOV_DEBUG  -DOV_SYSTEM_LINUX=1    -I../../../plt/include/ -I../../../ks/include/ -I../../include/ -I../../model/ -I../../source/codegen/ -I../../source/builder/ -I../../source/example/ -I../../source/kshist/ -I../../source/dynov/ -I../../source/tasklib/ -I../../source/dbparse/ -I../../source/dbdump/ -I../../include/libml/ -I../../include/runtimeserver/ -I. -c ../../source/libov/ov_logfile.c -o ov_logfile.o
clang -m32 -g -Wall -Winit-self -Wno-attributes -std=c99 -fno-strict-aliasing -fPIC -O0 -fvisibility=hidden   -DPLT_SYSTEM_LINUX=1 -DPLT_USE_BUFFERED_STREAMS=1 -DPLT_SERVER_TRUNC_ONLY=1 -DNDEBUG -DOV_DEBUG  -DOV_SYSTEM_LINUX=1    -I../../../plt/include/ -I../../../ks/include/ -I../../include/ -I../../model/ -I../../source/codegen/ -I../../source/builder/ -I../../source/example/ -I../../source/kshist/ -I../../source/dynov/ -I../../source/tasklib/ -I../../source/dbparse/ -I../../source/dbdump/ -I../../include/libml/ -I../../include/runtimeserver/ -I. -c ../../source/libov/ov_malloc.c -o ov_malloc.o
clang -m32 -g -Wall -Winit-self -Wno-attributes -std=c99 -fno-strict-aliasing -fPIC -O0 -fvisibility=hidden   -DPLT_SYSTEM_LINUX=1 -DPLT_USE_BUFFERED_STREAMS=1 -DPLT_SERVER_TRUNC_ONLY=1 -DNDEBUG -DOV_DEBUG  -DOV_SYSTEM_LINUX=1    -I../../../plt/include/ -I../../../ks/include/ -I../../include/ -I../../model/ -I../../source/codegen/ -I../../source/builder/ -I../../source/example/ -I../../source/kshist/ -I../../source/dynov/ -I../../source/tasklib/ -I../../source/dbparse/ -I../../source/dbdump/ -I../../include/libml/ -I../../include/runtimeserver/ -I. -c ../../source/libov/ov_memstack.c -o ov_memstack.o
clang -m32 -g -Wall -Winit-self -Wno-attributes -std=c99 -fno-strict-aliasing -fPIC -O0 -fvisibility=hidden   -DPLT_SYSTEM_LINUX=1 -DPLT_USE_BUFFERED_STREAMS=1 -DPLT_SERVER_TRUNC_ONLY=1 -DNDEBUG -DOV_DEBUG  -DOV_SYSTEM_LINUX=1    -I../../../plt/include/ -I../../../ks/include/ -I../../include/ -I../../model/ -I../../source/codegen/ -I../../source/builder/ -I../../source/example/ -I../../source/kshist/ -I../../source/dynov/ -I../../source/tasklib/ -I../../source/dbparse/ -I../../source/dbdump/ -I../../include/libml/ -I../../include/runtimeserver/ -I. -c ../../source/libov/ov_object.c -o ov_object.o
clang -m32 -g -Wall -Winit-self -Wno-attributes -std=c99 -fno-strict-aliasing -fPIC -O0 -fvisibility=hidden   -DPLT_SYSTEM_LINUX=1 -DPLT_USE_BUFFERED_STREAMS=1 -DPLT_SERVER_TRUNC_ONLY=1 -DNDEBUG -DOV_DEBUG  -DOV_SYSTEM_LINUX=1    -I../../../plt/include/ -I../../../ks/include/ -I../../include/ -I../../model/ -I../../source/codegen/ -I../../source/builder/ -I../../source/example/ -I../../source/kshist/ -I../../source/dynov/ -I../../source/tasklib/ -I../../source/dbparse/ -I../../source/dbdump/ -I../../include/libml/ -I../../include/runtimeserver/ -I. -c ../../source/libov/ov_operation.c -o ov_operation.o
clang -m32 -g -Wall -Winit-self -Wno-attributes -std=c99 -fno-strict-aliasing -fPIC -O0 -fvisibility=hidden   -DPLT_SYSTEM_LINUX=1 -DPLT_USE_BUFFERED_STREAMS=1 -DPLT_SERVER_TRUNC_ONLY=1 -DNDEBUG -DOV_DEBUG  -DOV_SYSTEM_LINUX=1    -I../../../plt/include/ -I../../../ks/include/ -I../../include/ -I../../model/ -I../../source/codegen/ -I../../source/builder/ -I../../source/example/ -I../../source/kshist/ -I../../source/dynov/ -I../../source/tasklib/ -I../../source/dbparse/ -I../../source/dbdump/ -I../../include/libml/ -I../../include/runtimeserver/ -I. -c ../../source/libov/ov_parentrelationship.c -o ov_parentrelationship.o
clang -m32 -g -Wall -Winit-self -Wno-attributes -std=c99 -fno-strict-aliasing -fPIC -O0 -fvisibility=hidden   -DPLT_SYSTEM_LINUX=1 -DPLT_USE_BUFFERED_STREAMS=1 -DPLT_SERVER_TRUNC_ONLY=1 -DNDEBUG -DOV_DEBUG  -DOV_SYSTEM_LINUX=1    -I../../../plt/include/ -I../../../ks/include/ -I../../include/ -I../../model/ -I../../source/codegen/ -I../../source/builder/ -I../../source/example/ -I../../source/kshist/ -I../../source/dynov/ -I../../source/tasklib/ -I../../source/dbparse/ -I../../source/dbdump/ -I../../include/libml/ -I../../include/runtimeserver/ -I. -c ../../source/libov/ov_part.c -o ov_part.o
clang -m32 -g -Wall -Winit-self -Wno-attributes -std=c99 -fno-strict-aliasing -fPIC -O0 -fvisibility=hidden   -DPLT_SYSTEM_LINUX=1 -DPLT_USE_BUFFERED_STREAMS=1 -DPLT_SERVER_TRUNC_ONLY=1 -DNDEBUG -DOV_DEBUG  -DOV_SYSTEM_LINUX=1    -I../../../plt/include/ -I../../../ks/include/ -I../../include/ -I../../model/ -I../../source/codegen/ -I../../source/builder/ -I../../source/example/ -I../../source/kshist/ -I../../source/dynov/ -I../../source/tasklib/ -I../../source/dbparse/ -I../../source/dbdump/ -I../../include/libml/ -I../../include/runtimeserver/ -I. -c ../../source/libov/ov_path.c -o ov_path.o
clang -m32 -g -Wall -Winit-self -Wno-attributes -std=c99 -fno-strict-aliasing -fPIC -O0 -fvisibility=hidden   -DPLT_SYSTEM_LINUX=1 -DPLT_USE_BUFFERED_STREAMS=1 -DPLT_SERVER_TRUNC_ONLY=1 -DNDEBUG -DOV_DEBUG  -DOV_SYSTEM_LINUX=1    -I../../../plt/include/ -I../../../ks/include/ -I../../include/ -I../../model/ -I../../source/codegen/ -I../../source/builder/ -I../../source/example/ -I../../source/kshist/ -I../../source/dynov/ -I../../source/tasklib/ -I../../source/dbparse/ -I../../source/dbdump/ -I../../include/libml/ -I../../include/runtimeserver/ -I. -c ../../source/libov/ov_result.c -o ov_result.o
clang -m32 -g -Wall -Winit-self -Wno-attributes -std=c99 -fno-strict-aliasing -fPIC -O0 -fvisibility=hidden   -DPLT_SYSTEM_LINUX=1 -DPLT_USE_BUFFERED_STREAMS=1 -DPLT_SERVER_TRUNC_ONLY=1 -DNDEBUG -DOV_DEBUG  -DOV_SYSTEM_LINUX=1    -I../../../plt/include/ -I../../../ks/include/ -I../../include/ -I../../model/ -I../../source/codegen/ -I../../source/builder/ -I../../source/example/ -I../../source/kshist/ -I../../source/dynov/ -I../../source/tasklib/ -I../../source/dbparse/ -I../../source/dbdump/ -I../../include/libml/ -I../../include/runtimeserver/ -I. -c ../../source/libov/ov_scheduler.c -o ov_scheduler.o
clang -m32 -g -Wall -Winit-self -Wno-attributes -std=c99 -fno-strict-aliasing -fPIC -O0 -fvisibility=hidden   -DPLT_SYSTEM_LINUX=1 -DPLT_USE_BUFFERED_STREAMS=1 -DPLT_SERVER_TRUNC_ONLY=1 -DNDEBUG -DOV_DEBUG  -DOV_SYSTEM_LINUX=1    -I../../../plt/include/ -I../../../ks/include/ -I../../include/ -I../../model/ -I../../source/codegen/ -I../../source/builder/ -I../../source/example/ -I../../source/kshist/ -I../../source/dynov/ -I../../source/tasklib/ -I../../source/dbparse/ -I../../source/dbdump/ -I../../include/libml/ -I../../include/runtimeserver/ -I. -c ../../source/libov/ov_string.c -o ov_string.o
clang -m32 -g -Wall -Winit-self -Wno-attributes -std=c99 -fno-strict-aliasing -fPIC -O0 -fvisibility=hidden   -DPLT_SYSTEM_LINUX=1 -DPLT_USE_BUFFERED_STREAMS=1 -DPLT_SERVER_TRUNC_ONLY=1 -DNDEBUG -DOV_DEBUG  -DOV_SYSTEM_LINUX=1    -I../../../plt/include/ -I../../../ks/include/ -I../../include/ -I../../model/ -I../../source/codegen/ -I../../source/builder/ -I../../source/example/ -I../../source/kshist/ -I../../source/dynov/ -I../../source/tasklib/ -I../../source/dbparse/ -I../../source/dbdump/ -I../../include/libml/ -I../../include/runtimeserver/ -I. -c ../../source/libov/ov_structure.c -o ov_structure.o
../../source/libov/ov_structure.c:62:10: warning: implicit declaration of function 'strdup' is invalid in C99 [-Wimplicit-function-declaration]
        libid = Ov_HeapStrdup(identifier);
                ^
../../include/libov/ov_macros.h:599:28: note: expanded from macro 'Ov_HeapStrdup'
#define Ov_HeapStrdup(ptr)      strdup(ptr)
                                ^
../../source/libov/ov_structure.c:62:8: warning: incompatible integer to pointer conversion assigning to 'OV_STRING' (aka 'char *') from 'int' [-Wint-conversion]
        libid = Ov_HeapStrdup(identifier);
              ^ ~~~~~~~~~~~~~~~~~~~~~~~~~
2 warnings generated.
clang -m32 -g -Wall -Winit-self -Wno-attributes -std=c99 -fno-strict-aliasing -fPIC -O0 -fvisibility=hidden   -DPLT_SYSTEM_LINUX=1 -DPLT_USE_BUFFERED_STREAMS=1 -DPLT_SERVER_TRUNC_ONLY=1 -DNDEBUG -DOV_DEBUG  -DOV_SYSTEM_LINUX=1    -I../../../plt/include/ -I../../../ks/include/ -I../../include/ -I../../model/ -I../../source/codegen/ -I../../source/builder/ -I../../source/example/ -I../../source/kshist/ -I../../source/dynov/ -I../../source/tasklib/ -I../../source/dbparse/ -I../../source/dbdump/ -I../../include/libml/ -I../../include/runtimeserver/ -I. -c ../../source/libov/ov_supervise.c -o ov_supervise.o
clang -m32 -g -Wall -Winit-self -Wno-attributes -std=c99 -fno-strict-aliasing -fPIC -O0 -fvisibility=hidden   -DPLT_SYSTEM_LINUX=1 -DPLT_USE_BUFFERED_STREAMS=1 -DPLT_SERVER_TRUNC_ONLY=1 -DNDEBUG -DOV_DEBUG  -DOV_SYSTEM_LINUX=1    -I../../../plt/include/ -I../../../ks/include/ -I../../include/ -I../../model/ -I../../source/codegen/ -I../../source/builder/ -I../../source/example/ -I../../source/kshist/ -I../../source/dynov/ -I../../source/tasklib/ -I../../source/dbparse/ -I../../source/dbdump/ -I../../include/libml/ -I../../include/runtimeserver/ -I. -c ../../source/libov/ov_time.c -o ov_time.o
../../source/libov/ov_time.c:103:17: error: variable has incomplete type 'struct timeval'
        struct timeval t;
                       ^
../../source/libov/ov_time.c:103:9: note: forward declaration of 'struct timeval'
        struct timeval t;
               ^
../../source/libov/ov_time.c:104:2: warning: implicit declaration of function 'gettimeofday' is invalid in C99 [-Wimplicit-function-declaration]
        gettimeofday(&t, NULL);
        ^
../../source/libov/ov_time.c:386:12: warning: implicit declaration of function 'timegm' is invalid in C99 [-Wimplicit-function-declaration]
                                secs = timegm(&tm);
                                       ^
2 warnings and 1 error generated.
make: *** [ov_time.o] Error 1
make: Leaving directory `/home/travis/build/acplt/rte/build/acplt.build/base/ov/build/linux'
